CRITICAL - 2023-10-06 06:54:40 --> Illegal string offset 'tipe'
in APPPATH\Views\layout\footer.php on line 18.
 1 APPPATH\Views\layout\footer.php(18): CodeIgniter\Debug\Exceptions->errorHandler(2, 'Illegal string offset \'tipe\'', 'C:\\xampp\\htdocs\\PBL S3\\app\\Views\\layout\\footer.php', 18, [...])
 2 SYSTEMPATH\View\View.php(226): include('C:\\xampp\\htdocs\\PBL S3\\app\\Views\\layout\\footer.php')
 3 SYSTEMPATH\View\View.php(229): CodeIgniter\View\View->CodeIgniter\View\{closure}()
 4 SYSTEMPATH\Common.php(1188): CodeIgniter\View\View->render('layout/footer', [], true)
 5 APPPATH\Controllers\Pages.php(25): view('layout/footer', [...])
 6 SYSTEMPATH\CodeIgniter.php(919): App\Controllers\Pages->index()
 7 SYSTEMPATH\CodeIgniter.php(494): CodeIgniter\CodeIgniter->runController(Object(App\Controllers\Pages))
 8 SYSTEMPATH\CodeIgniter.php(353): CodeIgniter\CodeIgniter->handleRequest(null, Object(Config\Cache), false)
 9 FCPATH\index.php(79): CodeIgniter\CodeIgniter->run()
10 SYSTEMPATH\Commands\Server\rewrite.php(47): require_once('C:\\xampp\\htdocs\\PBL S3\\public\\index.php')
CRITICAL - 2023-10-06 06:56:23 --> Illegal string offset 'tipe'
in APPPATH\Views\layout\footer.php on line 18.
 1 APPPATH\Views\layout\footer.php(18): CodeIgniter\Debug\Exceptions->errorHandler(2, 'Illegal string offset \'tipe\'', 'C:\\xampp\\htdocs\\PBL S3\\app\\Views\\layout\\footer.php', 18, [...])
 2 SYSTEMPATH\View\View.php(226): include('C:\\xampp\\htdocs\\PBL S3\\app\\Views\\layout\\footer.php')
 3 SYSTEMPATH\View\View.php(229): CodeIgniter\View\View->CodeIgniter\View\{closure}()
 4 SYSTEMPATH\Common.php(1188): CodeIgniter\View\View->render('layout/footer', [], true)
 5 APPPATH\Controllers\Pages.php(25): view('layout/footer', [...])
 6 SYSTEMPATH\CodeIgniter.php(919): App\Controllers\Pages->index()
 7 SYSTEMPATH\CodeIgniter.php(494): CodeIgniter\CodeIgniter->runController(Object(App\Controllers\Pages))
 8 SYSTEMPATH\CodeIgniter.php(353): CodeIgniter\CodeIgniter->handleRequest(null, Object(Config\Cache), false)
 9 FCPATH\index.php(79): CodeIgniter\CodeIgniter->run()
10 SYSTEMPATH\Commands\Server\rewrite.php(47): require_once('C:\\xampp\\htdocs\\PBL S3\\public\\index.php')
CRITICAL - 2023-10-06 06:58:34 --> Illegal string offset 'tipe'
in APPPATH\Views\layout\footer.php on line 18.
 1 APPPATH\Views\layout\footer.php(18): CodeIgniter\Debug\Exceptions->errorHandler(2, 'Illegal string offset \'tipe\'', 'C:\\xampp\\htdocs\\PBL S3\\app\\Views\\layout\\footer.php', 18, [...])
 2 SYSTEMPATH\View\View.php(226): include('C:\\xampp\\htdocs\\PBL S3\\app\\Views\\layout\\footer.php')
 3 SYSTEMPATH\View\View.php(229): CodeIgniter\View\View->CodeIgniter\View\{closure}()
 4 SYSTEMPATH\Common.php(1188): CodeIgniter\View\View->render('layout/footer', [], true)
 5 APPPATH\Controllers\Pages.php(25): view('layout/footer')
 6 SYSTEMPATH\CodeIgniter.php(919): App\Controllers\Pages->index()
 7 SYSTEMPATH\CodeIgniter.php(494): CodeIgniter\CodeIgniter->runController(Object(App\Controllers\Pages))
 8 SYSTEMPATH\CodeIgniter.php(353): CodeIgniter\CodeIgniter->handleRequest(null, Object(Config\Cache), false)
 9 FCPATH\index.php(79): CodeIgniter\CodeIgniter->run()
10 SYSTEMPATH\Commands\Server\rewrite.php(47): require_once('C:\\xampp\\htdocs\\PBL S3\\public\\index.php')
CRITICAL - 2023-10-06 07:04:13 --> Undefined variable: alamat
in APPPATH\Views\layout\footer.php on line 16.
 1 APPPATH\Views\layout\footer.php(16): CodeIgniter\Debug\Exceptions->errorHandler(8, 'Undefined variable: alamat', 'C:\\xampp\\htdocs\\PBL S3\\app\\Views\\layout\\footer.php', 16, [...])
 2 SYSTEMPATH\View\View.php(226): include('C:\\xampp\\htdocs\\PBL S3\\app\\Views\\layout\\footer.php')
 3 SYSTEMPATH\View\View.php(229): CodeIgniter\View\View->CodeIgniter\View\{closure}()
 4 SYSTEMPATH\Common.php(1188): CodeIgniter\View\View->render('layout/footer', [], true)
 5 APPPATH\Controllers\Pages.php(25): view('layout/footer')
 6 SYSTEMPATH\CodeIgniter.php(919): App\Controllers\Pages->index()
 7 SYSTEMPATH\CodeIgniter.php(494): CodeIgniter\CodeIgniter->runController(Object(App\Controllers\Pages))
 8 SYSTEMPATH\CodeIgniter.php(353): CodeIgniter\CodeIgniter->handleRequest(null, Object(Config\Cache), false)
 9 FCPATH\index.php(79): CodeIgniter\CodeIgniter->run()
10 SYSTEMPATH\Commands\Server\rewrite.php(47): require_once('C:\\xampp\\htdocs\\PBL S3\\public\\index.php')
CRITICAL - 2023-10-06 07:04:26 --> Undefined variable: alamat
in APPPATH\Views\layout\footer.php on line 19.
 1 APPPATH\Views\layout\footer.php(19): CodeIgniter\Debug\Exceptions->errorHandler(8, 'Undefined variable: alamat', 'C:\\xampp\\htdocs\\PBL S3\\app\\Views\\layout\\footer.php', 19, [...])
 2 SYSTEMPATH\View\View.php(226): include('C:\\xampp\\htdocs\\PBL S3\\app\\Views\\layout\\footer.php')
 3 SYSTEMPATH\View\View.php(229): CodeIgniter\View\View->CodeIgniter\View\{closure}()
 4 SYSTEMPATH\Common.php(1188): CodeIgniter\View\View->render('layout/footer', [], true)
 5 APPPATH\Controllers\Pages.php(25): view('layout/footer')
 6 SYSTEMPATH\CodeIgniter.php(919): App\Controllers\Pages->index()
 7 SYSTEMPATH\CodeIgniter.php(494): CodeIgniter\CodeIgniter->runController(Object(App\Controllers\Pages))
 8 SYSTEMPATH\CodeIgniter.php(353): CodeIgniter\CodeIgniter->handleRequest(null, Object(Config\Cache), false)
 9 FCPATH\index.php(79): CodeIgniter\CodeIgniter->run()
10 SYSTEMPATH\Commands\Server\rewrite.php(47): require_once('C:\\xampp\\htdocs\\PBL S3\\public\\index.php')
CRITICAL - 2023-10-06 07:04:47 --> Undefined variable: tipe
in APPPATH\Views\layout\footer.php on line 19.
 1 APPPATH\Views\layout\footer.php(19): CodeIgniter\Debug\Exceptions->errorHandler(8, 'Undefined variable: tipe', 'C:\\xampp\\htdocs\\PBL S3\\app\\Views\\layout\\footer.php', 19, [...])
 2 SYSTEMPATH\View\View.php(226): include('C:\\xampp\\htdocs\\PBL S3\\app\\Views\\layout\\footer.php')
 3 SYSTEMPATH\View\View.php(229): CodeIgniter\View\View->CodeIgniter\View\{closure}()
 4 SYSTEMPATH\Common.php(1188): CodeIgniter\View\View->render('layout/footer', [], true)
 5 APPPATH\Controllers\Pages.php(25): view('layout/footer')
 6 SYSTEMPATH\CodeIgniter.php(919): App\Controllers\Pages->index()
 7 SYSTEMPATH\CodeIgniter.php(494): CodeIgniter\CodeIgniter->runController(Object(App\Controllers\Pages))
 8 SYSTEMPATH\CodeIgniter.php(353): CodeIgniter\CodeIgniter->handleRequest(null, Object(Config\Cache), false)
 9 FCPATH\index.php(79): CodeIgniter\CodeIgniter->run()
10 SYSTEMPATH\Commands\Server\rewrite.php(47): require_once('C:\\xampp\\htdocs\\PBL S3\\public\\index.php')
CRITICAL - 2023-10-06 07:05:19 --> Undefined variable: alamte
in APPPATH\Views\layout\footer.php on line 19.
 1 APPPATH\Views\layout\footer.php(19): CodeIgniter\Debug\Exceptions->errorHandler(8, 'Undefined variable: alamte', 'C:\\xampp\\htdocs\\PBL S3\\app\\Views\\layout\\footer.php', 19, [...])
 2 SYSTEMPATH\View\View.php(226): include('C:\\xampp\\htdocs\\PBL S3\\app\\Views\\layout\\footer.php')
 3 SYSTEMPATH\View\View.php(229): CodeIgniter\View\View->CodeIgniter\View\{closure}()
 4 SYSTEMPATH\Common.php(1188): CodeIgniter\View\View->render('layout/footer', [], true)
 5 APPPATH\Controllers\Pages.php(25): view('layout/footer')
 6 SYSTEMPATH\CodeIgniter.php(919): App\Controllers\Pages->index()
 7 SYSTEMPATH\CodeIgniter.php(494): CodeIgniter\CodeIgniter->runController(Object(App\Controllers\Pages))
 8 SYSTEMPATH\CodeIgniter.php(353): CodeIgniter\CodeIgniter->handleRequest(null, Object(Config\Cache), false)
 9 FCPATH\index.php(79): CodeIgniter\CodeIgniter->run()
10 SYSTEMPATH\Commands\Server\rewrite.php(47): require_once('C:\\xampp\\htdocs\\PBL S3\\public\\index.php')
CRITICAL - 2023-10-06 07:07:19 --> count(): Parameter must be an array or an object that implements Countable
in APPPATH\Views\layout\footer.php on line 18.
 1 APPPATH\Views\layout\footer.php(18): CodeIgniter\Debug\Exceptions->errorHandler(2, 'count(): Parameter must be an array or an object that implements Countable', 'C:\\xampp\\htdocs\\PBL S3\\app\\Views\\layout\\footer.php', 18, [...])
 2 SYSTEMPATH\View\View.php(226): include('C:\\xampp\\htdocs\\PBL S3\\app\\Views\\layout\\footer.php')
 3 SYSTEMPATH\View\View.php(229): CodeIgniter\View\View->CodeIgniter\View\{closure}()
 4 SYSTEMPATH\Common.php(1188): CodeIgniter\View\View->render('layout/footer', [], true)
 5 APPPATH\Controllers\Pages.php(25): view('layout/footer')
 6 SYSTEMPATH\CodeIgniter.php(919): App\Controllers\Pages->index()
 7 SYSTEMPATH\CodeIgniter.php(494): CodeIgniter\CodeIgniter->runController(Object(App\Controllers\Pages))
 8 SYSTEMPATH\CodeIgniter.php(353): CodeIgniter\CodeIgniter->handleRequest(null, Object(Config\Cache), false)
 9 FCPATH\index.php(79): CodeIgniter\CodeIgniter->run()
10 SYSTEMPATH\Commands\Server\rewrite.php(47): require_once('C:\\xampp\\htdocs\\PBL S3\\public\\index.php')
CRITICAL - 2023-10-06 07:08:01 --> Undefined variable: tipe
in APPPATH\Views\layout\footer.php on line 19.
 1 APPPATH\Views\layout\footer.php(19): CodeIgniter\Debug\Exceptions->errorHandler(8, 'Undefined variable: tipe', 'C:\\xampp\\htdocs\\PBL S3\\app\\Views\\layout\\footer.php', 19, [...])
 2 SYSTEMPATH\View\View.php(226): include('C:\\xampp\\htdocs\\PBL S3\\app\\Views\\layout\\footer.php')
 3 SYSTEMPATH\View\View.php(229): CodeIgniter\View\View->CodeIgniter\View\{closure}()
 4 SYSTEMPATH\Common.php(1188): CodeIgniter\View\View->render('layout/footer', [], true)
 5 APPPATH\Controllers\Pages.php(25): view('layout/footer')
 6 SYSTEMPATH\CodeIgniter.php(919): App\Controllers\Pages->index()
 7 SYSTEMPATH\CodeIgniter.php(494): CodeIgniter\CodeIgniter->runController(Object(App\Controllers\Pages))
 8 SYSTEMPATH\CodeIgniter.php(353): CodeIgniter\CodeIgniter->handleRequest(null, Object(Config\Cache), false)
 9 FCPATH\index.php(79): CodeIgniter\CodeIgniter->run()
10 SYSTEMPATH\Commands\Server\rewrite.php(47): require_once('C:\\xampp\\htdocs\\PBL S3\\public\\index.php')
CRITICAL - 2023-10-06 07:09:23 --> Undefined offset: 1
in APPPATH\Views\layout\footer.php on line 19.
 1 APPPATH\Views\layout\footer.php(19): CodeIgniter\Debug\Exceptions->errorHandler(8, 'Undefined offset: 1', 'C:\\xampp\\htdocs\\PBL S3\\app\\Views\\layout\\footer.php', 19, [...])
 2 SYSTEMPATH\View\View.php(226): include('C:\\xampp\\htdocs\\PBL S3\\app\\Views\\layout\\footer.php')
 3 SYSTEMPATH\View\View.php(229): CodeIgniter\View\View->CodeIgniter\View\{closure}()
 4 SYSTEMPATH\Common.php(1188): CodeIgniter\View\View->render('layout/footer', [], true)
 5 APPPATH\Controllers\Pages.php(25): view('layout/footer')
 6 SYSTEMPATH\CodeIgniter.php(919): App\Controllers\Pages->index()
 7 SYSTEMPATH\CodeIgniter.php(494): CodeIgniter\CodeIgniter->runController(Object(App\Controllers\Pages))
 8 SYSTEMPATH\CodeIgniter.php(353): CodeIgniter\CodeIgniter->handleRequest(null, Object(Config\Cache), false)
 9 FCPATH\index.php(79): CodeIgniter\CodeIgniter->run()
10 SYSTEMPATH\Commands\Server\rewrite.php(47): require_once('C:\\xampp\\htdocs\\PBL S3\\public\\index.php')
CRITICAL - 2023-10-06 07:11:23 --> Undefined variable: alamat
in APPPATH\Views\layout\footer.php on line 17.
 1 APPPATH\Views\layout\footer.php(17): CodeIgniter\Debug\Exceptions->errorHandler(8, 'Undefined variable: alamat', 'C:\\xampp\\htdocs\\PBL S3\\app\\Views\\layout\\footer.php', 17, [...])
 2 SYSTEMPATH\View\View.php(226): include('C:\\xampp\\htdocs\\PBL S3\\app\\Views\\layout\\footer.php')
 3 SYSTEMPATH\View\View.php(229): CodeIgniter\View\View->CodeIgniter\View\{closure}()
 4 SYSTEMPATH\Common.php(1188): CodeIgniter\View\View->render('layout/footer', [], true)
 5 APPPATH\Controllers\Pages.php(25): view('layout/footer')
 6 SYSTEMPATH\CodeIgniter.php(919): App\Controllers\Pages->index()
 7 SYSTEMPATH\CodeIgniter.php(494): CodeIgniter\CodeIgniter->runController(Object(App\Controllers\Pages))
 8 SYSTEMPATH\CodeIgniter.php(353): CodeIgniter\CodeIgniter->handleRequest(null, Object(Config\Cache), false)
 9 FCPATH\index.php(79): CodeIgniter\CodeIgniter->run()
10 SYSTEMPATH\Commands\Server\rewrite.php(47): require_once('C:\\xampp\\htdocs\\PBL S3\\public\\index.php')
CRITICAL - 2023-10-06 07:12:07 --> Undefined variable: alamat
in APPPATH\Views\layout\footer.php on line 17.
 1 APPPATH\Views\layout\footer.php(17): CodeIgniter\Debug\Exceptions->errorHandler(8, 'Undefined variable: alamat', 'C:\\xampp\\htdocs\\PBL S3\\app\\Views\\layout\\footer.php', 17, [...])
 2 SYSTEMPATH\View\View.php(226): include('C:\\xampp\\htdocs\\PBL S3\\app\\Views\\layout\\footer.php')
 3 SYSTEMPATH\View\View.php(229): CodeIgniter\View\View->CodeIgniter\View\{closure}()
 4 SYSTEMPATH\Common.php(1188): CodeIgniter\View\View->render('layout/footer', [], true)
 5 APPPATH\Controllers\Pages.php(25): view('layout/footer')
 6 SYSTEMPATH\CodeIgniter.php(919): App\Controllers\Pages->index()
 7 SYSTEMPATH\CodeIgniter.php(494): CodeIgniter\CodeIgniter->runController(Object(App\Controllers\Pages))
 8 SYSTEMPATH\CodeIgniter.php(353): CodeIgniter\CodeIgniter->handleRequest(null, Object(Config\Cache), false)
 9 FCPATH\index.php(79): CodeIgniter\CodeIgniter->run()
10 SYSTEMPATH\Commands\Server\rewrite.php(47): require_once('C:\\xampp\\htdocs\\PBL S3\\public\\index.php')
CRITICAL - 2023-10-06 07:12:47 --> Illegal string offset 'tipe'
in APPPATH\Views\layout\footer.php on line 19.
 1 APPPATH\Views\layout\footer.php(19): CodeIgniter\Debug\Exceptions->errorHandler(2, 'Illegal string offset \'tipe\'', 'C:\\xampp\\htdocs\\PBL S3\\app\\Views\\layout\\footer.php', 19, [...])
 2 SYSTEMPATH\View\View.php(226): include('C:\\xampp\\htdocs\\PBL S3\\app\\Views\\layout\\footer.php')
 3 SYSTEMPATH\View\View.php(229): CodeIgniter\View\View->CodeIgniter\View\{closure}()
 4 SYSTEMPATH\Common.php(1188): CodeIgniter\View\View->render('layout/footer', [], true)
 5 APPPATH\Controllers\Pages.php(25): view('layout/footer')
 6 SYSTEMPATH\CodeIgniter.php(919): App\Controllers\Pages->index()
 7 SYSTEMPATH\CodeIgniter.php(494): CodeIgniter\CodeIgniter->runController(Object(App\Controllers\Pages))
 8 SYSTEMPATH\CodeIgniter.php(353): CodeIgniter\CodeIgniter->handleRequest(null, Object(Config\Cache), false)
 9 FCPATH\index.php(79): CodeIgniter\CodeIgniter->run()
10 SYSTEMPATH\Commands\Server\rewrite.php(47): require_once('C:\\xampp\\htdocs\\PBL S3\\public\\index.php')
CRITICAL - 2023-10-06 07:13:50 --> Undefined variable: alamat
in APPPATH\Views\layout\footer.php on line 16.
 1 APPPATH\Views\layout\footer.php(16): CodeIgniter\Debug\Exceptions->errorHandler(8, 'Undefined variable: alamat', 'C:\\xampp\\htdocs\\PBL S3\\app\\Views\\layout\\footer.php', 16, [...])
 2 SYSTEMPATH\View\View.php(226): include('C:\\xampp\\htdocs\\PBL S3\\app\\Views\\layout\\footer.php')
 3 SYSTEMPATH\View\View.php(229): CodeIgniter\View\View->CodeIgniter\View\{closure}()
 4 SYSTEMPATH\Common.php(1188): CodeIgniter\View\View->render('layout/footer', [], true)
 5 APPPATH\Controllers\Pages.php(25): view('layout/footer')
 6 SYSTEMPATH\CodeIgniter.php(919): App\Controllers\Pages->index()
 7 SYSTEMPATH\CodeIgniter.php(494): CodeIgniter\CodeIgniter->runController(Object(App\Controllers\Pages))
 8 SYSTEMPATH\CodeIgniter.php(353): CodeIgniter\CodeIgniter->handleRequest(null, Object(Config\Cache), false)
 9 FCPATH\index.php(79): CodeIgniter\CodeIgniter->run()
10 SYSTEMPATH\Commands\Server\rewrite.php(47): require_once('C:\\xampp\\htdocs\\PBL S3\\public\\index.php')
CRITICAL - 2023-10-06 07:15:06 --> Undefined variable: data
in APPPATH\Views\layout\footer.php on line 16.
 1 APPPATH\Views\layout\footer.php(16): CodeIgniter\Debug\Exceptions->errorHandler(8, 'Undefined variable: data', 'C:\\xampp\\htdocs\\PBL S3\\app\\Views\\layout\\footer.php', 16, [...])
 2 SYSTEMPATH\View\View.php(226): include('C:\\xampp\\htdocs\\PBL S3\\app\\Views\\layout\\footer.php')
 3 SYSTEMPATH\View\View.php(229): CodeIgniter\View\View->CodeIgniter\View\{closure}()
 4 SYSTEMPATH\Common.php(1188): CodeIgniter\View\View->render('layout/footer', [], true)
 5 APPPATH\Controllers\Pages.php(25): view('layout/footer')
 6 SYSTEMPATH\CodeIgniter.php(919): App\Controllers\Pages->index()
 7 SYSTEMPATH\CodeIgniter.php(494): CodeIgniter\CodeIgniter->runController(Object(App\Controllers\Pages))
 8 SYSTEMPATH\CodeIgniter.php(353): CodeIgniter\CodeIgniter->handleRequest(null, Object(Config\Cache), false)
 9 FCPATH\index.php(79): CodeIgniter\CodeIgniter->run()
10 SYSTEMPATH\Commands\Server\rewrite.php(47): require_once('C:\\xampp\\htdocs\\PBL S3\\public\\index.php')
CRITICAL - 2023-10-06 07:15:14 --> Invalid argument supplied for foreach()
in APPPATH\Views\layout\footer.php on line 16.
 1 APPPATH\Views\layout\footer.php(16): CodeIgniter\Debug\Exceptions->errorHandler(2, 'Invalid argument supplied for foreach()', 'C:\\xampp\\htdocs\\PBL S3\\app\\Views\\layout\\footer.php', 16, [...])
 2 SYSTEMPATH\View\View.php(226): include('C:\\xampp\\htdocs\\PBL S3\\app\\Views\\layout\\footer.php')
 3 SYSTEMPATH\View\View.php(229): CodeIgniter\View\View->CodeIgniter\View\{closure}()
 4 SYSTEMPATH\Common.php(1188): CodeIgniter\View\View->render('layout/footer', [], true)
 5 APPPATH\Controllers\Pages.php(25): view('layout/footer')
 6 SYSTEMPATH\CodeIgniter.php(919): App\Controllers\Pages->index()
 7 SYSTEMPATH\CodeIgniter.php(494): CodeIgniter\CodeIgniter->runController(Object(App\Controllers\Pages))
 8 SYSTEMPATH\CodeIgniter.php(353): CodeIgniter\CodeIgniter->handleRequest(null, Object(Config\Cache), false)
 9 FCPATH\index.php(79): CodeIgniter\CodeIgniter->run()
10 SYSTEMPATH\Commands\Server\rewrite.php(47): require_once('C:\\xampp\\htdocs\\PBL S3\\public\\index.php')
CRITICAL - 2023-10-06 07:17:41 --> Array to string conversion
in APPPATH\Views\layout\footer.php on line 17.
 1 APPPATH\Views\layout\footer.php(17): CodeIgniter\Debug\Exceptions->errorHandler(8, 'Array to string conversion', 'C:\\xampp\\htdocs\\PBL S3\\app\\Views\\layout\\footer.php', 17, [...])
 2 SYSTEMPATH\View\View.php(226): include('C:\\xampp\\htdocs\\PBL S3\\app\\Views\\layout\\footer.php')
 3 SYSTEMPATH\View\View.php(229): CodeIgniter\View\View->CodeIgniter\View\{closure}()
 4 SYSTEMPATH\Common.php(1188): CodeIgniter\View\View->render('layout/footer', [], true)
 5 APPPATH\Controllers\Pages.php(25): view('layout/footer')
 6 SYSTEMPATH\CodeIgniter.php(919): App\Controllers\Pages->index()
 7 SYSTEMPATH\CodeIgniter.php(494): CodeIgniter\CodeIgniter->runController(Object(App\Controllers\Pages))
 8 SYSTEMPATH\CodeIgniter.php(353): CodeIgniter\CodeIgniter->handleRequest(null, Object(Config\Cache), false)
 9 FCPATH\index.php(79): CodeIgniter\CodeIgniter->run()
10 SYSTEMPATH\Commands\Server\rewrite.php(47): require_once('C:\\xampp\\htdocs\\PBL S3\\public\\index.php')
CRITICAL - 2023-10-06 07:17:51 --> Undefined offset: 0
in APPPATH\Views\layout\footer.php on line 17.
 1 APPPATH\Views\layout\footer.php(17): CodeIgniter\Debug\Exceptions->errorHandler(8, 'Undefined offset: 0', 'C:\\xampp\\htdocs\\PBL S3\\app\\Views\\layout\\footer.php', 17, [...])
 2 SYSTEMPATH\View\View.php(226): include('C:\\xampp\\htdocs\\PBL S3\\app\\Views\\layout\\footer.php')
 3 SYSTEMPATH\View\View.php(229): CodeIgniter\View\View->CodeIgniter\View\{closure}()
 4 SYSTEMPATH\Common.php(1188): CodeIgniter\View\View->render('layout/footer', [], true)
 5 APPPATH\Controllers\Pages.php(25): view('layout/footer')
 6 SYSTEMPATH\CodeIgniter.php(919): App\Controllers\Pages->index()
 7 SYSTEMPATH\CodeIgniter.php(494): CodeIgniter\CodeIgniter->runController(Object(App\Controllers\Pages))
 8 SYSTEMPATH\CodeIgniter.php(353): CodeIgniter\CodeIgniter->handleRequest(null, Object(Config\Cache), false)
 9 FCPATH\index.php(79): CodeIgniter\CodeIgniter->run()
10 SYSTEMPATH\Commands\Server\rewrite.php(47): require_once('C:\\xampp\\htdocs\\PBL S3\\public\\index.php')
CRITICAL - 2023-10-06 08:16:17 --> Undefined variable: title
in APPPATH\Views\layout\footer.php on line 16.
 1 APPPATH\Views\layout\footer.php(16): CodeIgniter\Debug\Exceptions->errorHandler(8, 'Undefined variable: title', 'C:\\xampp\\htdocs\\PBL S3\\app\\Views\\layout\\footer.php', 16, [])
 2 SYSTEMPATH\View\View.php(226): include('C:\\xampp\\htdocs\\PBL S3\\app\\Views\\layout\\footer.php')
 3 SYSTEMPATH\View\View.php(229): CodeIgniter\View\View->CodeIgniter\View\{closure}()
 4 SYSTEMPATH\Common.php(1188): CodeIgniter\View\View->render('layout/footer', [], true)
 5 APPPATH\Controllers\Pages.php(59): view('layout/footer')
 6 SYSTEMPATH\CodeIgniter.php(919): App\Controllers\Pages->galeriPhoto()
 7 SYSTEMPATH\CodeIgniter.php(494): CodeIgniter\CodeIgniter->runController(Object(App\Controllers\Pages))
 8 SYSTEMPATH\CodeIgniter.php(353): CodeIgniter\CodeIgniter->handleRequest(null, Object(Config\Cache), false)
 9 FCPATH\index.php(79): CodeIgniter\CodeIgniter->run()
10 SYSTEMPATH\Commands\Server\rewrite.php(47): require_once('C:\\xampp\\htdocs\\PBL S3\\public\\index.php')
CRITICAL - 2023-10-06 08:17:02 --> Undefined variable: title
in APPPATH\Views\layout\footer.php on line 16.
 1 APPPATH\Views\layout\footer.php(16): CodeIgniter\Debug\Exceptions->errorHandler(8, 'Undefined variable: title', 'C:\\xampp\\htdocs\\PBL S3\\app\\Views\\layout\\footer.php', 16, [])
 2 SYSTEMPATH\View\View.php(226): include('C:\\xampp\\htdocs\\PBL S3\\app\\Views\\layout\\footer.php')
 3 SYSTEMPATH\View\View.php(229): CodeIgniter\View\View->CodeIgniter\View\{closure}()
 4 SYSTEMPATH\Common.php(1188): CodeIgniter\View\View->render('layout/footer', [], true)
 5 APPPATH\Controllers\Pages.php(59): view('layout/footer')
 6 SYSTEMPATH\CodeIgniter.php(919): App\Controllers\Pages->galeriPhoto()
 7 SYSTEMPATH\CodeIgniter.php(494): CodeIgniter\CodeIgniter->runController(Object(App\Controllers\Pages))
 8 SYSTEMPATH\CodeIgniter.php(353): CodeIgniter\CodeIgniter->handleRequest(null, Object(Config\Cache), false)
 9 FCPATH\index.php(79): CodeIgniter\CodeIgniter->run()
10 SYSTEMPATH\Commands\Server\rewrite.php(47): require_once('C:\\xampp\\htdocs\\PBL S3\\public\\index.php')
