CRITICAL - 2023-11-18 10:49:03 --> Invalid file: "pages/admin/ManajementArtikel.php"
in SYSTEMPATH\Exceptions\FrameworkException.php on line 39.
 1 SYSTEMPATH\View\View.php(214): CodeIgniter\Exceptions\FrameworkException::forInvalidFile('pages/admin/ManajementArtikel.php')
 2 SYSTEMPATH\Common.php(1188): CodeIgniter\View\View->render('pages/admin/ManajementArtikel', [], true)
 3 APPPATH\Controllers\Pages.php(44): view('pages/admin/ManajementArtikel')
 4 APPPATH\Controllers\Pages.php(113): App\Controllers\Pages->tampilkanHalaman('Artikel', 'ManajementArtikel', 'Artikel', 'admin')
 5 SYSTEMPATH\CodeIgniter.php(919): App\Controllers\Pages->mArtikel()
 6 SYSTEMPATH\CodeIgniter.php(494): CodeIgniter\CodeIgniter->runController(Object(App\Controllers\Pages))
 7 SYSTEMPATH\CodeIgniter.php(353): CodeIgniter\CodeIgniter->handleRequest(null, Object(Config\Cache), false)
 8 FCPATH\index.php(79): CodeIgniter\CodeIgniter->run()
 9 SYSTEMPATH\Commands\Server\rewrite.php(47): require_once('C:\\xampp\\htdocs\\PBL S3\\public\\index.php')
CRITICAL - 2023-11-18 11:44:06 --> Undefined variable: pengaduanhariini
in APPPATH\Views\pages\Admin\BerandaAdmin.php on line 26.
 1 APPPATH\Views\pages\Admin\BerandaAdmin.php(26): CodeIgniter\Debug\Exceptions->errorHandler(8, 'Undefined variable: pengaduanhariini', 'C:\\xampp\\htdocs\\PBL S3\\app\\Views\\pages\\Admin\\BerandaAdmin.php', 26, [...])
 2 SYSTEMPATH\View\View.php(226): include('C:\\xampp\\htdocs\\PBL S3\\app\\Views\\pages\\Admin\\BerandaAdmin.php')
 3 SYSTEMPATH\View\View.php(229): CodeIgniter\View\View->CodeIgniter\View\{closure}()
 4 SYSTEMPATH\Common.php(1188): CodeIgniter\View\View->render('pages/Admin/BerandaAdmin', [], true)
 5 APPPATH\Controllers\BerandaAdminController.php(30): view('pages/Admin/BerandaAdmin')
 6 SYSTEMPATH\CodeIgniter.php(919): App\Controllers\BerandaAdminController->BerandaAdmin()
 7 SYSTEMPATH\CodeIgniter.php(494): CodeIgniter\CodeIgniter->runController(Object(App\Controllers\BerandaAdminController))
 8 SYSTEMPATH\CodeIgniter.php(353): CodeIgniter\CodeIgniter->handleRequest(null, Object(Config\Cache), false)
 9 FCPATH\index.php(79): CodeIgniter\CodeIgniter->run()
10 SYSTEMPATH\Commands\Server\rewrite.php(47): require_once('C:\\xampp\\htdocs\\PBL S3\\public\\index.php')
CRITICAL - 2023-11-18 11:44:44 --> Undefined variable: pengaduanhariini
in APPPATH\Views\pages\Admin\BerandaAdmin.php on line 26.
 1 APPPATH\Views\pages\Admin\BerandaAdmin.php(26): CodeIgniter\Debug\Exceptions->errorHandler(8, 'Undefined variable: pengaduanhariini', 'C:\\xampp\\htdocs\\PBL S3\\app\\Views\\pages\\Admin\\BerandaAdmin.php', 26, [...])
 2 SYSTEMPATH\View\View.php(226): include('C:\\xampp\\htdocs\\PBL S3\\app\\Views\\pages\\Admin\\BerandaAdmin.php')
 3 SYSTEMPATH\View\View.php(229): CodeIgniter\View\View->CodeIgniter\View\{closure}()
 4 SYSTEMPATH\Common.php(1188): CodeIgniter\View\View->render('pages/Admin/BerandaAdmin', [], true)
 5 APPPATH\Controllers\BerandaAdminController.php(30): view('pages/Admin/BerandaAdmin')
 6 SYSTEMPATH\CodeIgniter.php(919): App\Controllers\BerandaAdminController->BerandaAdmin()
 7 SYSTEMPATH\CodeIgniter.php(494): CodeIgniter\CodeIgniter->runController(Object(App\Controllers\BerandaAdminController))
 8 SYSTEMPATH\CodeIgniter.php(353): CodeIgniter\CodeIgniter->handleRequest(null, Object(Config\Cache), false)
 9 FCPATH\index.php(79): CodeIgniter\CodeIgniter->run()
10 SYSTEMPATH\Commands\Server\rewrite.php(47): require_once('C:\\xampp\\htdocs\\PBL S3\\public\\index.php')
CRITICAL - 2023-11-18 11:46:10 --> Undefined variable: pengaduanhariini
in APPPATH\Views\pages\Admin\BerandaAdmin.php on line 26.
 1 APPPATH\Views\pages\Admin\BerandaAdmin.php(26): CodeIgniter\Debug\Exceptions->errorHandler(8, 'Undefined variable: pengaduanhariini', 'C:\\xampp\\htdocs\\PBL S3\\app\\Views\\pages\\Admin\\BerandaAdmin.php', 26, [...])
 2 SYSTEMPATH\View\View.php(226): include('C:\\xampp\\htdocs\\PBL S3\\app\\Views\\pages\\Admin\\BerandaAdmin.php')
 3 SYSTEMPATH\View\View.php(229): CodeIgniter\View\View->CodeIgniter\View\{closure}()
 4 SYSTEMPATH\Common.php(1188): CodeIgniter\View\View->render('pages/Admin/BerandaAdmin', [], true)
 5 APPPATH\Controllers\BerandaAdminController.php(30): view('pages/Admin/BerandaAdmin')
 6 SYSTEMPATH\CodeIgniter.php(919): App\Controllers\BerandaAdminController->BerandaAdmin()
 7 SYSTEMPATH\CodeIgniter.php(494): CodeIgniter\CodeIgniter->runController(Object(App\Controllers\BerandaAdminController))
 8 SYSTEMPATH\CodeIgniter.php(353): CodeIgniter\CodeIgniter->handleRequest(null, Object(Config\Cache), false)
 9 FCPATH\index.php(79): CodeIgniter\CodeIgniter->run()
10 SYSTEMPATH\Commands\Server\rewrite.php(47): require_once('C:\\xampp\\htdocs\\PBL S3\\public\\index.php')
CRITICAL - 2023-11-18 11:46:41 --> Undefined variable: pengaduan
in APPPATH\Views\pages\Admin\BerandaAdmin.php on line 26.
 1 APPPATH\Views\pages\Admin\BerandaAdmin.php(26): CodeIgniter\Debug\Exceptions->errorHandler(8, 'Undefined variable: pengaduan', 'C:\\xampp\\htdocs\\PBL S3\\app\\Views\\pages\\Admin\\BerandaAdmin.php', 26, [...])
 2 SYSTEMPATH\View\View.php(226): include('C:\\xampp\\htdocs\\PBL S3\\app\\Views\\pages\\Admin\\BerandaAdmin.php')
 3 SYSTEMPATH\View\View.php(229): CodeIgniter\View\View->CodeIgniter\View\{closure}()
 4 SYSTEMPATH\Common.php(1188): CodeIgniter\View\View->render('pages/Admin/BerandaAdmin', [], true)
 5 APPPATH\Controllers\BerandaAdminController.php(30): view('pages/Admin/BerandaAdmin')
 6 SYSTEMPATH\CodeIgniter.php(919): App\Controllers\BerandaAdminController->BerandaAdmin()
 7 SYSTEMPATH\CodeIgniter.php(494): CodeIgniter\CodeIgniter->runController(Object(App\Controllers\BerandaAdminController))
 8 SYSTEMPATH\CodeIgniter.php(353): CodeIgniter\CodeIgniter->handleRequest(null, Object(Config\Cache), false)
 9 FCPATH\index.php(79): CodeIgniter\CodeIgniter->run()
10 SYSTEMPATH\Commands\Server\rewrite.php(47): require_once('C:\\xampp\\htdocs\\PBL S3\\public\\index.php')
CRITICAL - 2023-11-18 11:47:26 --> Undefined index: urain
in APPPATH\Views\pages\Admin\BerandaAdmin.php on line 26.
 1 APPPATH\Views\pages\Admin\BerandaAdmin.php(26): CodeIgniter\Debug\Exceptions->errorHandler(8, 'Undefined index: urain', 'C:\\xampp\\htdocs\\PBL S3\\app\\Views\\pages\\Admin\\BerandaAdmin.php', 26, [...])
 2 SYSTEMPATH\View\View.php(226): include('C:\\xampp\\htdocs\\PBL S3\\app\\Views\\pages\\Admin\\BerandaAdmin.php')
 3 SYSTEMPATH\View\View.php(229): CodeIgniter\View\View->CodeIgniter\View\{closure}()
 4 SYSTEMPATH\Common.php(1188): CodeIgniter\View\View->render('pages/Admin/BerandaAdmin', [], true)
 5 APPPATH\Controllers\BerandaAdminController.php(30): view('pages/Admin/BerandaAdmin', [...])
 6 SYSTEMPATH\CodeIgniter.php(919): App\Controllers\BerandaAdminController->BerandaAdmin()
 7 SYSTEMPATH\CodeIgniter.php(494): CodeIgniter\CodeIgniter->runController(Object(App\Controllers\BerandaAdminController))
 8 SYSTEMPATH\CodeIgniter.php(353): CodeIgniter\CodeIgniter->handleRequest(null, Object(Config\Cache), false)
 9 FCPATH\index.php(79): CodeIgniter\CodeIgniter->run()
10 SYSTEMPATH\Commands\Server\rewrite.php(47): require_once('C:\\xampp\\htdocs\\PBL S3\\public\\index.php')
CRITICAL - 2023-11-18 11:49:04 --> Undefined index: keluhan
in APPPATH\Views\pages\Admin\BerandaAdmin.php on line 26.
 1 APPPATH\Views\pages\Admin\BerandaAdmin.php(26): CodeIgniter\Debug\Exceptions->errorHandler(8, 'Undefined index: keluhan', 'C:\\xampp\\htdocs\\PBL S3\\app\\Views\\pages\\Admin\\BerandaAdmin.php', 26, [...])
 2 SYSTEMPATH\View\View.php(226): include('C:\\xampp\\htdocs\\PBL S3\\app\\Views\\pages\\Admin\\BerandaAdmin.php')
 3 SYSTEMPATH\View\View.php(229): CodeIgniter\View\View->CodeIgniter\View\{closure}()
 4 SYSTEMPATH\Common.php(1188): CodeIgniter\View\View->render('pages/Admin/BerandaAdmin', [], true)
 5 APPPATH\Controllers\BerandaAdminController.php(30): view('pages/Admin/BerandaAdmin', [...])
 6 SYSTEMPATH\CodeIgniter.php(919): App\Controllers\BerandaAdminController->BerandaAdmin()
 7 SYSTEMPATH\CodeIgniter.php(494): CodeIgniter\CodeIgniter->runController(Object(App\Controllers\BerandaAdminController))
 8 SYSTEMPATH\CodeIgniter.php(353): CodeIgniter\CodeIgniter->handleRequest(null, Object(Config\Cache), false)
 9 FCPATH\index.php(79): CodeIgniter\CodeIgniter->run()
10 SYSTEMPATH\Commands\Server\rewrite.php(47): require_once('C:\\xampp\\htdocs\\PBL S3\\public\\index.php')
CRITICAL - 2023-11-18 11:53:42 --> Undefined index: no_handphone
in APPPATH\Views\pages\Admin\BerandaAdmin.php on line 27.
 1 APPPATH\Views\pages\Admin\BerandaAdmin.php(27): CodeIgniter\Debug\Exceptions->errorHandler(8, 'Undefined index: no_handphone', 'C:\\xampp\\htdocs\\PBL S3\\app\\Views\\pages\\Admin\\BerandaAdmin.php', 27, [...])
 2 SYSTEMPATH\View\View.php(226): include('C:\\xampp\\htdocs\\PBL S3\\app\\Views\\pages\\Admin\\BerandaAdmin.php')
 3 SYSTEMPATH\View\View.php(229): CodeIgniter\View\View->CodeIgniter\View\{closure}()
 4 SYSTEMPATH\Common.php(1188): CodeIgniter\View\View->render('pages/Admin/BerandaAdmin', [], true)
 5 APPPATH\Controllers\BerandaAdminController.php(30): view('pages/Admin/BerandaAdmin', [...])
 6 SYSTEMPATH\CodeIgniter.php(919): App\Controllers\BerandaAdminController->BerandaAdmin()
 7 SYSTEMPATH\CodeIgniter.php(494): CodeIgniter\CodeIgniter->runController(Object(App\Controllers\BerandaAdminController))
 8 SYSTEMPATH\CodeIgniter.php(353): CodeIgniter\CodeIgniter->handleRequest(null, Object(Config\Cache), false)
 9 FCPATH\index.php(79): CodeIgniter\CodeIgniter->run()
10 SYSTEMPATH\Commands\Server\rewrite.php(47): require_once('C:\\xampp\\htdocs\\PBL S3\\public\\index.php')
CRITICAL - 2023-11-18 14:46:57 --> Invalid file: "pages/admin/ManajementArtikel.php"
in SYSTEMPATH\Exceptions\FrameworkException.php on line 39.
 1 SYSTEMPATH\View\View.php(214): CodeIgniter\Exceptions\FrameworkException::forInvalidFile('pages/admin/ManajementArtikel.php')
 2 SYSTEMPATH\Common.php(1188): CodeIgniter\View\View->render('pages/admin/ManajementArtikel', [], true)
 3 APPPATH\Controllers\Pages.php(44): view('pages/admin/ManajementArtikel')
 4 APPPATH\Controllers\Pages.php(113): App\Controllers\Pages->tampilkanHalaman('Artikel', 'ManajementArtikel', 'Artikel', 'admin')
 5 SYSTEMPATH\CodeIgniter.php(919): App\Controllers\Pages->mArtikel()
 6 SYSTEMPATH\CodeIgniter.php(494): CodeIgniter\CodeIgniter->runController(Object(App\Controllers\Pages))
 7 SYSTEMPATH\CodeIgniter.php(353): CodeIgniter\CodeIgniter->handleRequest(null, Object(Config\Cache), false)
 8 FCPATH\index.php(79): CodeIgniter\CodeIgniter->run()
 9 SYSTEMPATH\Commands\Server\rewrite.php(47): require_once('C:\\xampp\\htdocs\\PBL S3\\public\\index.php')
CRITICAL - 2023-11-18 14:47:16 --> Invalid file: "pages/admin/ManajementArtikel.php"
in SYSTEMPATH\Exceptions\FrameworkException.php on line 39.
 1 SYSTEMPATH\View\View.php(214): CodeIgniter\Exceptions\FrameworkException::forInvalidFile('pages/admin/ManajementArtikel.php')
 2 SYSTEMPATH\Common.php(1188): CodeIgniter\View\View->render('pages/admin/ManajementArtikel', [], true)
 3 APPPATH\Controllers\Pages.php(44): view('pages/admin/ManajementArtikel')
 4 APPPATH\Controllers\Pages.php(113): App\Controllers\Pages->tampilkanHalaman('Artikel', 'ManajementArtikel', 'Artikel', 'admin')
 5 SYSTEMPATH\CodeIgniter.php(919): App\Controllers\Pages->mArtikel()
 6 SYSTEMPATH\CodeIgniter.php(494): CodeIgniter\CodeIgniter->runController(Object(App\Controllers\Pages))
 7 SYSTEMPATH\CodeIgniter.php(353): CodeIgniter\CodeIgniter->handleRequest(null, Object(Config\Cache), false)
 8 FCPATH\index.php(79): CodeIgniter\CodeIgniter->run()
 9 SYSTEMPATH\Commands\Server\rewrite.php(47): require_once('C:\\xampp\\htdocs\\PBL S3\\public\\index.php')
