INFO - 2023-12-19 12:08:30 --> Session: Class initialized using 'CodeIgniter\Session\Handlers\FileHandler' driver.
INFO - 2023-12-19 12:16:07 --> Session: Class initialized using 'CodeIgniter\Session\Handlers\FileHandler' driver.
INFO - 2023-12-19 12:36:44 --> Session: Class initialized using 'CodeIgniter\Session\Handlers\FileHandler' driver.
CRITICAL - 2023-12-19 12:36:44 --> Undefined property: stdClass::$keluhan
in APPPATH\Views\pages\Admin\BerandaAdmin.php on line 29.
 1 APPPATH\Views\pages\Admin\BerandaAdmin.php(29): CodeIgniter\Debug\Exceptions->errorHandler(2, 'Undefined property: stdClass::$keluhan', 'C:\\xampp\\htdocs\\PBLS3\\app\\Views\\pages\\Admin\\BerandaAdmin.php', 29)
 2 SYSTEMPATH\View\View.php(226): include('C:\\xampp\\htdocs\\PBLS3\\app\\Views\\pages\\Admin\\BerandaAdmin.php')
 3 SYSTEMPATH\View\View.php(229): CodeIgniter\View\View->CodeIgniter\View\{closure}()
 4 SYSTEMPATH\Common.php(1188): CodeIgniter\View\View->render('pages/Admin/BerandaAdmin', [], true)
 5 APPPATH\Controllers\Login.php(56): view('pages/Admin/BerandaAdmin', [...])
 6 SYSTEMPATH\CodeIgniter.php(919): App\Controllers\Login->loginauth()
 7 SYSTEMPATH\CodeIgniter.php(494): CodeIgniter\CodeIgniter->runController(Object(App\Controllers\Login))
 8 SYSTEMPATH\CodeIgniter.php(353): CodeIgniter\CodeIgniter->handleRequest(null, Object(Config\Cache), false)
 9 FCPATH\index.php(79): CodeIgniter\CodeIgniter->run()
10 SYSTEMPATH\Commands\Server\rewrite.php(47): require_once('C:\\xampp\\htdocs\\PBLS3\\public\\index.php')
CRITICAL - 2023-12-19 12:51:45 --> The route for "Admin/cekkeluhan" cannot be found.
in SYSTEMPATH\HTTP\RedirectResponse.php on line 60.
 1 SYSTEMPATH\HTTP\RedirectResponse.php(60): CodeIgniter\HTTP\Exceptions\HTTPException::forInvalidRedirectRoute('Admin/cekkeluhan')
 2 SYSTEMPATH\Common.php(878): CodeIgniter\HTTP\RedirectResponse->route(false)
 3 APPPATH\Controllers\Pages.php(172): redirect('Admin/cekkeluhan')
 4 SYSTEMPATH\CodeIgniter.php(919): App\Controllers\Pages->cekkeluhan()
 5 SYSTEMPATH\CodeIgniter.php(494): CodeIgniter\CodeIgniter->runController(Object(App\Controllers\Pages))
 6 SYSTEMPATH\CodeIgniter.php(353): CodeIgniter\CodeIgniter->handleRequest(null, Object(Config\Cache), false)
 7 FCPATH\index.php(79): CodeIgniter\CodeIgniter->run()
 8 SYSTEMPATH\Commands\Server\rewrite.php(47): require_once('C:\\xampp\\htdocs\\PBLS3\\public\\index.php')
CRITICAL - 2023-12-19 12:51:58 --> The route for "pages/Admin/cekkeluhan" cannot be found.
in SYSTEMPATH\HTTP\RedirectResponse.php on line 60.
 1 SYSTEMPATH\HTTP\RedirectResponse.php(60): CodeIgniter\HTTP\Exceptions\HTTPException::forInvalidRedirectRoute('pages/Admin/cekkeluhan')
 2 SYSTEMPATH\Common.php(878): CodeIgniter\HTTP\RedirectResponse->route(false)
 3 APPPATH\Controllers\Pages.php(172): redirect('pages/Admin/cekkeluhan')
 4 SYSTEMPATH\CodeIgniter.php(919): App\Controllers\Pages->cekkeluhan()
 5 SYSTEMPATH\CodeIgniter.php(494): CodeIgniter\CodeIgniter->runController(Object(App\Controllers\Pages))
 6 SYSTEMPATH\CodeIgniter.php(353): CodeIgniter\CodeIgniter->handleRequest(null, Object(Config\Cache), false)
 7 FCPATH\index.php(79): CodeIgniter\CodeIgniter->run()
 8 SYSTEMPATH\Commands\Server\rewrite.php(47): require_once('C:\\xampp\\htdocs\\PBLS3\\public\\index.php')
CRITICAL - 2023-12-19 12:58:21 --> Cannot use object of type mysqli as array
in APPPATH\Views\pages\Admin\cekkeluhan.php on line 68.
 1 SYSTEMPATH\View\View.php(226): include()
 2 SYSTEMPATH\View\View.php(229): CodeIgniter\View\View->CodeIgniter\View\{closure}()
 3 SYSTEMPATH\Common.php(1188): CodeIgniter\View\View->render('pages/Admin/cekkeluhan', [], true)
 4 APPPATH\Controllers\Pages.php(172): view('pages/Admin/cekkeluhan')
 5 SYSTEMPATH\CodeIgniter.php(919): App\Controllers\Pages->cekkeluhan()
 6 SYSTEMPATH\CodeIgniter.php(494): CodeIgniter\CodeIgniter->runController(Object(App\Controllers\Pages))
 7 SYSTEMPATH\CodeIgniter.php(353): CodeIgniter\CodeIgniter->handleRequest(null, Object(Config\Cache), false)
 8 FCPATH\index.php(79): CodeIgniter\CodeIgniter->run()
 9 SYSTEMPATH\Commands\Server\rewrite.php(47): require_once('C:\\xampp\\htdocs\\PBLS3\\public\\index.php')
CRITICAL - 2023-12-19 12:58:54 --> Undefined property: mysqli::$id_pengaduan
in APPPATH\Views\pages\Admin\cekkeluhan.php on line 68.
 1 APPPATH\Views\pages\Admin\cekkeluhan.php(68): CodeIgniter\Debug\Exceptions->errorHandler(2, 'Undefined property: mysqli::$id_pengaduan', 'C:\\xampp\\htdocs\\PBLS3\\app\\Views\\pages\\Admin\\cekkeluhan.php', 68)
 2 SYSTEMPATH\View\View.php(226): include('C:\\xampp\\htdocs\\PBLS3\\app\\Views\\pages\\Admin\\cekkeluhan.php')
 3 SYSTEMPATH\View\View.php(229): CodeIgniter\View\View->CodeIgniter\View\{closure}()
 4 SYSTEMPATH\Common.php(1188): CodeIgniter\View\View->render('pages/Admin/cekkeluhan', [], true)
 5 APPPATH\Controllers\Pages.php(172): view('pages/Admin/cekkeluhan')
 6 SYSTEMPATH\CodeIgniter.php(919): App\Controllers\Pages->cekkeluhan()
 7 SYSTEMPATH\CodeIgniter.php(494): CodeIgniter\CodeIgniter->runController(Object(App\Controllers\Pages))
 8 SYSTEMPATH\CodeIgniter.php(353): CodeIgniter\CodeIgniter->handleRequest(null, Object(Config\Cache), false)
 9 FCPATH\index.php(79): CodeIgniter\CodeIgniter->run()
10 SYSTEMPATH\Commands\Server\rewrite.php(47): require_once('C:\\xampp\\htdocs\\PBLS3\\public\\index.php')
CRITICAL - 2023-12-19 12:59:27 --> Undefined property: mysqli::$id_pengaduan
in APPPATH\Views\pages\Admin\cekkeluhan.php on line 68.
 1 APPPATH\Views\pages\Admin\cekkeluhan.php(68): CodeIgniter\Debug\Exceptions->errorHandler(2, 'Undefined property: mysqli::$id_pengaduan', 'C:\\xampp\\htdocs\\PBLS3\\app\\Views\\pages\\Admin\\cekkeluhan.php', 68)
 2 SYSTEMPATH\View\View.php(226): include('C:\\xampp\\htdocs\\PBLS3\\app\\Views\\pages\\Admin\\cekkeluhan.php')
 3 SYSTEMPATH\View\View.php(229): CodeIgniter\View\View->CodeIgniter\View\{closure}()
 4 SYSTEMPATH\Common.php(1188): CodeIgniter\View\View->render('pages/Admin/cekkeluhan', [], true)
 5 APPPATH\Controllers\Pages.php(172): view('pages/Admin/cekkeluhan')
 6 SYSTEMPATH\CodeIgniter.php(919): App\Controllers\Pages->cekkeluhan()
 7 SYSTEMPATH\CodeIgniter.php(494): CodeIgniter\CodeIgniter->runController(Object(App\Controllers\Pages))
 8 SYSTEMPATH\CodeIgniter.php(353): CodeIgniter\CodeIgniter->handleRequest(null, Object(Config\Cache), false)
 9 FCPATH\index.php(79): CodeIgniter\CodeIgniter->run()
10 SYSTEMPATH\Commands\Server\rewrite.php(47): require_once('C:\\xampp\\htdocs\\PBLS3\\public\\index.php')
CRITICAL - 2023-12-19 12:59:54 --> Attempt to read property "id_pengaduan" on string
in APPPATH\Views\pages\Admin\cekkeluhan.php on line 68.
 1 APPPATH\Views\pages\Admin\cekkeluhan.php(68): CodeIgniter\Debug\Exceptions->errorHandler(2, 'Attempt to read property "id_pengaduan" on string', 'C:\\xampp\\htdocs\\PBLS3\\app\\Views\\pages\\Admin\\cekkeluhan.php', 68)
 2 SYSTEMPATH\View\View.php(226): include('C:\\xampp\\htdocs\\PBLS3\\app\\Views\\pages\\Admin\\cekkeluhan.php')
 3 SYSTEMPATH\View\View.php(229): CodeIgniter\View\View->CodeIgniter\View\{closure}()
 4 SYSTEMPATH\Common.php(1188): CodeIgniter\View\View->render('pages/Admin/cekkeluhan', [], true)
 5 APPPATH\Controllers\Pages.php(172): view('pages/Admin/cekkeluhan')
 6 SYSTEMPATH\CodeIgniter.php(919): App\Controllers\Pages->cekkeluhan()
 7 SYSTEMPATH\CodeIgniter.php(494): CodeIgniter\CodeIgniter->runController(Object(App\Controllers\Pages))
 8 SYSTEMPATH\CodeIgniter.php(353): CodeIgniter\CodeIgniter->handleRequest(null, Object(Config\Cache), false)
 9 FCPATH\index.php(79): CodeIgniter\CodeIgniter->run()
10 SYSTEMPATH\Commands\Server\rewrite.php(47): require_once('C:\\xampp\\htdocs\\PBLS3\\public\\index.php')
CRITICAL - 2023-12-19 13:15:14 --> Undefined property: stdClass::$siapa
in APPPATH\Views\pages\Admin\BerandaAdmin.php on line 29.
 1 APPPATH\Views\pages\Admin\BerandaAdmin.php(29): CodeIgniter\Debug\Exceptions->errorHandler(2, 'Undefined property: stdClass::$siapa', 'C:\\xampp\\htdocs\\PBLS3\\app\\Views\\pages\\Admin\\BerandaAdmin.php', 29)
 2 SYSTEMPATH\View\View.php(226): include('C:\\xampp\\htdocs\\PBLS3\\app\\Views\\pages\\Admin\\BerandaAdmin.php')
 3 SYSTEMPATH\View\View.php(229): CodeIgniter\View\View->CodeIgniter\View\{closure}()
 4 SYSTEMPATH\Common.php(1188): CodeIgniter\View\View->render('pages/Admin/BerandaAdmin', [], true)
 5 APPPATH\Controllers\BerandaAdminController.php(35): view('pages/Admin/BerandaAdmin', [...])
 6 SYSTEMPATH\CodeIgniter.php(919): App\Controllers\BerandaAdminController->BerandaAdmin()
 7 SYSTEMPATH\CodeIgniter.php(494): CodeIgniter\CodeIgniter->runController(Object(App\Controllers\BerandaAdminController))
 8 SYSTEMPATH\CodeIgniter.php(353): CodeIgniter\CodeIgniter->handleRequest(null, Object(Config\Cache), false)
 9 FCPATH\index.php(79): CodeIgniter\CodeIgniter->run()
10 SYSTEMPATH\Commands\Server\rewrite.php(47): require_once('C:\\xampp\\htdocs\\PBLS3\\public\\index.php')
ERROR - 2023-12-19 13:18:37 --> mysqli_sql_exception: Unknown column 'siapa' in 'field list' in C:\xampp\htdocs\PBLS3\system\Database\MySQLi\Connection.php:306
Stack trace:
#0 C:\xampp\htdocs\PBLS3\system\Database\MySQLi\Connection.php(306): mysqli->query('INSERT INTO `pe...', 0)
#1 C:\xampp\htdocs\PBLS3\system\Database\BaseConnection.php(692): CodeIgniter\Database\MySQLi\Connection->execute('INSERT INTO `pe...')
#2 C:\xampp\htdocs\PBLS3\system\Database\BaseConnection.php(606): CodeIgniter\Database\BaseConnection->simpleQuery('INSERT INTO `pe...')
#3 C:\xampp\htdocs\PBLS3\system\Database\BaseBuilder.php(2308): CodeIgniter\Database\BaseConnection->query('INSERT INTO `pe...', Array, false)
#4 C:\xampp\htdocs\PBLS3\system\Model.php(319): CodeIgniter\Database\BaseBuilder->insert()
#5 C:\xampp\htdocs\PBLS3\system\BaseModel.php(788): CodeIgniter\Model->doInsert(Array)
#6 C:\xampp\htdocs\PBLS3\system\Model.php(715): CodeIgniter\BaseModel->insert(Array, true)
#7 C:\xampp\htdocs\PBLS3\app\Controllers\Pengaduan.php(91): CodeIgniter\Model->insert(Array)
#8 C:\xampp\htdocs\PBLS3\system\CodeIgniter.php(919): App\Controllers\Pengaduan->index()
#9 C:\xampp\htdocs\PBLS3\system\CodeIgniter.php(494): CodeIgniter\CodeIgniter->runController(Object(App\Controllers\Pengaduan))
#10 C:\xampp\htdocs\PBLS3\system\CodeIgniter.php(353): CodeIgniter\CodeIgniter->handleRequest(NULL, Object(Config\Cache), false)
#11 C:\xampp\htdocs\PBLS3\public\index.php(79): CodeIgniter\CodeIgniter->run()
#12 C:\xampp\htdocs\PBLS3\system\Commands\Server\rewrite.php(47): require_once('C:\\xampp\\htdocs...')
#13 {main}
CRITICAL - 2023-12-19 13:18:37 --> Unknown column 'siapa' in 'field list'
in SYSTEMPATH\Database\BaseConnection.php on line 646.
 1 SYSTEMPATH\Database\BaseBuilder.php(2308): CodeIgniter\Database\BaseConnection->query('INSERT INTO `pengaduan` (`siapa`, `korban`, `sila`, `masih`, `tanggung`, `apa`, `kejadian`, `lokasi`, `detail`, `pelaku`, `kontak`, `kontaklain`, `email`, `info`) VALUES (:siapa:, :korban:, :sila:, :masih:, :tanggung:, :apa:, :kejadian:, :lokasi:, :detail:, :pelaku:, :kontak:, :kontaklain:, :email:, :info:)', [...], false)
 2 SYSTEMPATH\Model.php(319): CodeIgniter\Database\BaseBuilder->insert()
 3 SYSTEMPATH\BaseModel.php(788): CodeIgniter\Model->doInsert([...])
 4 SYSTEMPATH\Model.php(715): CodeIgniter\BaseModel->insert([...], true)
 5 APPPATH\Controllers\Pengaduan.php(91): CodeIgniter\Model->insert([...])
 6 SYSTEMPATH\CodeIgniter.php(919): App\Controllers\Pengaduan->index()
 7 SYSTEMPATH\CodeIgniter.php(494): CodeIgniter\CodeIgniter->runController(Object(App\Controllers\Pengaduan))
 8 SYSTEMPATH\CodeIgniter.php(353): CodeIgniter\CodeIgniter->handleRequest(null, Object(Config\Cache), false)
 9 FCPATH\index.php(79): CodeIgniter\CodeIgniter->run()
10 SYSTEMPATH\Commands\Server\rewrite.php(47): require_once('C:\\xampp\\htdocs\\PBLS3\\public\\index.php')
INFO - 2023-12-19 13:20:15 --> Session: Class initialized using 'CodeIgniter\Session\Handlers\FileHandler' driver.
CRITICAL - 2023-12-19 13:20:15 --> Undefined property: stdClass::$siapa
in APPPATH\Views\pages\Admin\BerandaAdmin.php on line 29.
 1 APPPATH\Views\pages\Admin\BerandaAdmin.php(29): CodeIgniter\Debug\Exceptions->errorHandler(2, 'Undefined property: stdClass::$siapa', 'C:\\xampp\\htdocs\\PBLS3\\app\\Views\\pages\\Admin\\BerandaAdmin.php', 29)
 2 SYSTEMPATH\View\View.php(226): include('C:\\xampp\\htdocs\\PBLS3\\app\\Views\\pages\\Admin\\BerandaAdmin.php')
 3 SYSTEMPATH\View\View.php(229): CodeIgniter\View\View->CodeIgniter\View\{closure}()
 4 SYSTEMPATH\Common.php(1188): CodeIgniter\View\View->render('pages/Admin/BerandaAdmin', [], true)
 5 APPPATH\Controllers\Login.php(56): view('pages/Admin/BerandaAdmin', [...])
 6 SYSTEMPATH\CodeIgniter.php(919): App\Controllers\Login->loginauth()
 7 SYSTEMPATH\CodeIgniter.php(494): CodeIgniter\CodeIgniter->runController(Object(App\Controllers\Login))
 8 SYSTEMPATH\CodeIgniter.php(353): CodeIgniter\CodeIgniter->handleRequest(null, Object(Config\Cache), false)
 9 FCPATH\index.php(79): CodeIgniter\CodeIgniter->run()
10 SYSTEMPATH\Commands\Server\rewrite.php(47): require_once('C:\\xampp\\htdocs\\PBLS3\\public\\index.php')
INFO - 2023-12-19 13:20:33 --> Session: Class initialized using 'CodeIgniter\Session\Handlers\FileHandler' driver.
CRITICAL - 2023-12-19 13:20:33 --> Undefined property: stdClass::$siapa
in APPPATH\Views\pages\Admin\BerandaAdmin.php on line 29.
 1 APPPATH\Views\pages\Admin\BerandaAdmin.php(29): CodeIgniter\Debug\Exceptions->errorHandler(2, 'Undefined property: stdClass::$siapa', 'C:\\xampp\\htdocs\\PBLS3\\app\\Views\\pages\\Admin\\BerandaAdmin.php', 29)
 2 SYSTEMPATH\View\View.php(226): include('C:\\xampp\\htdocs\\PBLS3\\app\\Views\\pages\\Admin\\BerandaAdmin.php')
 3 SYSTEMPATH\View\View.php(229): CodeIgniter\View\View->CodeIgniter\View\{closure}()
 4 SYSTEMPATH\Common.php(1188): CodeIgniter\View\View->render('pages/Admin/BerandaAdmin', [], true)
 5 APPPATH\Controllers\Login.php(56): view('pages/Admin/BerandaAdmin', [...])
 6 SYSTEMPATH\CodeIgniter.php(919): App\Controllers\Login->loginauth()
 7 SYSTEMPATH\CodeIgniter.php(494): CodeIgniter\CodeIgniter->runController(Object(App\Controllers\Login))
 8 SYSTEMPATH\CodeIgniter.php(353): CodeIgniter\CodeIgniter->handleRequest(null, Object(Config\Cache), false)
 9 FCPATH\index.php(79): CodeIgniter\CodeIgniter->run()
10 SYSTEMPATH\Commands\Server\rewrite.php(47): require_once('C:\\xampp\\htdocs\\PBLS3\\public\\index.php')
INFO - 2023-12-19 13:22:17 --> Session: Class initialized using 'CodeIgniter\Session\Handlers\FileHandler' driver.
CRITICAL - 2023-12-19 13:22:17 --> Undefined property: stdClass::$siapa
in APPPATH\Views\pages\Admin\BerandaAdmin.php on line 29.
 1 APPPATH\Views\pages\Admin\BerandaAdmin.php(29): CodeIgniter\Debug\Exceptions->errorHandler(2, 'Undefined property: stdClass::$siapa', 'C:\\xampp\\htdocs\\PBLS3\\app\\Views\\pages\\Admin\\BerandaAdmin.php', 29)
 2 SYSTEMPATH\View\View.php(226): include('C:\\xampp\\htdocs\\PBLS3\\app\\Views\\pages\\Admin\\BerandaAdmin.php')
 3 SYSTEMPATH\View\View.php(229): CodeIgniter\View\View->CodeIgniter\View\{closure}()
 4 SYSTEMPATH\Common.php(1188): CodeIgniter\View\View->render('pages/Admin/BerandaAdmin', [], true)
 5 APPPATH\Controllers\Login.php(56): view('pages/Admin/BerandaAdmin', [...])
 6 SYSTEMPATH\CodeIgniter.php(919): App\Controllers\Login->loginauth()
 7 SYSTEMPATH\CodeIgniter.php(494): CodeIgniter\CodeIgniter->runController(Object(App\Controllers\Login))
 8 SYSTEMPATH\CodeIgniter.php(353): CodeIgniter\CodeIgniter->handleRequest(null, Object(Config\Cache), false)
 9 FCPATH\index.php(79): CodeIgniter\CodeIgniter->run()
10 SYSTEMPATH\Commands\Server\rewrite.php(47): require_once('C:\\xampp\\htdocs\\PBLS3\\public\\index.php')
CRITICAL - 2023-12-19 13:22:49 --> Undefined property: stdClass::$siapa
in APPPATH\Views\pages\Admin\BerandaAdmin.php on line 29.
 1 APPPATH\Views\pages\Admin\BerandaAdmin.php(29): CodeIgniter\Debug\Exceptions->errorHandler(2, 'Undefined property: stdClass::$siapa', 'C:\\xampp\\htdocs\\PBLS3\\app\\Views\\pages\\Admin\\BerandaAdmin.php', 29)
 2 SYSTEMPATH\View\View.php(226): include('C:\\xampp\\htdocs\\PBLS3\\app\\Views\\pages\\Admin\\BerandaAdmin.php')
 3 SYSTEMPATH\View\View.php(229): CodeIgniter\View\View->CodeIgniter\View\{closure}()
 4 SYSTEMPATH\Common.php(1188): CodeIgniter\View\View->render('pages/Admin/BerandaAdmin', [], true)
 5 APPPATH\Controllers\BerandaAdminController.php(35): view('pages/Admin/BerandaAdmin', [...])
 6 SYSTEMPATH\CodeIgniter.php(919): App\Controllers\BerandaAdminController->BerandaAdmin()
 7 SYSTEMPATH\CodeIgniter.php(494): CodeIgniter\CodeIgniter->runController(Object(App\Controllers\BerandaAdminController))
 8 SYSTEMPATH\CodeIgniter.php(353): CodeIgniter\CodeIgniter->handleRequest(null, Object(Config\Cache), false)
 9 FCPATH\index.php(79): CodeIgniter\CodeIgniter->run()
10 SYSTEMPATH\Commands\Server\rewrite.php(47): require_once('C:\\xampp\\htdocs\\PBLS3\\public\\index.php')
INFO - 2023-12-19 13:23:23 --> Session: Class initialized using 'CodeIgniter\Session\Handlers\FileHandler' driver.
CRITICAL - 2023-12-19 13:23:23 --> Undefined property: stdClass::$siapa
in APPPATH\Views\pages\Admin\BerandaAdmin.php on line 29.
 1 APPPATH\Views\pages\Admin\BerandaAdmin.php(29): CodeIgniter\Debug\Exceptions->errorHandler(2, 'Undefined property: stdClass::$siapa', 'C:\\xampp\\htdocs\\PBLS3\\app\\Views\\pages\\Admin\\BerandaAdmin.php', 29)
 2 SYSTEMPATH\View\View.php(226): include('C:\\xampp\\htdocs\\PBLS3\\app\\Views\\pages\\Admin\\BerandaAdmin.php')
 3 SYSTEMPATH\View\View.php(229): CodeIgniter\View\View->CodeIgniter\View\{closure}()
 4 SYSTEMPATH\Common.php(1188): CodeIgniter\View\View->render('pages/Admin/BerandaAdmin', [], true)
 5 APPPATH\Controllers\Login.php(56): view('pages/Admin/BerandaAdmin', [...])
 6 SYSTEMPATH\CodeIgniter.php(919): App\Controllers\Login->loginauth()
 7 SYSTEMPATH\CodeIgniter.php(494): CodeIgniter\CodeIgniter->runController(Object(App\Controllers\Login))
 8 SYSTEMPATH\CodeIgniter.php(353): CodeIgniter\CodeIgniter->handleRequest(null, Object(Config\Cache), false)
 9 FCPATH\index.php(79): CodeIgniter\CodeIgniter->run()
10 SYSTEMPATH\Commands\Server\rewrite.php(47): require_once('C:\\xampp\\htdocs\\PBLS3\\public\\index.php')
INFO - 2023-12-19 13:39:52 --> Session: Class initialized using 'CodeIgniter\Session\Handlers\FileHandler' driver.
CRITICAL - 2023-12-19 13:39:52 --> Undefined property: stdClass::$siapa
in APPPATH\Views\pages\Admin\BerandaAdmin.php on line 29.
 1 APPPATH\Views\pages\Admin\BerandaAdmin.php(29): CodeIgniter\Debug\Exceptions->errorHandler(2, 'Undefined property: stdClass::$siapa', 'C:\\xampp\\htdocs\\PBLS3\\app\\Views\\pages\\Admin\\BerandaAdmin.php', 29)
 2 SYSTEMPATH\View\View.php(226): include('C:\\xampp\\htdocs\\PBLS3\\app\\Views\\pages\\Admin\\BerandaAdmin.php')
 3 SYSTEMPATH\View\View.php(229): CodeIgniter\View\View->CodeIgniter\View\{closure}()
 4 SYSTEMPATH\Common.php(1188): CodeIgniter\View\View->render('pages/Admin/BerandaAdmin', [], true)
 5 APPPATH\Controllers\Login.php(56): view('pages/Admin/BerandaAdmin', [...])
 6 SYSTEMPATH\CodeIgniter.php(919): App\Controllers\Login->loginauth()
 7 SYSTEMPATH\CodeIgniter.php(494): CodeIgniter\CodeIgniter->runController(Object(App\Controllers\Login))
 8 SYSTEMPATH\CodeIgniter.php(353): CodeIgniter\CodeIgniter->handleRequest(null, Object(Config\Cache), false)
 9 FCPATH\index.php(79): CodeIgniter\CodeIgniter->run()
10 SYSTEMPATH\Commands\Server\rewrite.php(47): require_once('C:\\xampp\\htdocs\\PBLS3\\public\\index.php')
INFO - 2023-12-19 13:44:13 --> Session: Class initialized using 'CodeIgniter\Session\Handlers\FileHandler' driver.
INFO - 2023-12-19 13:44:40 --> Session: Class initialized using 'CodeIgniter\Session\Handlers\FileHandler' driver.
INFO - 2023-12-19 13:45:12 --> Session: Class initialized using 'CodeIgniter\Session\Handlers\FileHandler' driver.
CRITICAL - 2023-12-19 13:59:49 --> Undefined property: stdClass::$keluhan
in APPPATH\Views\pages\Admin\BerandaAdmin.php on line 29.
 1 APPPATH\Views\pages\Admin\BerandaAdmin.php(29): CodeIgniter\Debug\Exceptions->errorHandler(2, 'Undefined property: stdClass::$keluhan', 'C:\\xampp\\htdocs\\PBLS3\\app\\Views\\pages\\Admin\\BerandaAdmin.php', 29)
 2 SYSTEMPATH\View\View.php(226): include('C:\\xampp\\htdocs\\PBLS3\\app\\Views\\pages\\Admin\\BerandaAdmin.php')
 3 SYSTEMPATH\View\View.php(229): CodeIgniter\View\View->CodeIgniter\View\{closure}()
 4 SYSTEMPATH\Common.php(1188): CodeIgniter\View\View->render('pages/Admin/BerandaAdmin', [], true)
 5 APPPATH\Controllers\BerandaAdminController.php(35): view('pages/Admin/BerandaAdmin', [...])
 6 SYSTEMPATH\CodeIgniter.php(919): App\Controllers\BerandaAdminController->BerandaAdmin()
 7 SYSTEMPATH\CodeIgniter.php(494): CodeIgniter\CodeIgniter->runController(Object(App\Controllers\BerandaAdminController))
 8 SYSTEMPATH\CodeIgniter.php(353): CodeIgniter\CodeIgniter->handleRequest(null, Object(Config\Cache), false)
 9 FCPATH\index.php(79): CodeIgniter\CodeIgniter->run()
10 SYSTEMPATH\Commands\Server\rewrite.php(47): require_once('C:\\xampp\\htdocs\\PBLS3\\public\\index.php')
CRITICAL - 2023-12-19 14:00:41 --> Undefined property: stdClass::$keluhan
in APPPATH\Views\pages\Admin\BerandaAdmin.php on line 29.
 1 APPPATH\Views\pages\Admin\BerandaAdmin.php(29): CodeIgniter\Debug\Exceptions->errorHandler(2, 'Undefined property: stdClass::$keluhan', 'C:\\xampp\\htdocs\\PBLS3\\app\\Views\\pages\\Admin\\BerandaAdmin.php', 29)
 2 SYSTEMPATH\View\View.php(226): include('C:\\xampp\\htdocs\\PBLS3\\app\\Views\\pages\\Admin\\BerandaAdmin.php')
 3 SYSTEMPATH\View\View.php(229): CodeIgniter\View\View->CodeIgniter\View\{closure}()
 4 SYSTEMPATH\Common.php(1188): CodeIgniter\View\View->render('pages/Admin/BerandaAdmin', [], true)
 5 APPPATH\Controllers\BerandaAdminController.php(35): view('pages/Admin/BerandaAdmin', [...])
 6 SYSTEMPATH\CodeIgniter.php(919): App\Controllers\BerandaAdminController->BerandaAdmin()
 7 SYSTEMPATH\CodeIgniter.php(494): CodeIgniter\CodeIgniter->runController(Object(App\Controllers\BerandaAdminController))
 8 SYSTEMPATH\CodeIgniter.php(353): CodeIgniter\CodeIgniter->handleRequest(null, Object(Config\Cache), false)
 9 FCPATH\index.php(79): CodeIgniter\CodeIgniter->run()
10 SYSTEMPATH\Commands\Server\rewrite.php(47): require_once('C:\\xampp\\htdocs\\PBLS3\\public\\index.php')
CRITICAL - 2023-12-19 14:00:49 --> Undefined property: stdClass::$keluhan
in APPPATH\Views\pages\Admin\BerandaAdmin.php on line 29.
 1 APPPATH\Views\pages\Admin\BerandaAdmin.php(29): CodeIgniter\Debug\Exceptions->errorHandler(2, 'Undefined property: stdClass::$keluhan', 'C:\\xampp\\htdocs\\PBLS3\\app\\Views\\pages\\Admin\\BerandaAdmin.php', 29)
 2 SYSTEMPATH\View\View.php(226): include('C:\\xampp\\htdocs\\PBLS3\\app\\Views\\pages\\Admin\\BerandaAdmin.php')
 3 SYSTEMPATH\View\View.php(229): CodeIgniter\View\View->CodeIgniter\View\{closure}()
 4 SYSTEMPATH\Common.php(1188): CodeIgniter\View\View->render('pages/Admin/BerandaAdmin', [], true)
 5 APPPATH\Controllers\BerandaAdminController.php(35): view('pages/Admin/BerandaAdmin', [...])
 6 SYSTEMPATH\CodeIgniter.php(919): App\Controllers\BerandaAdminController->BerandaAdmin()
 7 SYSTEMPATH\CodeIgniter.php(494): CodeIgniter\CodeIgniter->runController(Object(App\Controllers\BerandaAdminController))
 8 SYSTEMPATH\CodeIgniter.php(353): CodeIgniter\CodeIgniter->handleRequest(null, Object(Config\Cache), false)
 9 FCPATH\index.php(79): CodeIgniter\CodeIgniter->run()
10 SYSTEMPATH\Commands\Server\rewrite.php(47): require_once('C:\\xampp\\htdocs\\PBLS3\\public\\index.php')
CRITICAL - 2023-12-19 14:01:11 --> Undefined property: stdClass::$keluhan
in APPPATH\Views\pages\Admin\BerandaAdmin.php on line 29.
 1 APPPATH\Views\pages\Admin\BerandaAdmin.php(29): CodeIgniter\Debug\Exceptions->errorHandler(2, 'Undefined property: stdClass::$keluhan', 'C:\\xampp\\htdocs\\PBLS3\\app\\Views\\pages\\Admin\\BerandaAdmin.php', 29)
 2 SYSTEMPATH\View\View.php(226): include('C:\\xampp\\htdocs\\PBLS3\\app\\Views\\pages\\Admin\\BerandaAdmin.php')
 3 SYSTEMPATH\View\View.php(229): CodeIgniter\View\View->CodeIgniter\View\{closure}()
 4 SYSTEMPATH\Common.php(1188): CodeIgniter\View\View->render('pages/Admin/BerandaAdmin', [], true)
 5 APPPATH\Controllers\BerandaAdminController.php(35): view('pages/Admin/BerandaAdmin', [...])
 6 SYSTEMPATH\CodeIgniter.php(919): App\Controllers\BerandaAdminController->BerandaAdmin()
 7 SYSTEMPATH\CodeIgniter.php(494): CodeIgniter\CodeIgniter->runController(Object(App\Controllers\BerandaAdminController))
 8 SYSTEMPATH\CodeIgniter.php(353): CodeIgniter\CodeIgniter->handleRequest(null, Object(Config\Cache), false)
 9 FCPATH\index.php(79): CodeIgniter\CodeIgniter->run()
10 SYSTEMPATH\Commands\Server\rewrite.php(47): require_once('C:\\xampp\\htdocs\\PBLS3\\public\\index.php')
ERROR - 2023-12-19 14:04:15 --> mysqli_sql_exception: Unknown column 'kontaklain' in 'field list' in C:\xampp\htdocs\PBLS3\system\Database\MySQLi\Connection.php:306
Stack trace:
#0 C:\xampp\htdocs\PBLS3\system\Database\MySQLi\Connection.php(306): mysqli->query('INSERT INTO `pe...', 0)
#1 C:\xampp\htdocs\PBLS3\system\Database\BaseConnection.php(692): CodeIgniter\Database\MySQLi\Connection->execute('INSERT INTO `pe...')
#2 C:\xampp\htdocs\PBLS3\system\Database\BaseConnection.php(606): CodeIgniter\Database\BaseConnection->simpleQuery('INSERT INTO `pe...')
#3 C:\xampp\htdocs\PBLS3\system\Database\BaseBuilder.php(2308): CodeIgniter\Database\BaseConnection->query('INSERT INTO `pe...', Array, false)
#4 C:\xampp\htdocs\PBLS3\system\Model.php(319): CodeIgniter\Database\BaseBuilder->insert()
#5 C:\xampp\htdocs\PBLS3\system\BaseModel.php(788): CodeIgniter\Model->doInsert(Array)
#6 C:\xampp\htdocs\PBLS3\system\Model.php(715): CodeIgniter\BaseModel->insert(Array, true)
#7 C:\xampp\htdocs\PBLS3\app\Controllers\Pengaduan.php(91): CodeIgniter\Model->insert(Array)
#8 C:\xampp\htdocs\PBLS3\system\CodeIgniter.php(919): App\Controllers\Pengaduan->index()
#9 C:\xampp\htdocs\PBLS3\system\CodeIgniter.php(494): CodeIgniter\CodeIgniter->runController(Object(App\Controllers\Pengaduan))
#10 C:\xampp\htdocs\PBLS3\system\CodeIgniter.php(353): CodeIgniter\CodeIgniter->handleRequest(NULL, Object(Config\Cache), false)
#11 C:\xampp\htdocs\PBLS3\public\index.php(79): CodeIgniter\CodeIgniter->run()
#12 C:\xampp\htdocs\PBLS3\system\Commands\Server\rewrite.php(47): require_once('C:\\xampp\\htdocs...')
#13 {main}
CRITICAL - 2023-12-19 14:04:15 --> Unknown column 'kontaklain' in 'field list'
in SYSTEMPATH\Database\BaseConnection.php on line 646.
 1 SYSTEMPATH\Database\BaseBuilder.php(2308): CodeIgniter\Database\BaseConnection->query('INSERT INTO `pengaduan` (`siapa`, `korban`, `sila`, `masih`, `tanggung`, `apa`, `kejadian`, `lokasi`, `detail`, `pelaku`, `kontak`, `kontaklain`, `email`, `info`) VALUES (:siapa:, :korban:, :sila:, :masih:, :tanggung:, :apa:, :kejadian:, :lokasi:, :detail:, :pelaku:, :kontak:, :kontaklain:, :email:, :info:)', [...], false)
 2 SYSTEMPATH\Model.php(319): CodeIgniter\Database\BaseBuilder->insert()
 3 SYSTEMPATH\BaseModel.php(788): CodeIgniter\Model->doInsert([...])
 4 SYSTEMPATH\Model.php(715): CodeIgniter\BaseModel->insert([...], true)
 5 APPPATH\Controllers\Pengaduan.php(91): CodeIgniter\Model->insert([...])
 6 SYSTEMPATH\CodeIgniter.php(919): App\Controllers\Pengaduan->index()
 7 SYSTEMPATH\CodeIgniter.php(494): CodeIgniter\CodeIgniter->runController(Object(App\Controllers\Pengaduan))
 8 SYSTEMPATH\CodeIgniter.php(353): CodeIgniter\CodeIgniter->handleRequest(null, Object(Config\Cache), false)
 9 FCPATH\index.php(79): CodeIgniter\CodeIgniter->run()
10 SYSTEMPATH\Commands\Server\rewrite.php(47): require_once('C:\\xampp\\htdocs\\PBLS3\\public\\index.php')
ERROR - 2023-12-19 14:06:11 --> mysqli_sql_exception: Unknown column 'kontaklain' in 'field list' in C:\xampp\htdocs\PBLS3\system\Database\MySQLi\Connection.php:306
Stack trace:
#0 C:\xampp\htdocs\PBLS3\system\Database\MySQLi\Connection.php(306): mysqli->query('INSERT INTO `pe...', 0)
#1 C:\xampp\htdocs\PBLS3\system\Database\BaseConnection.php(692): CodeIgniter\Database\MySQLi\Connection->execute('INSERT INTO `pe...')
#2 C:\xampp\htdocs\PBLS3\system\Database\BaseConnection.php(606): CodeIgniter\Database\BaseConnection->simpleQuery('INSERT INTO `pe...')
#3 C:\xampp\htdocs\PBLS3\system\Database\BaseBuilder.php(2308): CodeIgniter\Database\BaseConnection->query('INSERT INTO `pe...', Array, false)
#4 C:\xampp\htdocs\PBLS3\system\Model.php(319): CodeIgniter\Database\BaseBuilder->insert()
#5 C:\xampp\htdocs\PBLS3\system\BaseModel.php(788): CodeIgniter\Model->doInsert(Array)
#6 C:\xampp\htdocs\PBLS3\system\Model.php(715): CodeIgniter\BaseModel->insert(Array, true)
#7 C:\xampp\htdocs\PBLS3\app\Controllers\Pengaduan.php(91): CodeIgniter\Model->insert(Array)
#8 C:\xampp\htdocs\PBLS3\system\CodeIgniter.php(919): App\Controllers\Pengaduan->index()
#9 C:\xampp\htdocs\PBLS3\system\CodeIgniter.php(494): CodeIgniter\CodeIgniter->runController(Object(App\Controllers\Pengaduan))
#10 C:\xampp\htdocs\PBLS3\system\CodeIgniter.php(353): CodeIgniter\CodeIgniter->handleRequest(NULL, Object(Config\Cache), false)
#11 C:\xampp\htdocs\PBLS3\public\index.php(79): CodeIgniter\CodeIgniter->run()
#12 C:\xampp\htdocs\PBLS3\system\Commands\Server\rewrite.php(47): require_once('C:\\xampp\\htdocs...')
#13 {main}
CRITICAL - 2023-12-19 14:06:11 --> Unknown column 'kontaklain' in 'field list'
in SYSTEMPATH\Database\BaseConnection.php on line 646.
 1 SYSTEMPATH\Database\BaseBuilder.php(2308): CodeIgniter\Database\BaseConnection->query('INSERT INTO `pengaduan` (`siapa`, `korban`, `sila`, `masih`, `tanggung`, `apa`, `kejadian`, `lokasi`, `detail`, `pelaku`, `kontak`, `kontaklain`, `email`, `info`) VALUES (:siapa:, :korban:, :sila:, :masih:, :tanggung:, :apa:, :kejadian:, :lokasi:, :detail:, :pelaku:, :kontak:, :kontaklain:, :email:, :info:)', [...], false)
 2 SYSTEMPATH\Model.php(319): CodeIgniter\Database\BaseBuilder->insert()
 3 SYSTEMPATH\BaseModel.php(788): CodeIgniter\Model->doInsert([...])
 4 SYSTEMPATH\Model.php(715): CodeIgniter\BaseModel->insert([...], true)
 5 APPPATH\Controllers\Pengaduan.php(91): CodeIgniter\Model->insert([...])
 6 SYSTEMPATH\CodeIgniter.php(919): App\Controllers\Pengaduan->index()
 7 SYSTEMPATH\CodeIgniter.php(494): CodeIgniter\CodeIgniter->runController(Object(App\Controllers\Pengaduan))
 8 SYSTEMPATH\CodeIgniter.php(353): CodeIgniter\CodeIgniter->handleRequest(null, Object(Config\Cache), false)
 9 FCPATH\index.php(79): CodeIgniter\CodeIgniter->run()
10 SYSTEMPATH\Commands\Server\rewrite.php(47): require_once('C:\\xampp\\htdocs\\PBLS3\\public\\index.php')
ERROR - 2023-12-19 14:14:26 --> mysqli_sql_exception: Unknown column 'kontaklain' in 'field list' in C:\xampp\htdocs\PBLS3\system\Database\MySQLi\Connection.php:306
Stack trace:
#0 C:\xampp\htdocs\PBLS3\system\Database\MySQLi\Connection.php(306): mysqli->query('INSERT INTO `pe...', 0)
#1 C:\xampp\htdocs\PBLS3\system\Database\BaseConnection.php(692): CodeIgniter\Database\MySQLi\Connection->execute('INSERT INTO `pe...')
#2 C:\xampp\htdocs\PBLS3\system\Database\BaseConnection.php(606): CodeIgniter\Database\BaseConnection->simpleQuery('INSERT INTO `pe...')
#3 C:\xampp\htdocs\PBLS3\system\Database\BaseBuilder.php(2308): CodeIgniter\Database\BaseConnection->query('INSERT INTO `pe...', Array, false)
#4 C:\xampp\htdocs\PBLS3\system\Model.php(319): CodeIgniter\Database\BaseBuilder->insert()
#5 C:\xampp\htdocs\PBLS3\system\BaseModel.php(788): CodeIgniter\Model->doInsert(Array)
#6 C:\xampp\htdocs\PBLS3\system\Model.php(715): CodeIgniter\BaseModel->insert(Array, true)
#7 C:\xampp\htdocs\PBLS3\app\Controllers\Pengaduan.php(91): CodeIgniter\Model->insert(Array)
#8 C:\xampp\htdocs\PBLS3\system\CodeIgniter.php(919): App\Controllers\Pengaduan->index()
#9 C:\xampp\htdocs\PBLS3\system\CodeIgniter.php(494): CodeIgniter\CodeIgniter->runController(Object(App\Controllers\Pengaduan))
#10 C:\xampp\htdocs\PBLS3\system\CodeIgniter.php(353): CodeIgniter\CodeIgniter->handleRequest(NULL, Object(Config\Cache), false)
#11 C:\xampp\htdocs\PBLS3\public\index.php(79): CodeIgniter\CodeIgniter->run()
#12 C:\xampp\htdocs\PBLS3\system\Commands\Server\rewrite.php(47): require_once('C:\\xampp\\htdocs...')
#13 {main}
CRITICAL - 2023-12-19 14:14:26 --> Unknown column 'kontaklain' in 'field list'
in SYSTEMPATH\Database\BaseConnection.php on line 646.
 1 SYSTEMPATH\Database\BaseBuilder.php(2308): CodeIgniter\Database\BaseConnection->query('INSERT INTO `pengaduan` (`siapa`, `korban`, `sila`, `masih`, `tanggung`, `apa`, `kejadian`, `lokasi`, `detail`, `pelaku`, `kontak`, `kontaklain`, `email`, `info`) VALUES (:siapa:, :korban:, :sila:, :masih:, :tanggung:, :apa:, :kejadian:, :lokasi:, :detail:, :pelaku:, :kontak:, :kontaklain:, :email:, :info:)', [...], false)
 2 SYSTEMPATH\Model.php(319): CodeIgniter\Database\BaseBuilder->insert()
 3 SYSTEMPATH\BaseModel.php(788): CodeIgniter\Model->doInsert([...])
 4 SYSTEMPATH\Model.php(715): CodeIgniter\BaseModel->insert([...], true)
 5 APPPATH\Controllers\Pengaduan.php(91): CodeIgniter\Model->insert([...])
 6 SYSTEMPATH\CodeIgniter.php(919): App\Controllers\Pengaduan->index()
 7 SYSTEMPATH\CodeIgniter.php(494): CodeIgniter\CodeIgniter->runController(Object(App\Controllers\Pengaduan))
 8 SYSTEMPATH\CodeIgniter.php(353): CodeIgniter\CodeIgniter->handleRequest(null, Object(Config\Cache), false)
 9 FCPATH\index.php(79): CodeIgniter\CodeIgniter->run()
10 SYSTEMPATH\Commands\Server\rewrite.php(47): require_once('C:\\xampp\\htdocs\\PBLS3\\public\\index.php')
ERROR - 2023-12-19 14:16:40 --> mysqli_sql_exception: Unknown column 'info' in 'field list' in C:\xampp\htdocs\PBLS3\system\Database\MySQLi\Connection.php:306
Stack trace:
#0 C:\xampp\htdocs\PBLS3\system\Database\MySQLi\Connection.php(306): mysqli->query('INSERT INTO `pe...', 0)
#1 C:\xampp\htdocs\PBLS3\system\Database\BaseConnection.php(692): CodeIgniter\Database\MySQLi\Connection->execute('INSERT INTO `pe...')
#2 C:\xampp\htdocs\PBLS3\system\Database\BaseConnection.php(606): CodeIgniter\Database\BaseConnection->simpleQuery('INSERT INTO `pe...')
#3 C:\xampp\htdocs\PBLS3\system\Database\BaseBuilder.php(2308): CodeIgniter\Database\BaseConnection->query('INSERT INTO `pe...', Array, false)
#4 C:\xampp\htdocs\PBLS3\system\Model.php(319): CodeIgniter\Database\BaseBuilder->insert()
#5 C:\xampp\htdocs\PBLS3\system\BaseModel.php(788): CodeIgniter\Model->doInsert(Array)
#6 C:\xampp\htdocs\PBLS3\system\Model.php(715): CodeIgniter\BaseModel->insert(Array, true)
#7 C:\xampp\htdocs\PBLS3\app\Controllers\Pengaduan.php(91): CodeIgniter\Model->insert(Array)
#8 C:\xampp\htdocs\PBLS3\system\CodeIgniter.php(919): App\Controllers\Pengaduan->index()
#9 C:\xampp\htdocs\PBLS3\system\CodeIgniter.php(494): CodeIgniter\CodeIgniter->runController(Object(App\Controllers\Pengaduan))
#10 C:\xampp\htdocs\PBLS3\system\CodeIgniter.php(353): CodeIgniter\CodeIgniter->handleRequest(NULL, Object(Config\Cache), false)
#11 C:\xampp\htdocs\PBLS3\public\index.php(79): CodeIgniter\CodeIgniter->run()
#12 C:\xampp\htdocs\PBLS3\system\Commands\Server\rewrite.php(47): require_once('C:\\xampp\\htdocs...')
#13 {main}
CRITICAL - 2023-12-19 14:16:40 --> Unknown column 'info' in 'field list'
in SYSTEMPATH\Database\BaseConnection.php on line 646.
 1 SYSTEMPATH\Database\BaseBuilder.php(2308): CodeIgniter\Database\BaseConnection->query('INSERT INTO `pengaduan` (`siapa`, `korban`, `sila`, `masih`, `tanggung`, `apa`, `kejadian`, `lokasi`, `detail`, `pelaku`, `kontak`, `kontaklain`, `email`, `info`) VALUES (:siapa:, :korban:, :sila:, :masih:, :tanggung:, :apa:, :kejadian:, :lokasi:, :detail:, :pelaku:, :kontak:, :kontaklain:, :email:, :info:)', [...], false)
 2 SYSTEMPATH\Model.php(319): CodeIgniter\Database\BaseBuilder->insert()
 3 SYSTEMPATH\BaseModel.php(788): CodeIgniter\Model->doInsert([...])
 4 SYSTEMPATH\Model.php(715): CodeIgniter\BaseModel->insert([...], true)
 5 APPPATH\Controllers\Pengaduan.php(91): CodeIgniter\Model->insert([...])
 6 SYSTEMPATH\CodeIgniter.php(919): App\Controllers\Pengaduan->index()
 7 SYSTEMPATH\CodeIgniter.php(494): CodeIgniter\CodeIgniter->runController(Object(App\Controllers\Pengaduan))
 8 SYSTEMPATH\CodeIgniter.php(353): CodeIgniter\CodeIgniter->handleRequest(null, Object(Config\Cache), false)
 9 FCPATH\index.php(79): CodeIgniter\CodeIgniter->run()
10 SYSTEMPATH\Commands\Server\rewrite.php(47): require_once('C:\\xampp\\htdocs\\PBLS3\\public\\index.php')
INFO - 2023-12-19 14:18:56 --> Session: Class initialized using 'CodeIgniter\Session\Handlers\FileHandler' driver.
