ERROR - 2023-11-15 00:59:26 --> Error connecting to the database: mysqli_sql_exception: No connection could be made because the target machine actively refused it.
 in C:\xampp\htdocs\PBL S3\system\Database\MySQLi\Connection.php:185
Stack trace:
#0 C:\xampp\htdocs\PBL S3\system\Database\MySQLi\Connection.php(185): mysqli->real_connect('localhost', 'root', '', 'ppks', 3306, '', 0)
#1 C:\xampp\htdocs\PBL S3\system\Database\BaseConnection.php(391): CodeIgniter\Database\MySQLi\Connection->connect(false)
#2 C:\xampp\htdocs\PBL S3\system\Database\BaseConnection.php(574): CodeIgniter\Database\BaseConnection->initialize()
#3 C:\xampp\htdocs\PBL S3\system\Database\BaseBuilder.php(1615): CodeIgniter\Database\BaseConnection->query('SELECT *\nFROM `...', Array, false)
#4 C:\xampp\htdocs\PBL S3\system\Model.php(237): CodeIgniter\Database\BaseBuilder->get()
#5 C:\xampp\htdocs\PBL S3\system\BaseModel.php(624): CodeIgniter\Model->doFindAll(0, 0)
#6 C:\xampp\htdocs\PBL S3\app\Controllers\Artikel.php(17): CodeIgniter\BaseModel->findAll()
#7 C:\xampp\htdocs\PBL S3\system\CodeIgniter.php(919): App\Controllers\Artikel->artikel()
#8 C:\xampp\htdocs\PBL S3\system\CodeIgniter.php(494): CodeIgniter\CodeIgniter->runController(Object(App\Controllers\Artikel))
#9 C:\xampp\htdocs\PBL S3\system\CodeIgniter.php(353): CodeIgniter\CodeIgniter->handleRequest(NULL, Object(Config\Cache), false)
#10 C:\xampp\htdocs\PBL S3\public\index.php(79): CodeIgniter\CodeIgniter->run()
#11 C:\xampp\htdocs\PBL S3\system\Commands\Server\rewrite.php(47): require_once('C:\\xampp\\htdocs...')
#12 {main}

Next CodeIgniter\Database\Exceptions\DatabaseException: No connection could be made because the target machine actively refused it.
 in C:\xampp\htdocs\PBL S3\system\Database\MySQLi\Connection.php:229
Stack trace:
#0 C:\xampp\htdocs\PBL S3\system\Database\BaseConnection.php(391): CodeIgniter\Database\MySQLi\Connection->connect(false)
#1 C:\xampp\htdocs\PBL S3\system\Database\BaseConnection.php(574): CodeIgniter\Database\BaseConnection->initialize()
#2 C:\xampp\htdocs\PBL S3\system\Database\BaseBuilder.php(1615): CodeIgniter\Database\BaseConnection->query('SELECT *\nFROM `...', Array, false)
#3 C:\xampp\htdocs\PBL S3\system\Model.php(237): CodeIgniter\Database\BaseBuilder->get()
#4 C:\xampp\htdocs\PBL S3\system\BaseModel.php(624): CodeIgniter\Model->doFindAll(0, 0)
#5 C:\xampp\htdocs\PBL S3\app\Controllers\Artikel.php(17): CodeIgniter\BaseModel->findAll()
#6 C:\xampp\htdocs\PBL S3\system\CodeIgniter.php(919): App\Controllers\Artikel->artikel()
#7 C:\xampp\htdocs\PBL S3\system\CodeIgniter.php(494): CodeIgniter\CodeIgniter->runController(Object(App\Controllers\Artikel))
#8 C:\xampp\htdocs\PBL S3\system\CodeIgniter.php(353): CodeIgniter\CodeIgniter->handleRequest(NULL, Object(Config\Cache), false)
#9 C:\xampp\htdocs\PBL S3\public\index.php(79): CodeIgniter\CodeIgniter->run()
#10 C:\xampp\htdocs\PBL S3\system\Commands\Server\rewrite.php(47): require_once('C:\\xampp\\htdocs...')
#11 {main}
CRITICAL - 2023-11-15 00:59:26 --> Unable to connect to the database.
Main connection [MySQLi]: No connection could be made because the target machine actively refused it.

in SYSTEMPATH\Database\BaseConnection.php on line 427.
 1 SYSTEMPATH\Database\BaseConnection.php(574): CodeIgniter\Database\BaseConnection->initialize()
 2 SYSTEMPATH\Database\BaseBuilder.php(1615): CodeIgniter\Database\BaseConnection->query('SELECT *
FROM `artikel`', [], false)
 3 SYSTEMPATH\Model.php(237): CodeIgniter\Database\BaseBuilder->get()
 4 SYSTEMPATH\BaseModel.php(624): CodeIgniter\Model->doFindAll(0, 0)
 5 APPPATH\Controllers\Artikel.php(17): CodeIgniter\BaseModel->findAll()
 6 SYSTEMPATH\CodeIgniter.php(919): App\Controllers\Artikel->artikel()
 7 SYSTEMPATH\CodeIgniter.php(494): CodeIgniter\CodeIgniter->runController(Object(App\Controllers\Artikel))
 8 SYSTEMPATH\CodeIgniter.php(353): CodeIgniter\CodeIgniter->handleRequest(null, Object(Config\Cache), false)
 9 FCPATH\index.php(79): CodeIgniter\CodeIgniter->run()
10 SYSTEMPATH\Commands\Server\rewrite.php(47): require_once('C:\\xampp\\htdocs\\PBL S3\\public\\index.php')
CRITICAL - 2023-11-15 01:38:49 --> Invalid file: "pages/User/penganta.php"
in SYSTEMPATH\Exceptions\FrameworkException.php on line 39.
 1 SYSTEMPATH\View\View.php(214): CodeIgniter\Exceptions\FrameworkException::forInvalidFile('pages/User/penganta.php')
 2 SYSTEMPATH\Common.php(1188): CodeIgniter\View\View->render('pages/User/penganta', [], true)
 3 APPPATH\Controllers\Profil.php(19): view('pages/User/penganta')
 4 SYSTEMPATH\CodeIgniter.php(919): App\Controllers\Profil->pengantar()
 5 SYSTEMPATH\CodeIgniter.php(494): CodeIgniter\CodeIgniter->runController(Object(App\Controllers\Profil))
 6 SYSTEMPATH\CodeIgniter.php(353): CodeIgniter\CodeIgniter->handleRequest(null, Object(Config\Cache), false)
 7 FCPATH\index.php(79): CodeIgniter\CodeIgniter->run()
 8 SYSTEMPATH\Commands\Server\rewrite.php(47): require_once('C:\\xampp\\htdocs\\PBL S3\\public\\index.php')
CRITICAL - 2023-11-15 02:44:47 --> Undefined variable: artikel
in APPPATH\Views\pages\User\artikel.php on line 14.
 1 APPPATH\Views\pages\User\artikel.php(14): CodeIgniter\Debug\Exceptions->errorHandler(8, 'Undefined variable: artikel', 'C:\\xampp\\htdocs\\PBL S3\\app\\Views\\pages\\User\\artikel.php', 14, [...])
 2 SYSTEMPATH\View\View.php(226): include('C:\\xampp\\htdocs\\PBL S3\\app\\Views\\pages\\User\\artikel.php')
 3 SYSTEMPATH\View\View.php(229): CodeIgniter\View\View->CodeIgniter\View\{closure}()
 4 SYSTEMPATH\Common.php(1188): CodeIgniter\View\View->render('pages/User/artikel', [], true)
 5 APPPATH\Controllers\Profil.php(26): view('pages/User/artikel', [...])
 6 SYSTEMPATH\CodeIgniter.php(919): App\Controllers\Profil->pengantar()
 7 SYSTEMPATH\CodeIgniter.php(494): CodeIgniter\CodeIgniter->runController(Object(App\Controllers\Profil))
 8 SYSTEMPATH\CodeIgniter.php(353): CodeIgniter\CodeIgniter->handleRequest(null, Object(Config\Cache), false)
 9 FCPATH\index.php(79): CodeIgniter\CodeIgniter->run()
10 SYSTEMPATH\Commands\Server\rewrite.php(47): require_once('C:\\xampp\\htdocs\\PBL S3\\public\\index.php')
CRITICAL - 2023-11-15 02:46:05 --> Undefined variable: artikel
in APPPATH\Views\pages\User\artikel.php on line 14.
 1 APPPATH\Views\pages\User\artikel.php(14): CodeIgniter\Debug\Exceptions->errorHandler(8, 'Undefined variable: artikel', 'C:\\xampp\\htdocs\\PBL S3\\app\\Views\\pages\\User\\artikel.php', 14, [...])
 2 SYSTEMPATH\View\View.php(226): include('C:\\xampp\\htdocs\\PBL S3\\app\\Views\\pages\\User\\artikel.php')
 3 SYSTEMPATH\View\View.php(229): CodeIgniter\View\View->CodeIgniter\View\{closure}()
 4 SYSTEMPATH\Common.php(1188): CodeIgniter\View\View->render('pages/User/artikel', [], true)
 5 APPPATH\Controllers\Profil.php(26): view('pages/User/artikel', [...])
 6 SYSTEMPATH\CodeIgniter.php(919): App\Controllers\Profil->pengantar()
 7 SYSTEMPATH\CodeIgniter.php(494): CodeIgniter\CodeIgniter->runController(Object(App\Controllers\Profil))
 8 SYSTEMPATH\CodeIgniter.php(353): CodeIgniter\CodeIgniter->handleRequest(null, Object(Config\Cache), false)
 9 FCPATH\index.php(79): CodeIgniter\CodeIgniter->run()
10 SYSTEMPATH\Commands\Server\rewrite.php(47): require_once('C:\\xampp\\htdocs\\PBL S3\\public\\index.php')
CRITICAL - 2023-11-15 02:50:19 --> Undefined variable: artikel
in APPPATH\Views\pages\User\pengantar.php on line 12.
 1 APPPATH\Views\pages\User\pengantar.php(12): CodeIgniter\Debug\Exceptions->errorHandler(8, 'Undefined variable: artikel', 'C:\\xampp\\htdocs\\PBL S3\\app\\Views\\pages\\User\\pengantar.php', 12, [...])
 2 SYSTEMPATH\View\View.php(226): include('C:\\xampp\\htdocs\\PBL S3\\app\\Views\\pages\\User\\pengantar.php')
 3 SYSTEMPATH\View\View.php(229): CodeIgniter\View\View->CodeIgniter\View\{closure}()
 4 SYSTEMPATH\Common.php(1188): CodeIgniter\View\View->render('pages/User/pengantar', [], true)
 5 APPPATH\Controllers\Profil.php(26): view('pages/User/pengantar', [...])
 6 SYSTEMPATH\CodeIgniter.php(919): App\Controllers\Profil->pengantar()
 7 SYSTEMPATH\CodeIgniter.php(494): CodeIgniter\CodeIgniter->runController(Object(App\Controllers\Profil))
 8 SYSTEMPATH\CodeIgniter.php(353): CodeIgniter\CodeIgniter->handleRequest(null, Object(Config\Cache), false)
 9 FCPATH\index.php(79): CodeIgniter\CodeIgniter->run()
10 SYSTEMPATH\Commands\Server\rewrite.php(47): require_once('C:\\xampp\\htdocs\\PBL S3\\public\\index.php')
CRITICAL - 2023-11-15 02:50:43 --> Undefined index: keterangan
in APPPATH\Views\pages\User\pengantar.php on line 12.
 1 APPPATH\Views\pages\User\pengantar.php(12): CodeIgniter\Debug\Exceptions->errorHandler(8, 'Undefined index: keterangan', 'C:\\xampp\\htdocs\\PBL S3\\app\\Views\\pages\\User\\pengantar.php', 12, [...])
 2 SYSTEMPATH\View\View.php(226): include('C:\\xampp\\htdocs\\PBL S3\\app\\Views\\pages\\User\\pengantar.php')
 3 SYSTEMPATH\View\View.php(229): CodeIgniter\View\View->CodeIgniter\View\{closure}()
 4 SYSTEMPATH\Common.php(1188): CodeIgniter\View\View->render('pages/User/pengantar', [], true)
 5 APPPATH\Controllers\Profil.php(26): view('pages/User/pengantar', [...])
 6 SYSTEMPATH\CodeIgniter.php(919): App\Controllers\Profil->pengantar()
 7 SYSTEMPATH\CodeIgniter.php(494): CodeIgniter\CodeIgniter->runController(Object(App\Controllers\Profil))
 8 SYSTEMPATH\CodeIgniter.php(353): CodeIgniter\CodeIgniter->handleRequest(null, Object(Config\Cache), false)
 9 FCPATH\index.php(79): CodeIgniter\CodeIgniter->run()
10 SYSTEMPATH\Commands\Server\rewrite.php(47): require_once('C:\\xampp\\htdocs\\PBL S3\\public\\index.php')
CRITICAL - 2023-11-15 02:51:45 --> Undefined index: alamat
in APPPATH\Views\pages\User\pengantar.php on line 12.
 1 APPPATH\Views\pages\User\pengantar.php(12): CodeIgniter\Debug\Exceptions->errorHandler(8, 'Undefined index: alamat', 'C:\\xampp\\htdocs\\PBL S3\\app\\Views\\pages\\User\\pengantar.php', 12, [...])
 2 SYSTEMPATH\View\View.php(226): include('C:\\xampp\\htdocs\\PBL S3\\app\\Views\\pages\\User\\pengantar.php')
 3 SYSTEMPATH\View\View.php(229): CodeIgniter\View\View->CodeIgniter\View\{closure}()
 4 SYSTEMPATH\Common.php(1188): CodeIgniter\View\View->render('pages/User/pengantar', [], true)
 5 APPPATH\Controllers\Profil.php(26): view('pages/User/pengantar', [...])
 6 SYSTEMPATH\CodeIgniter.php(919): App\Controllers\Profil->pengantar()
 7 SYSTEMPATH\CodeIgniter.php(494): CodeIgniter\CodeIgniter->runController(Object(App\Controllers\Profil))
 8 SYSTEMPATH\CodeIgniter.php(353): CodeIgniter\CodeIgniter->handleRequest(null, Object(Config\Cache), false)
 9 FCPATH\index.php(79): CodeIgniter\CodeIgniter->run()
10 SYSTEMPATH\Commands\Server\rewrite.php(47): require_once('C:\\xampp\\htdocs\\PBL S3\\public\\index.php')
CRITICAL - 2023-11-15 02:52:33 --> Undefined offset: 1
in APPPATH\Views\pages\User\pengantar.php on line 12.
 1 APPPATH\Views\pages\User\pengantar.php(12): CodeIgniter\Debug\Exceptions->errorHandler(8, 'Undefined offset: 1', 'C:\\xampp\\htdocs\\PBL S3\\app\\Views\\pages\\User\\pengantar.php', 12, [...])
 2 SYSTEMPATH\View\View.php(226): include('C:\\xampp\\htdocs\\PBL S3\\app\\Views\\pages\\User\\pengantar.php')
 3 SYSTEMPATH\View\View.php(229): CodeIgniter\View\View->CodeIgniter\View\{closure}()
 4 SYSTEMPATH\Common.php(1188): CodeIgniter\View\View->render('pages/User/pengantar', [], true)
 5 APPPATH\Controllers\Profil.php(26): view('pages/User/pengantar', [...])
 6 SYSTEMPATH\CodeIgniter.php(919): App\Controllers\Profil->pengantar()
 7 SYSTEMPATH\CodeIgniter.php(494): CodeIgniter\CodeIgniter->runController(Object(App\Controllers\Profil))
 8 SYSTEMPATH\CodeIgniter.php(353): CodeIgniter\CodeIgniter->handleRequest(null, Object(Config\Cache), false)
 9 FCPATH\index.php(79): CodeIgniter\CodeIgniter->run()
10 SYSTEMPATH\Commands\Server\rewrite.php(47): require_once('C:\\xampp\\htdocs\\PBL S3\\public\\index.php')
CRITICAL - 2023-11-15 02:55:35 --> Undefined index: keterangan
in APPPATH\Views\pages\User\pengantar.php on line 12.
 1 APPPATH\Views\pages\User\pengantar.php(12): CodeIgniter\Debug\Exceptions->errorHandler(8, 'Undefined index: keterangan', 'C:\\xampp\\htdocs\\PBL S3\\app\\Views\\pages\\User\\pengantar.php', 12, [...])
 2 SYSTEMPATH\View\View.php(226): include('C:\\xampp\\htdocs\\PBL S3\\app\\Views\\pages\\User\\pengantar.php')
 3 SYSTEMPATH\View\View.php(229): CodeIgniter\View\View->CodeIgniter\View\{closure}()
 4 SYSTEMPATH\Common.php(1188): CodeIgniter\View\View->render('pages/User/pengantar', [], true)
 5 APPPATH\Controllers\Profil.php(26): view('pages/User/pengantar', [...])
 6 SYSTEMPATH\CodeIgniter.php(919): App\Controllers\Profil->pengantar()
 7 SYSTEMPATH\CodeIgniter.php(494): CodeIgniter\CodeIgniter->runController(Object(App\Controllers\Profil))
 8 SYSTEMPATH\CodeIgniter.php(353): CodeIgniter\CodeIgniter->handleRequest(null, Object(Config\Cache), false)
 9 FCPATH\index.php(79): CodeIgniter\CodeIgniter->run()
10 SYSTEMPATH\Commands\Server\rewrite.php(47): require_once('C:\\xampp\\htdocs\\PBL S3\\public\\index.php')
CRITICAL - 2023-11-15 02:55:42 --> Undefined index: keterangan
in APPPATH\Views\pages\User\pengantar.php on line 12.
 1 APPPATH\Views\pages\User\pengantar.php(12): CodeIgniter\Debug\Exceptions->errorHandler(8, 'Undefined index: keterangan', 'C:\\xampp\\htdocs\\PBL S3\\app\\Views\\pages\\User\\pengantar.php', 12, [...])
 2 SYSTEMPATH\View\View.php(226): include('C:\\xampp\\htdocs\\PBL S3\\app\\Views\\pages\\User\\pengantar.php')
 3 SYSTEMPATH\View\View.php(229): CodeIgniter\View\View->CodeIgniter\View\{closure}()
 4 SYSTEMPATH\Common.php(1188): CodeIgniter\View\View->render('pages/User/pengantar', [], true)
 5 APPPATH\Controllers\Profil.php(26): view('pages/User/pengantar', [...])
 6 SYSTEMPATH\CodeIgniter.php(919): App\Controllers\Profil->pengantar()
 7 SYSTEMPATH\CodeIgniter.php(494): CodeIgniter\CodeIgniter->runController(Object(App\Controllers\Profil))
 8 SYSTEMPATH\CodeIgniter.php(353): CodeIgniter\CodeIgniter->handleRequest(null, Object(Config\Cache), false)
 9 FCPATH\index.php(79): CodeIgniter\CodeIgniter->run()
10 SYSTEMPATH\Commands\Server\rewrite.php(47): require_once('C:\\xampp\\htdocs\\PBL S3\\public\\index.php')
CRITICAL - 2023-11-15 02:55:54 --> Undefined index: keterangan
in APPPATH\Views\pages\User\pengantar.php on line 12.
 1 APPPATH\Views\pages\User\pengantar.php(12): CodeIgniter\Debug\Exceptions->errorHandler(8, 'Undefined index: keterangan', 'C:\\xampp\\htdocs\\PBL S3\\app\\Views\\pages\\User\\pengantar.php', 12, [...])
 2 SYSTEMPATH\View\View.php(226): include('C:\\xampp\\htdocs\\PBL S3\\app\\Views\\pages\\User\\pengantar.php')
 3 SYSTEMPATH\View\View.php(229): CodeIgniter\View\View->CodeIgniter\View\{closure}()
 4 SYSTEMPATH\Common.php(1188): CodeIgniter\View\View->render('pages/User/pengantar', [], true)
 5 APPPATH\Controllers\Profil.php(26): view('pages/User/pengantar', [...])
 6 SYSTEMPATH\CodeIgniter.php(919): App\Controllers\Profil->pengantar()
 7 SYSTEMPATH\CodeIgniter.php(494): CodeIgniter\CodeIgniter->runController(Object(App\Controllers\Profil))
 8 SYSTEMPATH\CodeIgniter.php(353): CodeIgniter\CodeIgniter->handleRequest(null, Object(Config\Cache), false)
 9 FCPATH\index.php(79): CodeIgniter\CodeIgniter->run()
10 SYSTEMPATH\Commands\Server\rewrite.php(47): require_once('C:\\xampp\\htdocs\\PBL S3\\public\\index.php')
CRITICAL - 2023-11-15 02:55:59 --> Undefined index: keterangan
in APPPATH\Views\pages\User\pengantar.php on line 12.
 1 APPPATH\Views\pages\User\pengantar.php(12): CodeIgniter\Debug\Exceptions->errorHandler(8, 'Undefined index: keterangan', 'C:\\xampp\\htdocs\\PBL S3\\app\\Views\\pages\\User\\pengantar.php', 12, [...])
 2 SYSTEMPATH\View\View.php(226): include('C:\\xampp\\htdocs\\PBL S3\\app\\Views\\pages\\User\\pengantar.php')
 3 SYSTEMPATH\View\View.php(229): CodeIgniter\View\View->CodeIgniter\View\{closure}()
 4 SYSTEMPATH\Common.php(1188): CodeIgniter\View\View->render('pages/User/pengantar', [], true)
 5 APPPATH\Controllers\Profil.php(26): view('pages/User/pengantar', [...])
 6 SYSTEMPATH\CodeIgniter.php(919): App\Controllers\Profil->pengantar()
 7 SYSTEMPATH\CodeIgniter.php(494): CodeIgniter\CodeIgniter->runController(Object(App\Controllers\Profil))
 8 SYSTEMPATH\CodeIgniter.php(353): CodeIgniter\CodeIgniter->handleRequest(null, Object(Config\Cache), false)
 9 FCPATH\index.php(79): CodeIgniter\CodeIgniter->run()
10 SYSTEMPATH\Commands\Server\rewrite.php(47): require_once('C:\\xampp\\htdocs\\PBL S3\\public\\index.php')
CRITICAL - 2023-11-15 04:27:25 --> Call to a member function getPartialText() on array
in APPPATH\Controllers\Profil.php on line 19.
 1 SYSTEMPATH\CodeIgniter.php(919): App\Controllers\Profil->pengantar()
 2 SYSTEMPATH\CodeIgniter.php(494): CodeIgniter\CodeIgniter->runController(Object(App\Controllers\Profil))
 3 SYSTEMPATH\CodeIgniter.php(353): CodeIgniter\CodeIgniter->handleRequest(null, Object(Config\Cache), false)
 4 FCPATH\index.php(79): CodeIgniter\CodeIgniter->run()
 5 SYSTEMPATH\Commands\Server\rewrite.php(47): require_once('C:\\xampp\\htdocs\\PBL S3\\public\\index.php')
CRITICAL - 2023-11-15 04:27:25 --> Call to a member function getPartialText() on array
in APPPATH\Controllers\Profil.php on line 19.
 1 SYSTEMPATH\CodeIgniter.php(919): App\Controllers\Profil->pengantar()
 2 SYSTEMPATH\CodeIgniter.php(494): CodeIgniter\CodeIgniter->runController(Object(App\Controllers\Profil))
 3 SYSTEMPATH\CodeIgniter.php(353): CodeIgniter\CodeIgniter->handleRequest(null, Object(Config\Cache), false)
 4 FCPATH\index.php(79): CodeIgniter\CodeIgniter->run()
 5 SYSTEMPATH\Commands\Server\rewrite.php(47): require_once('C:\\xampp\\htdocs\\PBL S3\\public\\index.php')
CRITICAL - 2023-11-15 04:27:35 --> Call to a member function getPartialText() on array
in APPPATH\Controllers\Profil.php on line 19.
 1 SYSTEMPATH\CodeIgniter.php(919): App\Controllers\Profil->pengantar()
 2 SYSTEMPATH\CodeIgniter.php(494): CodeIgniter\CodeIgniter->runController(Object(App\Controllers\Profil))
 3 SYSTEMPATH\CodeIgniter.php(353): CodeIgniter\CodeIgniter->handleRequest(null, Object(Config\Cache), false)
 4 FCPATH\index.php(79): CodeIgniter\CodeIgniter->run()
 5 SYSTEMPATH\Commands\Server\rewrite.php(47): require_once('C:\\xampp\\htdocs\\PBL S3\\public\\index.php')
CRITICAL - 2023-11-15 04:28:00 --> Call to a member function getPartialText() on array
in APPPATH\Controllers\Profil.php on line 19.
 1 SYSTEMPATH\CodeIgniter.php(919): App\Controllers\Profil->pengantar()
 2 SYSTEMPATH\CodeIgniter.php(494): CodeIgniter\CodeIgniter->runController(Object(App\Controllers\Profil))
 3 SYSTEMPATH\CodeIgniter.php(353): CodeIgniter\CodeIgniter->handleRequest(null, Object(Config\Cache), false)
 4 FCPATH\index.php(79): CodeIgniter\CodeIgniter->run()
 5 SYSTEMPATH\Commands\Server\rewrite.php(47): require_once('C:\\xampp\\htdocs\\PBL S3\\public\\index.php')
CRITICAL - 2023-11-15 04:28:03 --> Call to a member function getPartialText() on array
in APPPATH\Controllers\Profil.php on line 19.
 1 SYSTEMPATH\CodeIgniter.php(919): App\Controllers\Profil->pengantar()
 2 SYSTEMPATH\CodeIgniter.php(494): CodeIgniter\CodeIgniter->runController(Object(App\Controllers\Profil))
 3 SYSTEMPATH\CodeIgniter.php(353): CodeIgniter\CodeIgniter->handleRequest(null, Object(Config\Cache), false)
 4 FCPATH\index.php(79): CodeIgniter\CodeIgniter->run()
 5 SYSTEMPATH\Commands\Server\rewrite.php(47): require_once('C:\\xampp\\htdocs\\PBL S3\\public\\index.php')
CRITICAL - 2023-11-15 04:28:57 --> Call to a member function getPartialText() on array
in APPPATH\Controllers\Profil.php on line 19.
 1 SYSTEMPATH\CodeIgniter.php(919): App\Controllers\Profil->pengantar()
 2 SYSTEMPATH\CodeIgniter.php(494): CodeIgniter\CodeIgniter->runController(Object(App\Controllers\Profil))
 3 SYSTEMPATH\CodeIgniter.php(353): CodeIgniter\CodeIgniter->handleRequest(null, Object(Config\Cache), false)
 4 FCPATH\index.php(79): CodeIgniter\CodeIgniter->run()
 5 SYSTEMPATH\Commands\Server\rewrite.php(47): require_once('C:\\xampp\\htdocs\\PBL S3\\public\\index.php')
CRITICAL - 2023-11-15 04:28:59 --> Call to a member function getPartialText() on array
in APPPATH\Controllers\Profil.php on line 19.
 1 SYSTEMPATH\CodeIgniter.php(919): App\Controllers\Profil->pengantar()
 2 SYSTEMPATH\CodeIgniter.php(494): CodeIgniter\CodeIgniter->runController(Object(App\Controllers\Profil))
 3 SYSTEMPATH\CodeIgniter.php(353): CodeIgniter\CodeIgniter->handleRequest(null, Object(Config\Cache), false)
 4 FCPATH\index.php(79): CodeIgniter\CodeIgniter->run()
 5 SYSTEMPATH\Commands\Server\rewrite.php(47): require_once('C:\\xampp\\htdocs\\PBL S3\\public\\index.php')
CRITICAL - 2023-11-15 16:02:39 --> Undefined index: id
in APPPATH\Views\pages\User\artikel.php on line 7.
 1 APPPATH\Views\pages\User\artikel.php(7): CodeIgniter\Debug\Exceptions->errorHandler(8, 'Undefined index: id', 'C:\\xampp\\htdocs\\PBL S3\\app\\Views\\pages\\User\\artikel.php', 7, [...])
 2 SYSTEMPATH\View\View.php(226): include('C:\\xampp\\htdocs\\PBL S3\\app\\Views\\pages\\User\\artikel.php')
 3 SYSTEMPATH\View\View.php(229): CodeIgniter\View\View->CodeIgniter\View\{closure}()
 4 SYSTEMPATH\Common.php(1188): CodeIgniter\View\View->render('pages/User/artikel', [], true)
 5 APPPATH\Controllers\Artikel.php(25): view('pages/User/artikel', [...])
 6 SYSTEMPATH\CodeIgniter.php(919): App\Controllers\Artikel->artikel()
 7 SYSTEMPATH\CodeIgniter.php(494): CodeIgniter\CodeIgniter->runController(Object(App\Controllers\Artikel))
 8 SYSTEMPATH\CodeIgniter.php(353): CodeIgniter\CodeIgniter->handleRequest(null, Object(Config\Cache), false)
 9 FCPATH\index.php(79): CodeIgniter\CodeIgniter->run()
10 SYSTEMPATH\Commands\Server\rewrite.php(47): require_once('C:\\xampp\\htdocs\\PBL S3\\public\\index.php')
CRITICAL - 2023-11-15 16:02:50 --> Undefined index: id
in APPPATH\Views\pages\User\artikel.php on line 8.
 1 APPPATH\Views\pages\User\artikel.php(8): CodeIgniter\Debug\Exceptions->errorHandler(8, 'Undefined index: id', 'C:\\xampp\\htdocs\\PBL S3\\app\\Views\\pages\\User\\artikel.php', 8, [...])
 2 SYSTEMPATH\View\View.php(226): include('C:\\xampp\\htdocs\\PBL S3\\app\\Views\\pages\\User\\artikel.php')
 3 SYSTEMPATH\View\View.php(229): CodeIgniter\View\View->CodeIgniter\View\{closure}()
 4 SYSTEMPATH\Common.php(1188): CodeIgniter\View\View->render('pages/User/artikel', [], true)
 5 APPPATH\Controllers\Artikel.php(25): view('pages/User/artikel', [...])
 6 SYSTEMPATH\CodeIgniter.php(919): App\Controllers\Artikel->artikel()
 7 SYSTEMPATH\CodeIgniter.php(494): CodeIgniter\CodeIgniter->runController(Object(App\Controllers\Artikel))
 8 SYSTEMPATH\CodeIgniter.php(353): CodeIgniter\CodeIgniter->handleRequest(null, Object(Config\Cache), false)
 9 FCPATH\index.php(79): CodeIgniter\CodeIgniter->run()
10 SYSTEMPATH\Commands\Server\rewrite.php(47): require_once('C:\\xampp\\htdocs\\PBL S3\\public\\index.php')
