ERROR - 2023-11-16 00:52:18 --> Error connecting to the database: mysqli_sql_exception: No connection could be made because the target machine actively refused it.
 in C:\xampp\htdocs\PBL S3\system\Database\MySQLi\Connection.php:185
Stack trace:
#0 C:\xampp\htdocs\PBL S3\system\Database\MySQLi\Connection.php(185): mysqli->real_connect('localhost', 'root', '', 'ppks', 3306, '', 0)
#1 C:\xampp\htdocs\PBL S3\system\Database\BaseConnection.php(391): CodeIgniter\Database\MySQLi\Connection->connect(false)
#2 C:\xampp\htdocs\PBL S3\system\Database\BaseConnection.php(574): CodeIgniter\Database\BaseConnection->initialize()
#3 C:\xampp\htdocs\PBL S3\system\Database\BaseBuilder.php(1615): CodeIgniter\Database\BaseConnection->query('SELECT *\nFROM `...', Array, false)
#4 C:\xampp\htdocs\PBL S3\system\Model.php(237): CodeIgniter\Database\BaseBuilder->get()
#5 C:\xampp\htdocs\PBL S3\system\BaseModel.php(624): CodeIgniter\Model->doFindAll(0, 0)
#6 C:\xampp\htdocs\PBL S3\app\Controllers\Profil.php(18): CodeIgniter\BaseModel->findAll()
#7 C:\xampp\htdocs\PBL S3\system\CodeIgniter.php(919): App\Controllers\Profil->pengantar()
#8 C:\xampp\htdocs\PBL S3\system\CodeIgniter.php(494): CodeIgniter\CodeIgniter->runController(Object(App\Controllers\Profil))
#9 C:\xampp\htdocs\PBL S3\system\CodeIgniter.php(353): CodeIgniter\CodeIgniter->handleRequest(NULL, Object(Config\Cache), false)
#10 C:\xampp\htdocs\PBL S3\public\index.php(79): CodeIgniter\CodeIgniter->run()
#11 C:\xampp\htdocs\PBL S3\system\Commands\Server\rewrite.php(47): require_once('C:\\xampp\\htdocs...')
#12 {main}

Next CodeIgniter\Database\Exceptions\DatabaseException: No connection could be made because the target machine actively refused it.
 in C:\xampp\htdocs\PBL S3\system\Database\MySQLi\Connection.php:229
Stack trace:
#0 C:\xampp\htdocs\PBL S3\system\Database\BaseConnection.php(391): CodeIgniter\Database\MySQLi\Connection->connect(false)
#1 C:\xampp\htdocs\PBL S3\system\Database\BaseConnection.php(574): CodeIgniter\Database\BaseConnection->initialize()
#2 C:\xampp\htdocs\PBL S3\system\Database\BaseBuilder.php(1615): CodeIgniter\Database\BaseConnection->query('SELECT *\nFROM `...', Array, false)
#3 C:\xampp\htdocs\PBL S3\system\Model.php(237): CodeIgniter\Database\BaseBuilder->get()
#4 C:\xampp\htdocs\PBL S3\system\BaseModel.php(624): CodeIgniter\Model->doFindAll(0, 0)
#5 C:\xampp\htdocs\PBL S3\app\Controllers\Profil.php(18): CodeIgniter\BaseModel->findAll()
#6 C:\xampp\htdocs\PBL S3\system\CodeIgniter.php(919): App\Controllers\Profil->pengantar()
#7 C:\xampp\htdocs\PBL S3\system\CodeIgniter.php(494): CodeIgniter\CodeIgniter->runController(Object(App\Controllers\Profil))
#8 C:\xampp\htdocs\PBL S3\system\CodeIgniter.php(353): CodeIgniter\CodeIgniter->handleRequest(NULL, Object(Config\Cache), false)
#9 C:\xampp\htdocs\PBL S3\public\index.php(79): CodeIgniter\CodeIgniter->run()
#10 C:\xampp\htdocs\PBL S3\system\Commands\Server\rewrite.php(47): require_once('C:\\xampp\\htdocs...')
#11 {main}
CRITICAL - 2023-11-16 00:52:18 --> Unable to connect to the database.
Main connection [MySQLi]: No connection could be made because the target machine actively refused it.

in SYSTEMPATH\Database\BaseConnection.php on line 427.
 1 SYSTEMPATH\Database\BaseConnection.php(574): CodeIgniter\Database\BaseConnection->initialize()
 2 SYSTEMPATH\Database\BaseBuilder.php(1615): CodeIgniter\Database\BaseConnection->query('SELECT *
FROM `profil`', [], false)
 3 SYSTEMPATH\Model.php(237): CodeIgniter\Database\BaseBuilder->get()
 4 SYSTEMPATH\BaseModel.php(624): CodeIgniter\Model->doFindAll(0, 0)
 5 APPPATH\Controllers\Profil.php(18): CodeIgniter\BaseModel->findAll()
 6 SYSTEMPATH\CodeIgniter.php(919): App\Controllers\Profil->pengantar()
 7 SYSTEMPATH\CodeIgniter.php(494): CodeIgniter\CodeIgniter->runController(Object(App\Controllers\Profil))
 8 SYSTEMPATH\CodeIgniter.php(353): CodeIgniter\CodeIgniter->handleRequest(null, Object(Config\Cache), false)
 9 FCPATH\index.php(79): CodeIgniter\CodeIgniter->run()
10 SYSTEMPATH\Commands\Server\rewrite.php(47): require_once('C:\\xampp\\htdocs\\PBL S3\\public\\index.php')
CRITICAL - 2023-11-16 01:18:30 --> Trying to access array offset on value of type null
in APPPATH\Views\pages\User\detailArtikel.php on line 2.
 1 APPPATH\Views\pages\User\detailArtikel.php(2): CodeIgniter\Debug\Exceptions->errorHandler(8, 'Trying to access array offset on value of type null', 'C:\\xampp\\htdocs\\PBL S3\\app\\Views\\pages\\User\\detailArtikel.php', 2, [...])
 2 SYSTEMPATH\View\View.php(226): include('C:\\xampp\\htdocs\\PBL S3\\app\\Views\\pages\\User\\detailArtikel.php')
 3 SYSTEMPATH\View\View.php(229): CodeIgniter\View\View->CodeIgniter\View\{closure}()
 4 SYSTEMPATH\Common.php(1188): CodeIgniter\View\View->render('pages/User/detailArtikel', [], true)
 5 APPPATH\Controllers\Artikel.php(38): view('pages/User/detailArtikel', [...])
 6 SYSTEMPATH\CodeIgniter.php(919): App\Controllers\Artikel->detailArtikel('1')
 7 SYSTEMPATH\CodeIgniter.php(494): CodeIgniter\CodeIgniter->runController(Object(App\Controllers\Artikel))
 8 SYSTEMPATH\CodeIgniter.php(353): CodeIgniter\CodeIgniter->handleRequest(null, Object(Config\Cache), false)
 9 FCPATH\index.php(79): CodeIgniter\CodeIgniter->run()
10 SYSTEMPATH\Commands\Server\rewrite.php(47): require_once('C:\\xampp\\htdocs\\PBL S3\\public\\index.php')
CRITICAL - 2023-11-16 01:19:29 --> Trying to access array offset on value of type null
in APPPATH\Views\pages\User\detailArtikel.php on line 2.
 1 APPPATH\Views\pages\User\detailArtikel.php(2): CodeIgniter\Debug\Exceptions->errorHandler(8, 'Trying to access array offset on value of type null', 'C:\\xampp\\htdocs\\PBL S3\\app\\Views\\pages\\User\\detailArtikel.php', 2, [...])
 2 SYSTEMPATH\View\View.php(226): include('C:\\xampp\\htdocs\\PBL S3\\app\\Views\\pages\\User\\detailArtikel.php')
 3 SYSTEMPATH\View\View.php(229): CodeIgniter\View\View->CodeIgniter\View\{closure}()
 4 SYSTEMPATH\Common.php(1188): CodeIgniter\View\View->render('pages/User/detailArtikel', [], true)
 5 APPPATH\Controllers\Artikel.php(38): view('pages/User/detailArtikel', [...])
 6 SYSTEMPATH\CodeIgniter.php(919): App\Controllers\Artikel->detailArtikel('1')
 7 SYSTEMPATH\CodeIgniter.php(494): CodeIgniter\CodeIgniter->runController(Object(App\Controllers\Artikel))
 8 SYSTEMPATH\CodeIgniter.php(353): CodeIgniter\CodeIgniter->handleRequest(null, Object(Config\Cache), false)
 9 FCPATH\index.php(79): CodeIgniter\CodeIgniter->run()
10 SYSTEMPATH\Commands\Server\rewrite.php(47): require_once('C:\\xampp\\htdocs\\PBL S3\\public\\index.php')
CRITICAL - 2023-11-16 01:19:41 --> Trying to access array offset on value of type null
in APPPATH\Views\pages\User\detailArtikel.php on line 2.
 1 APPPATH\Views\pages\User\detailArtikel.php(2): CodeIgniter\Debug\Exceptions->errorHandler(8, 'Trying to access array offset on value of type null', 'C:\\xampp\\htdocs\\PBL S3\\app\\Views\\pages\\User\\detailArtikel.php', 2, [...])
 2 SYSTEMPATH\View\View.php(226): include('C:\\xampp\\htdocs\\PBL S3\\app\\Views\\pages\\User\\detailArtikel.php')
 3 SYSTEMPATH\View\View.php(229): CodeIgniter\View\View->CodeIgniter\View\{closure}()
 4 SYSTEMPATH\Common.php(1188): CodeIgniter\View\View->render('pages/User/detailArtikel', [], true)
 5 APPPATH\Controllers\Artikel.php(38): view('pages/User/detailArtikel', [...])
 6 SYSTEMPATH\CodeIgniter.php(919): App\Controllers\Artikel->detailArtikel('1')
 7 SYSTEMPATH\CodeIgniter.php(494): CodeIgniter\CodeIgniter->runController(Object(App\Controllers\Artikel))
 8 SYSTEMPATH\CodeIgniter.php(353): CodeIgniter\CodeIgniter->handleRequest(null, Object(Config\Cache), false)
 9 FCPATH\index.php(79): CodeIgniter\CodeIgniter->run()
10 SYSTEMPATH\Commands\Server\rewrite.php(47): require_once('C:\\xampp\\htdocs\\PBL S3\\public\\index.php')
ERROR - 2023-11-16 01:21:35 --> mysqli_sql_exception: Unknown column 'id' in 'where clause' in C:\xampp\htdocs\PBL S3\system\Database\MySQLi\Connection.php:306
Stack trace:
#0 C:\xampp\htdocs\PBL S3\system\Database\MySQLi\Connection.php(306): mysqli->query('SELECT *\nFROM `...', 0)
#1 C:\xampp\htdocs\PBL S3\system\Database\BaseConnection.php(692): CodeIgniter\Database\MySQLi\Connection->execute('SELECT *\nFROM `...')
#2 C:\xampp\htdocs\PBL S3\system\Database\BaseConnection.php(606): CodeIgniter\Database\BaseConnection->simpleQuery('SELECT *\nFROM `...')
#3 C:\xampp\htdocs\PBL S3\system\Database\BaseBuilder.php(1615): CodeIgniter\Database\BaseConnection->query('SELECT *\nFROM `...', Array, false)
#4 C:\xampp\htdocs\PBL S3\system\Model.php(264): CodeIgniter\Database\BaseBuilder->get()
#5 C:\xampp\htdocs\PBL S3\system\BaseModel.php(662): CodeIgniter\Model->doFirst()
#6 C:\xampp\htdocs\PBL S3\app\Models\ArtikelModel.php(46): CodeIgniter\BaseModel->first()
#7 C:\xampp\htdocs\PBL S3\app\Controllers\Artikel.php(30): App\Models\ArtikelModel->getKomik('1')
#8 C:\xampp\htdocs\PBL S3\system\CodeIgniter.php(919): App\Controllers\Artikel->detailArtikel('1')
#9 C:\xampp\htdocs\PBL S3\system\CodeIgniter.php(494): CodeIgniter\CodeIgniter->runController(Object(App\Controllers\Artikel))
#10 C:\xampp\htdocs\PBL S3\system\CodeIgniter.php(353): CodeIgniter\CodeIgniter->handleRequest(NULL, Object(Config\Cache), false)
#11 C:\xampp\htdocs\PBL S3\public\index.php(79): CodeIgniter\CodeIgniter->run()
#12 C:\xampp\htdocs\PBL S3\system\Commands\Server\rewrite.php(47): require_once('C:\\xampp\\htdocs...')
#13 {main}
CRITICAL - 2023-11-16 01:21:36 --> Unknown column 'id' in 'where clause'
in SYSTEMPATH\Database\BaseConnection.php on line 646.
 1 SYSTEMPATH\Database\BaseBuilder.php(1615): CodeIgniter\Database\BaseConnection->query('SELECT *
FROM `artikel`
WHERE `id` = :id:
 LIMIT 1', [...], false)
 2 SYSTEMPATH\Model.php(264): CodeIgniter\Database\BaseBuilder->get()
 3 SYSTEMPATH\BaseModel.php(662): CodeIgniter\Model->doFirst()
 4 APPPATH\Models\ArtikelModel.php(46): CodeIgniter\BaseModel->first()
 5 APPPATH\Controllers\Artikel.php(30): App\Models\ArtikelModel->getKomik('1')
 6 SYSTEMPATH\CodeIgniter.php(919): App\Controllers\Artikel->detailArtikel('1')
 7 SYSTEMPATH\CodeIgniter.php(494): CodeIgniter\CodeIgniter->runController(Object(App\Controllers\Artikel))
 8 SYSTEMPATH\CodeIgniter.php(353): CodeIgniter\CodeIgniter->handleRequest(null, Object(Config\Cache), false)
 9 FCPATH\index.php(79): CodeIgniter\CodeIgniter->run()
10 SYSTEMPATH\Commands\Server\rewrite.php(47): require_once('C:\\xampp\\htdocs\\PBL S3\\public\\index.php')
ERROR - 2023-11-16 01:21:50 --> mysqli_sql_exception: Unknown column 'id' in 'where clause' in C:\xampp\htdocs\PBL S3\system\Database\MySQLi\Connection.php:306
Stack trace:
#0 C:\xampp\htdocs\PBL S3\system\Database\MySQLi\Connection.php(306): mysqli->query('SELECT *\nFROM `...', 0)
#1 C:\xampp\htdocs\PBL S3\system\Database\BaseConnection.php(692): CodeIgniter\Database\MySQLi\Connection->execute('SELECT *\nFROM `...')
#2 C:\xampp\htdocs\PBL S3\system\Database\BaseConnection.php(606): CodeIgniter\Database\BaseConnection->simpleQuery('SELECT *\nFROM `...')
#3 C:\xampp\htdocs\PBL S3\system\Database\BaseBuilder.php(1615): CodeIgniter\Database\BaseConnection->query('SELECT *\nFROM `...', Array, false)
#4 C:\xampp\htdocs\PBL S3\system\Model.php(264): CodeIgniter\Database\BaseBuilder->get()
#5 C:\xampp\htdocs\PBL S3\system\BaseModel.php(662): CodeIgniter\Model->doFirst()
#6 C:\xampp\htdocs\PBL S3\app\Models\ArtikelModel.php(46): CodeIgniter\BaseModel->first()
#7 C:\xampp\htdocs\PBL S3\app\Controllers\Artikel.php(30): App\Models\ArtikelModel->getKomik('1')
#8 C:\xampp\htdocs\PBL S3\system\CodeIgniter.php(919): App\Controllers\Artikel->detailArtikel('1')
#9 C:\xampp\htdocs\PBL S3\system\CodeIgniter.php(494): CodeIgniter\CodeIgniter->runController(Object(App\Controllers\Artikel))
#10 C:\xampp\htdocs\PBL S3\system\CodeIgniter.php(353): CodeIgniter\CodeIgniter->handleRequest(NULL, Object(Config\Cache), false)
#11 C:\xampp\htdocs\PBL S3\public\index.php(79): CodeIgniter\CodeIgniter->run()
#12 C:\xampp\htdocs\PBL S3\system\Commands\Server\rewrite.php(47): require_once('C:\\xampp\\htdocs...')
#13 {main}
CRITICAL - 2023-11-16 01:21:50 --> Unknown column 'id' in 'where clause'
in SYSTEMPATH\Database\BaseConnection.php on line 646.
 1 SYSTEMPATH\Database\BaseBuilder.php(1615): CodeIgniter\Database\BaseConnection->query('SELECT *
FROM `artikel`
WHERE `id` = :id:
 LIMIT 1', [...], false)
 2 SYSTEMPATH\Model.php(264): CodeIgniter\Database\BaseBuilder->get()
 3 SYSTEMPATH\BaseModel.php(662): CodeIgniter\Model->doFirst()
 4 APPPATH\Models\ArtikelModel.php(46): CodeIgniter\BaseModel->first()
 5 APPPATH\Controllers\Artikel.php(30): App\Models\ArtikelModel->getKomik('1')
 6 SYSTEMPATH\CodeIgniter.php(919): App\Controllers\Artikel->detailArtikel('1')
 7 SYSTEMPATH\CodeIgniter.php(494): CodeIgniter\CodeIgniter->runController(Object(App\Controllers\Artikel))
 8 SYSTEMPATH\CodeIgniter.php(353): CodeIgniter\CodeIgniter->handleRequest(null, Object(Config\Cache), false)
 9 FCPATH\index.php(79): CodeIgniter\CodeIgniter->run()
10 SYSTEMPATH\Commands\Server\rewrite.php(47): require_once('C:\\xampp\\htdocs\\PBL S3\\public\\index.php')
CRITICAL - 2023-11-16 01:25:24 --> Undefined index: tanggal_dibuat
in APPPATH\Views\pages\User\detailArtikel.php on line 4.
 1 APPPATH\Views\pages\User\detailArtikel.php(4): CodeIgniter\Debug\Exceptions->errorHandler(8, 'Undefined index: tanggal_dibuat', 'C:\\xampp\\htdocs\\PBL S3\\app\\Views\\pages\\User\\detailArtikel.php', 4, [...])
 2 SYSTEMPATH\View\View.php(226): include('C:\\xampp\\htdocs\\PBL S3\\app\\Views\\pages\\User\\detailArtikel.php')
 3 SYSTEMPATH\View\View.php(229): CodeIgniter\View\View->CodeIgniter\View\{closure}()
 4 SYSTEMPATH\Common.php(1188): CodeIgniter\View\View->render('pages/User/detailArtikel', [], true)
 5 APPPATH\Controllers\Artikel.php(38): view('pages/User/detailArtikel', [...])
 6 SYSTEMPATH\CodeIgniter.php(919): App\Controllers\Artikel->detailArtikel('1')
 7 SYSTEMPATH\CodeIgniter.php(494): CodeIgniter\CodeIgniter->runController(Object(App\Controllers\Artikel))
 8 SYSTEMPATH\CodeIgniter.php(353): CodeIgniter\CodeIgniter->handleRequest(null, Object(Config\Cache), false)
 9 FCPATH\index.php(79): CodeIgniter\CodeIgniter->run()
10 SYSTEMPATH\Commands\Server\rewrite.php(47): require_once('C:\\xampp\\htdocs\\PBL S3\\public\\index.php')
CRITICAL - 2023-11-16 01:46:55 --> Undefined variable: alamat
in APPPATH\Views\layout\footer.php on line 10.
 1 APPPATH\Views\layout\footer.php(10): CodeIgniter\Debug\Exceptions->errorHandler(8, 'Undefined variable: alamat', 'C:\\xampp\\htdocs\\PBL S3\\app\\Views\\layout\\footer.php', 10, [...])
 2 SYSTEMPATH\View\View.php(226): include('C:\\xampp\\htdocs\\PBL S3\\app\\Views\\layout\\footer.php')
 3 SYSTEMPATH\View\View.php(229): CodeIgniter\View\View->CodeIgniter\View\{closure}()
 4 SYSTEMPATH\Common.php(1188): CodeIgniter\View\View->render('layout/footer', [], true)
 5 APPPATH\Controllers\Artikel.php(31): view('layout/footer', [...])
 6 SYSTEMPATH\CodeIgniter.php(919): App\Controllers\Artikel->artikel()
 7 SYSTEMPATH\CodeIgniter.php(494): CodeIgniter\CodeIgniter->runController(Object(App\Controllers\Artikel))
 8 SYSTEMPATH\CodeIgniter.php(353): CodeIgniter\CodeIgniter->handleRequest(null, Object(Config\Cache), false)
 9 FCPATH\index.php(79): CodeIgniter\CodeIgniter->run()
10 SYSTEMPATH\Commands\Server\rewrite.php(47): require_once('C:\\xampp\\htdocs\\PBL S3\\public\\index.php')
CRITICAL - 2023-11-16 01:47:45 --> Undefined index: no_handphone
in APPPATH\Views\layout\footer.php on line 10.
 1 APPPATH\Views\layout\footer.php(10): CodeIgniter\Debug\Exceptions->errorHandler(8, 'Undefined index: no_handphone', 'C:\\xampp\\htdocs\\PBL S3\\app\\Views\\layout\\footer.php', 10, [...])
 2 SYSTEMPATH\View\View.php(226): include('C:\\xampp\\htdocs\\PBL S3\\app\\Views\\layout\\footer.php')
 3 SYSTEMPATH\View\View.php(229): CodeIgniter\View\View->CodeIgniter\View\{closure}()
 4 SYSTEMPATH\Common.php(1188): CodeIgniter\View\View->render('layout/footer', [], true)
 5 APPPATH\Controllers\Artikel.php(32): view('layout/footer')
 6 SYSTEMPATH\CodeIgniter.php(919): App\Controllers\Artikel->artikel()
 7 SYSTEMPATH\CodeIgniter.php(494): CodeIgniter\CodeIgniter->runController(Object(App\Controllers\Artikel))
 8 SYSTEMPATH\CodeIgniter.php(353): CodeIgniter\CodeIgniter->handleRequest(null, Object(Config\Cache), false)
 9 FCPATH\index.php(79): CodeIgniter\CodeIgniter->run()
10 SYSTEMPATH\Commands\Server\rewrite.php(47): require_once('C:\\xampp\\htdocs\\PBL S3\\public\\index.php')
CRITICAL - 2023-11-16 01:48:30 --> Undefined index: alamat
in APPPATH\Views\layout\footer.php on line 10.
 1 APPPATH\Views\layout\footer.php(10): CodeIgniter\Debug\Exceptions->errorHandler(8, 'Undefined index: alamat', 'C:\\xampp\\htdocs\\PBL S3\\app\\Views\\layout\\footer.php', 10, [...])
 2 SYSTEMPATH\View\View.php(226): include('C:\\xampp\\htdocs\\PBL S3\\app\\Views\\layout\\footer.php')
 3 SYSTEMPATH\View\View.php(229): CodeIgniter\View\View->CodeIgniter\View\{closure}()
 4 SYSTEMPATH\Common.php(1188): CodeIgniter\View\View->render('layout/footer', [], true)
 5 APPPATH\Controllers\Artikel.php(32): view('layout/footer')
 6 SYSTEMPATH\CodeIgniter.php(919): App\Controllers\Artikel->artikel()
 7 SYSTEMPATH\CodeIgniter.php(494): CodeIgniter\CodeIgniter->runController(Object(App\Controllers\Artikel))
 8 SYSTEMPATH\CodeIgniter.php(353): CodeIgniter\CodeIgniter->handleRequest(null, Object(Config\Cache), false)
 9 FCPATH\index.php(79): CodeIgniter\CodeIgniter->run()
10 SYSTEMPATH\Commands\Server\rewrite.php(47): require_once('C:\\xampp\\htdocs\\PBL S3\\public\\index.php')
CRITICAL - 2023-11-16 01:48:43 --> Undefined variable: email
in APPPATH\Views\layout\footer.php on line 11.
 1 APPPATH\Views\layout\footer.php(11): CodeIgniter\Debug\Exceptions->errorHandler(8, 'Undefined variable: email', 'C:\\xampp\\htdocs\\PBL S3\\app\\Views\\layout\\footer.php', 11, [...])
 2 SYSTEMPATH\View\View.php(226): include('C:\\xampp\\htdocs\\PBL S3\\app\\Views\\layout\\footer.php')
 3 SYSTEMPATH\View\View.php(229): CodeIgniter\View\View->CodeIgniter\View\{closure}()
 4 SYSTEMPATH\Common.php(1188): CodeIgniter\View\View->render('layout/footer', [], true)
 5 APPPATH\Controllers\Artikel.php(32): view('layout/footer')
 6 SYSTEMPATH\CodeIgniter.php(919): App\Controllers\Artikel->artikel()
 7 SYSTEMPATH\CodeIgniter.php(494): CodeIgniter\CodeIgniter->runController(Object(App\Controllers\Artikel))
 8 SYSTEMPATH\CodeIgniter.php(353): CodeIgniter\CodeIgniter->handleRequest(null, Object(Config\Cache), false)
 9 FCPATH\index.php(79): CodeIgniter\CodeIgniter->run()
10 SYSTEMPATH\Commands\Server\rewrite.php(47): require_once('C:\\xampp\\htdocs\\PBL S3\\public\\index.php')
CRITICAL - 2023-11-16 01:54:39 --> Call to a member function findAll() on null
in APPPATH\Controllers\Artikel.php on line 20.
 1 SYSTEMPATH\CodeIgniter.php(919): App\Controllers\Artikel->artikel()
 2 SYSTEMPATH\CodeIgniter.php(494): CodeIgniter\CodeIgniter->runController(Object(App\Controllers\Artikel))
 3 SYSTEMPATH\CodeIgniter.php(353): CodeIgniter\CodeIgniter->handleRequest(null, Object(Config\Cache), false)
 4 FCPATH\index.php(79): CodeIgniter\CodeIgniter->run()
 5 SYSTEMPATH\Commands\Server\rewrite.php(47): require_once('C:\\xampp\\htdocs\\PBL S3\\public\\index.php')
CRITICAL - 2023-11-16 01:55:21 --> syntax error, unexpected ']'
in APPPATH\Controllers\Artikel.php on line 27.
 1 SYSTEMPATH\Autoloader\Autoloader.php(285): CodeIgniter\Autoloader\Autoloader->includeFile('C:\\xampp\\htdocs\\PBL S3\\app\\Controllers\\Artikel.php')
 2 SYSTEMPATH\Autoloader\Autoloader.php(263): CodeIgniter\Autoloader\Autoloader->loadInNamespace('App\\Controllers\\Artikel')
 3 [internal function]: CodeIgniter\Autoloader\Autoloader->loadClass('App\\Controllers\\Artikel')
 4 [internal function]: spl_autoload_call('App\\Controllers\\Artikel')
 5 SYSTEMPATH\CodeIgniter.php(877): class_exists('\\App\\Controllers\\Artikel', true)
 6 SYSTEMPATH\CodeIgniter.php(481): CodeIgniter\CodeIgniter->startController()
 7 SYSTEMPATH\CodeIgniter.php(353): CodeIgniter\CodeIgniter->handleRequest(null, Object(Config\Cache), false)
 8 FCPATH\index.php(79): CodeIgniter\CodeIgniter->run()
 9 SYSTEMPATH\Commands\Server\rewrite.php(47): require_once('C:\\xampp\\htdocs\\PBL S3\\public\\index.php')
CRITICAL - 2023-11-16 01:55:47 --> Undefined variable: alamat
in APPPATH\Views\layout\footer.php on line 10.
 1 APPPATH\Views\layout\footer.php(10): CodeIgniter\Debug\Exceptions->errorHandler(8, 'Undefined variable: alamat', 'C:\\xampp\\htdocs\\PBL S3\\app\\Views\\layout\\footer.php', 10, [...])
 2 SYSTEMPATH\View\View.php(226): include('C:\\xampp\\htdocs\\PBL S3\\app\\Views\\layout\\footer.php')
 3 SYSTEMPATH\View\View.php(229): CodeIgniter\View\View->CodeIgniter\View\{closure}()
 4 SYSTEMPATH\Common.php(1188): CodeIgniter\View\View->render('layout/footer', [], true)
 5 APPPATH\Controllers\Artikel.php(47): view('layout/footer', [...])
 6 SYSTEMPATH\CodeIgniter.php(919): App\Controllers\Artikel->detailArtikel('2')
 7 SYSTEMPATH\CodeIgniter.php(494): CodeIgniter\CodeIgniter->runController(Object(App\Controllers\Artikel))
 8 SYSTEMPATH\CodeIgniter.php(353): CodeIgniter\CodeIgniter->handleRequest(null, Object(Config\Cache), false)
 9 FCPATH\index.php(79): CodeIgniter\CodeIgniter->run()
10 SYSTEMPATH\Commands\Server\rewrite.php(47): require_once('C:\\xampp\\htdocs\\PBL S3\\public\\index.php')
CRITICAL - 2023-11-16 01:56:02 --> Undefined variable: alamat
in APPPATH\Views\layout\footer.php on line 10.
 1 APPPATH\Views\layout\footer.php(10): CodeIgniter\Debug\Exceptions->errorHandler(8, 'Undefined variable: alamat', 'C:\\xampp\\htdocs\\PBL S3\\app\\Views\\layout\\footer.php', 10, [...])
 2 SYSTEMPATH\View\View.php(226): include('C:\\xampp\\htdocs\\PBL S3\\app\\Views\\layout\\footer.php')
 3 SYSTEMPATH\View\View.php(229): CodeIgniter\View\View->CodeIgniter\View\{closure}()
 4 SYSTEMPATH\Common.php(1188): CodeIgniter\View\View->render('layout/footer', [], true)
 5 APPPATH\Controllers\Artikel.php(47): view('layout/footer', [...])
 6 SYSTEMPATH\CodeIgniter.php(919): App\Controllers\Artikel->detailArtikel('2')
 7 SYSTEMPATH\CodeIgniter.php(494): CodeIgniter\CodeIgniter->runController(Object(App\Controllers\Artikel))
 8 SYSTEMPATH\CodeIgniter.php(353): CodeIgniter\CodeIgniter->handleRequest(null, Object(Config\Cache), false)
 9 FCPATH\index.php(79): CodeIgniter\CodeIgniter->run()
10 SYSTEMPATH\Commands\Server\rewrite.php(47): require_once('C:\\xampp\\htdocs\\PBL S3\\public\\index.php')
CRITICAL - 2023-11-16 01:57:09 --> Illegal string offset 'no_handphone'
in APPPATH\Views\layout\footer.php on line 10.
 1 APPPATH\Views\layout\footer.php(10): CodeIgniter\Debug\Exceptions->errorHandler(2, 'Illegal string offset \'no_handphone\'', 'C:\\xampp\\htdocs\\PBL S3\\app\\Views\\layout\\footer.php', 10, [...])
 2 SYSTEMPATH\View\View.php(226): include('C:\\xampp\\htdocs\\PBL S3\\app\\Views\\layout\\footer.php')
 3 SYSTEMPATH\View\View.php(229): CodeIgniter\View\View->CodeIgniter\View\{closure}()
 4 SYSTEMPATH\Common.php(1188): CodeIgniter\View\View->render('layout/footer', [], true)
 5 APPPATH\Controllers\Pages.php(45): view('layout/footer', [...])
 6 APPPATH\Controllers\Pages.php(69): App\Controllers\Pages->tampilkanHalaman('Program', 'program', 'Program', 'user')
 7 SYSTEMPATH\CodeIgniter.php(919): App\Controllers\Pages->program()
 8 SYSTEMPATH\CodeIgniter.php(494): CodeIgniter\CodeIgniter->runController(Object(App\Controllers\Pages))
 9 SYSTEMPATH\CodeIgniter.php(353): CodeIgniter\CodeIgniter->handleRequest(null, Object(Config\Cache), false)
10 FCPATH\index.php(79): CodeIgniter\CodeIgniter->run()
11 SYSTEMPATH\Commands\Server\rewrite.php(47): require_once('C:\\xampp\\htdocs\\PBL S3\\public\\index.php')
CRITICAL - 2023-11-16 04:11:46 --> Illegal string offset 'no_handphone'
in APPPATH\Views\layout\footer.php on line 10.
 1 APPPATH\Views\layout\footer.php(10): CodeIgniter\Debug\Exceptions->errorHandler(2, 'Illegal string offset \'no_handphone\'', 'C:\\xampp\\htdocs\\PBL S3\\app\\Views\\layout\\footer.php', 10, [...])
 2 SYSTEMPATH\View\View.php(226): include('C:\\xampp\\htdocs\\PBL S3\\app\\Views\\layout\\footer.php')
 3 SYSTEMPATH\View\View.php(229): CodeIgniter\View\View->CodeIgniter\View\{closure}()
 4 SYSTEMPATH\Common.php(1188): CodeIgniter\View\View->render('layout/footer', [], true)
 5 APPPATH\Controllers\Pages.php(45): view('layout/footer', [...])
 6 APPPATH\Controllers\Pages.php(69): App\Controllers\Pages->tampilkanHalaman('Program', 'program', 'Program', 'user')
 7 SYSTEMPATH\CodeIgniter.php(919): App\Controllers\Pages->program()
 8 SYSTEMPATH\CodeIgniter.php(494): CodeIgniter\CodeIgniter->runController(Object(App\Controllers\Pages))
 9 SYSTEMPATH\CodeIgniter.php(353): CodeIgniter\CodeIgniter->handleRequest(null, Object(Config\Cache), false)
10 FCPATH\index.php(79): CodeIgniter\CodeIgniter->run()
11 SYSTEMPATH\Commands\Server\rewrite.php(47): require_once('C:\\xampp\\htdocs\\PBL S3\\public\\index.php')
CRITICAL - 2023-11-16 04:12:34 --> Illegal string offset 'no_handphone'
in APPPATH\Views\layout\footer.php on line 10.
 1 APPPATH\Views\layout\footer.php(10): CodeIgniter\Debug\Exceptions->errorHandler(2, 'Illegal string offset \'no_handphone\'', 'C:\\xampp\\htdocs\\PBL S3\\app\\Views\\layout\\footer.php', 10, [...])
 2 SYSTEMPATH\View\View.php(226): include('C:\\xampp\\htdocs\\PBL S3\\app\\Views\\layout\\footer.php')
 3 SYSTEMPATH\View\View.php(229): CodeIgniter\View\View->CodeIgniter\View\{closure}()
 4 SYSTEMPATH\Common.php(1188): CodeIgniter\View\View->render('layout/footer', [], true)
 5 APPPATH\Controllers\Pages.php(45): view('layout/footer', [...])
 6 APPPATH\Controllers\Pages.php(69): App\Controllers\Pages->tampilkanHalaman('Program', 'program', 'Program', 'user')
 7 SYSTEMPATH\CodeIgniter.php(919): App\Controllers\Pages->program()
 8 SYSTEMPATH\CodeIgniter.php(494): CodeIgniter\CodeIgniter->runController(Object(App\Controllers\Pages))
 9 SYSTEMPATH\CodeIgniter.php(353): CodeIgniter\CodeIgniter->handleRequest(null, Object(Config\Cache), false)
10 FCPATH\index.php(79): CodeIgniter\CodeIgniter->run()
11 SYSTEMPATH\Commands\Server\rewrite.php(47): require_once('C:\\xampp\\htdocs\\PBL S3\\public\\index.php')
CRITICAL - 2023-11-16 04:13:51 --> Call to a member function findAll() on null
in APPPATH\Controllers\Galeri.php on line 18.
 1 SYSTEMPATH\CodeIgniter.php(919): App\Controllers\Galeri->galeri()
 2 SYSTEMPATH\CodeIgniter.php(494): CodeIgniter\CodeIgniter->runController(Object(App\Controllers\Galeri))
 3 SYSTEMPATH\CodeIgniter.php(353): CodeIgniter\CodeIgniter->handleRequest(null, Object(Config\Cache), false)
 4 FCPATH\index.php(79): CodeIgniter\CodeIgniter->run()
 5 SYSTEMPATH\Commands\Server\rewrite.php(47): require_once('C:\\xampp\\htdocs\\PBL S3\\public\\index.php')
CRITICAL - 2023-11-16 08:18:43 --> Illegal string offset 'no_handphone'
in APPPATH\Views\layout\footer.php on line 10.
 1 APPPATH\Views\layout\footer.php(10): CodeIgniter\Debug\Exceptions->errorHandler(2, 'Illegal string offset \'no_handphone\'', 'C:\\xampp\\htdocs\\PBL S3\\app\\Views\\layout\\footer.php', 10, [...])
 2 SYSTEMPATH\View\View.php(226): include('C:\\xampp\\htdocs\\PBL S3\\app\\Views\\layout\\footer.php')
 3 SYSTEMPATH\View\View.php(229): CodeIgniter\View\View->CodeIgniter\View\{closure}()
 4 SYSTEMPATH\Common.php(1188): CodeIgniter\View\View->render('layout/footer', [], true)
 5 APPPATH\Controllers\Pages.php(45): view('layout/footer', [...])
 6 APPPATH\Controllers\Pages.php(54): App\Controllers\Pages->tampilkanHalaman('Website PPKS Politala', 'beranda', 'Satuan Satgas Pencegahan dan Penanganan Kekerasan Seksual Universitas Lambung Mangkurat', 'user')
 7 SYSTEMPATH\CodeIgniter.php(919): App\Controllers\Pages->index()
 8 SYSTEMPATH\CodeIgniter.php(494): CodeIgniter\CodeIgniter->runController(Object(App\Controllers\Pages))
 9 SYSTEMPATH\CodeIgniter.php(353): CodeIgniter\CodeIgniter->handleRequest(null, Object(Config\Cache), false)
10 FCPATH\index.php(79): CodeIgniter\CodeIgniter->run()
11 SYSTEMPATH\Commands\Server\rewrite.php(47): require_once('C:\\xampp\\htdocs\\PBL S3\\public\\index.php')
CRITICAL - 2023-11-16 08:19:14 --> Illegal string offset 'no_handphone'
in APPPATH\Views\layout\footer.php on line 10.
 1 APPPATH\Views\layout\footer.php(10): CodeIgniter\Debug\Exceptions->errorHandler(2, 'Illegal string offset \'no_handphone\'', 'C:\\xampp\\htdocs\\PBL S3\\app\\Views\\layout\\footer.php', 10, [...])
 2 SYSTEMPATH\View\View.php(226): include('C:\\xampp\\htdocs\\PBL S3\\app\\Views\\layout\\footer.php')
 3 SYSTEMPATH\View\View.php(229): CodeIgniter\View\View->CodeIgniter\View\{closure}()
 4 SYSTEMPATH\Common.php(1188): CodeIgniter\View\View->render('layout/footer', [], true)
 5 APPPATH\Controllers\Pages.php(45): view('layout/footer', [...])
 6 APPPATH\Controllers\Pages.php(108): App\Controllers\Pages->tampilkanHalaman('Pengaduan', 'ManajementPengaduan', 'Pengaduan', 'admin')
 7 SYSTEMPATH\CodeIgniter.php(919): App\Controllers\Pages->mPengaduan()
 8 SYSTEMPATH\CodeIgniter.php(494): CodeIgniter\CodeIgniter->runController(Object(App\Controllers\Pages))
 9 SYSTEMPATH\CodeIgniter.php(353): CodeIgniter\CodeIgniter->handleRequest(null, Object(Config\Cache), false)
10 FCPATH\index.php(79): CodeIgniter\CodeIgniter->run()
11 SYSTEMPATH\Commands\Server\rewrite.php(47): require_once('C:\\xampp\\htdocs\\PBL S3\\public\\index.php')
CRITICAL - 2023-11-16 13:06:11 --> Illegal string offset 'no_handphone'
in APPPATH\Views\layout\footer.php on line 10.
 1 APPPATH\Views\layout\footer.php(10): CodeIgniter\Debug\Exceptions->errorHandler(2, 'Illegal string offset \'no_handphone\'', 'C:\\xampp\\htdocs\\PBL S3\\app\\Views\\layout\\footer.php', 10, [...])
 2 SYSTEMPATH\View\View.php(226): include('C:\\xampp\\htdocs\\PBL S3\\app\\Views\\layout\\footer.php')
 3 SYSTEMPATH\View\View.php(229): CodeIgniter\View\View->CodeIgniter\View\{closure}()
 4 SYSTEMPATH\Common.php(1188): CodeIgniter\View\View->render('layout/footer', [], true)
 5 APPPATH\Controllers\Pages.php(45): view('layout/footer', [...])
 6 APPPATH\Controllers\Pages.php(54): App\Controllers\Pages->tampilkanHalaman('Website PPKS Politala', 'beranda', 'Satuan Satgas Pencegahan dan Penanganan Kekerasan Seksual Universitas Lambung Mangkurat', 'user')
 7 SYSTEMPATH\CodeIgniter.php(919): App\Controllers\Pages->index()
 8 SYSTEMPATH\CodeIgniter.php(494): CodeIgniter\CodeIgniter->runController(Object(App\Controllers\Pages))
 9 SYSTEMPATH\CodeIgniter.php(353): CodeIgniter\CodeIgniter->handleRequest(null, Object(Config\Cache), false)
10 FCPATH\index.php(79): CodeIgniter\CodeIgniter->run()
11 SYSTEMPATH\Commands\Server\rewrite.php(47): require_once('C:\\xampp\\htdocs\\PBL S3\\public\\index.php')
CRITICAL - 2023-11-16 13:07:42 --> Undefined variable: alamat
in APPPATH\Views\layout\footer.php on line 10.
 1 APPPATH\Views\layout\footer.php(10): CodeIgniter\Debug\Exceptions->errorHandler(8, 'Undefined variable: alamat', 'C:\\xampp\\htdocs\\PBL S3\\app\\Views\\layout\\footer.php', 10, [...])
 2 APPPATH\Views\pages\User\beranda.php(128): include('C:\\xampp\\htdocs\\PBL S3\\app\\Views\\layout\\footer.php')
 3 SYSTEMPATH\View\View.php(226): include('C:\\xampp\\htdocs\\PBL S3\\app\\Views\\pages\\User\\beranda.php')
 4 SYSTEMPATH\View\View.php(229): CodeIgniter\View\View->CodeIgniter\View\{closure}()
 5 SYSTEMPATH\Common.php(1188): CodeIgniter\View\View->render('pages/user/beranda', [], true)
 6 APPPATH\Controllers\Pages.php(44): view('pages/user/beranda')
 7 APPPATH\Controllers\Pages.php(53): App\Controllers\Pages->tampilkanHalaman('Website PPKS Politala', 'beranda', 'Satuan Satgas Pencegahan dan Penanganan Kekerasan Seksual Universitas Lambung Mangkurat', 'user')
 8 SYSTEMPATH\CodeIgniter.php(919): App\Controllers\Pages->index()
 9 SYSTEMPATH\CodeIgniter.php(494): CodeIgniter\CodeIgniter->runController(Object(App\Controllers\Pages))
10 SYSTEMPATH\CodeIgniter.php(353): CodeIgniter\CodeIgniter->handleRequest(null, Object(Config\Cache), false)
11 FCPATH\index.php(79): CodeIgniter\CodeIgniter->run()
12 SYSTEMPATH\Commands\Server\rewrite.php(47): require_once('C:\\xampp\\htdocs\\PBL S3\\public\\index.php')
CRITICAL - 2023-11-16 13:18:06 --> Undefined variable: alamat
in APPPATH\Views\layout\footer.php on line 10.
 1 APPPATH\Views\layout\footer.php(10): CodeIgniter\Debug\Exceptions->errorHandler(8, 'Undefined variable: alamat', 'C:\\xampp\\htdocs\\PBL S3\\app\\Views\\layout\\footer.php', 10, [...])
 2 APPPATH\Views\pages\User\beranda.php(128): include('C:\\xampp\\htdocs\\PBL S3\\app\\Views\\layout\\footer.php')
 3 SYSTEMPATH\View\View.php(226): include('C:\\xampp\\htdocs\\PBL S3\\app\\Views\\pages\\User\\beranda.php')
 4 SYSTEMPATH\View\View.php(229): CodeIgniter\View\View->CodeIgniter\View\{closure}()
 5 SYSTEMPATH\Common.php(1188): CodeIgniter\View\View->render('pages/user/beranda', [], true)
 6 APPPATH\Controllers\Pages.php(44): view('pages/user/beranda')
 7 APPPATH\Controllers\Pages.php(53): App\Controllers\Pages->tampilkanHalaman('Website PPKS Politala', 'beranda', 'Satuan Satgas Pencegahan dan Penanganan Kekerasan Seksual Universitas Lambung Mangkurat', 'user')
 8 SYSTEMPATH\CodeIgniter.php(919): App\Controllers\Pages->index()
 9 SYSTEMPATH\CodeIgniter.php(494): CodeIgniter\CodeIgniter->runController(Object(App\Controllers\Pages))
10 SYSTEMPATH\CodeIgniter.php(353): CodeIgniter\CodeIgniter->handleRequest(null, Object(Config\Cache), false)
11 FCPATH\index.php(79): CodeIgniter\CodeIgniter->run()
12 SYSTEMPATH\Commands\Server\rewrite.php(47): require_once('C:\\xampp\\htdocs\\PBL S3\\public\\index.php')
CRITICAL - 2023-11-16 13:18:53 --> Undefined variable: alamat
in APPPATH\Views\layout\footer.php on line 10.
 1 APPPATH\Views\layout\footer.php(10): CodeIgniter\Debug\Exceptions->errorHandler(8, 'Undefined variable: alamat', 'C:\\xampp\\htdocs\\PBL S3\\app\\Views\\layout\\footer.php', 10, [...])
 2 APPPATH\Views\pages\User\beranda.php(128): include('C:\\xampp\\htdocs\\PBL S3\\app\\Views\\layout\\footer.php')
 3 SYSTEMPATH\View\View.php(226): include('C:\\xampp\\htdocs\\PBL S3\\app\\Views\\pages\\User\\beranda.php')
 4 SYSTEMPATH\View\View.php(229): CodeIgniter\View\View->CodeIgniter\View\{closure}()
 5 SYSTEMPATH\Common.php(1188): CodeIgniter\View\View->render('pages/user/beranda', [], true)
 6 APPPATH\Controllers\Pages.php(44): view('pages/user/beranda')
 7 APPPATH\Controllers\Pages.php(53): App\Controllers\Pages->tampilkanHalaman('Website PPKS Politala', 'beranda', 'Satuan Satgas Pencegahan dan Penanganan Kekerasan Seksual Universitas Lambung Mangkurat', 'user')
 8 SYSTEMPATH\CodeIgniter.php(919): App\Controllers\Pages->index()
 9 SYSTEMPATH\CodeIgniter.php(494): CodeIgniter\CodeIgniter->runController(Object(App\Controllers\Pages))
10 SYSTEMPATH\CodeIgniter.php(353): CodeIgniter\CodeIgniter->handleRequest(null, Object(Config\Cache), false)
11 FCPATH\index.php(79): CodeIgniter\CodeIgniter->run()
12 SYSTEMPATH\Commands\Server\rewrite.php(47): require_once('C:\\xampp\\htdocs\\PBL S3\\public\\index.php')
CRITICAL - 2023-11-16 13:18:54 --> Undefined variable: alamat
in APPPATH\Views\layout\footer.php on line 10.
 1 APPPATH\Views\layout\footer.php(10): CodeIgniter\Debug\Exceptions->errorHandler(8, 'Undefined variable: alamat', 'C:\\xampp\\htdocs\\PBL S3\\app\\Views\\layout\\footer.php', 10, [...])
 2 APPPATH\Views\pages\User\beranda.php(128): include('C:\\xampp\\htdocs\\PBL S3\\app\\Views\\layout\\footer.php')
 3 SYSTEMPATH\View\View.php(226): include('C:\\xampp\\htdocs\\PBL S3\\app\\Views\\pages\\User\\beranda.php')
 4 SYSTEMPATH\View\View.php(229): CodeIgniter\View\View->CodeIgniter\View\{closure}()
 5 SYSTEMPATH\Common.php(1188): CodeIgniter\View\View->render('pages/user/beranda', [], true)
 6 APPPATH\Controllers\Pages.php(44): view('pages/user/beranda')
 7 APPPATH\Controllers\Pages.php(53): App\Controllers\Pages->tampilkanHalaman('Website PPKS Politala', 'beranda', 'Satuan Satgas Pencegahan dan Penanganan Kekerasan Seksual Universitas Lambung Mangkurat', 'user')
 8 SYSTEMPATH\CodeIgniter.php(919): App\Controllers\Pages->index()
 9 SYSTEMPATH\CodeIgniter.php(494): CodeIgniter\CodeIgniter->runController(Object(App\Controllers\Pages))
10 SYSTEMPATH\CodeIgniter.php(353): CodeIgniter\CodeIgniter->handleRequest(null, Object(Config\Cache), false)
11 FCPATH\index.php(79): CodeIgniter\CodeIgniter->run()
12 SYSTEMPATH\Commands\Server\rewrite.php(47): require_once('C:\\xampp\\htdocs\\PBL S3\\public\\index.php')
CRITICAL - 2023-11-16 13:22:08 --> Undefined variable: alamat
in APPPATH\Views\layout\footer.php on line 10.
 1 APPPATH\Views\layout\footer.php(10): CodeIgniter\Debug\Exceptions->errorHandler(8, 'Undefined variable: alamat', 'C:\\xampp\\htdocs\\PBL S3\\app\\Views\\layout\\footer.php', 10, [...])
 2 APPPATH\Views\pages\User\beranda.php(128): include('C:\\xampp\\htdocs\\PBL S3\\app\\Views\\layout\\footer.php')
 3 SYSTEMPATH\View\View.php(226): include('C:\\xampp\\htdocs\\PBL S3\\app\\Views\\pages\\User\\beranda.php')
 4 SYSTEMPATH\View\View.php(229): CodeIgniter\View\View->CodeIgniter\View\{closure}()
 5 SYSTEMPATH\Common.php(1188): CodeIgniter\View\View->render('pages/user/beranda', [], true)
 6 APPPATH\Controllers\Pages.php(44): view('pages/user/beranda')
 7 APPPATH\Controllers\Pages.php(53): App\Controllers\Pages->tampilkanHalaman('Website PPKS Politala', 'beranda', 'Satuan Satgas Pencegahan dan Penanganan Kekerasan Seksual Universitas Lambung Mangkurat', 'user')
 8 SYSTEMPATH\CodeIgniter.php(919): App\Controllers\Pages->index()
 9 SYSTEMPATH\CodeIgniter.php(494): CodeIgniter\CodeIgniter->runController(Object(App\Controllers\Pages))
10 SYSTEMPATH\CodeIgniter.php(353): CodeIgniter\CodeIgniter->handleRequest(null, Object(Config\Cache), false)
11 FCPATH\index.php(79): CodeIgniter\CodeIgniter->run()
12 SYSTEMPATH\Commands\Server\rewrite.php(47): require_once('C:\\xampp\\htdocs\\PBL S3\\public\\index.php')
CRITICAL - 2023-11-16 13:26:59 --> Undefined variable: alamat
in APPPATH\Views\layout\footer.php on line 10.
 1 APPPATH\Views\layout\footer.php(10): CodeIgniter\Debug\Exceptions->errorHandler(8, 'Undefined variable: alamat', 'C:\\xampp\\htdocs\\PBL S3\\app\\Views\\layout\\footer.php', 10, [...])
 2 APPPATH\Views\pages\User\beranda.php(128): include('C:\\xampp\\htdocs\\PBL S3\\app\\Views\\layout\\footer.php')
 3 SYSTEMPATH\View\View.php(226): include('C:\\xampp\\htdocs\\PBL S3\\app\\Views\\pages\\User\\beranda.php')
 4 SYSTEMPATH\View\View.php(229): CodeIgniter\View\View->CodeIgniter\View\{closure}()
 5 SYSTEMPATH\Common.php(1188): CodeIgniter\View\View->render('pages/user/beranda', [], true)
 6 APPPATH\Controllers\Pages.php(44): view('pages/user/beranda')
 7 APPPATH\Controllers\Pages.php(53): App\Controllers\Pages->tampilkanHalaman('Website PPKS Politala', 'beranda', 'Satuan Satgas Pencegahan dan Penanganan Kekerasan Seksual Universitas Lambung Mangkurat', 'user')
 8 SYSTEMPATH\CodeIgniter.php(919): App\Controllers\Pages->index()
 9 SYSTEMPATH\CodeIgniter.php(494): CodeIgniter\CodeIgniter->runController(Object(App\Controllers\Pages))
10 SYSTEMPATH\CodeIgniter.php(353): CodeIgniter\CodeIgniter->handleRequest(null, Object(Config\Cache), false)
11 FCPATH\index.php(79): CodeIgniter\CodeIgniter->run()
12 SYSTEMPATH\Commands\Server\rewrite.php(47): require_once('C:\\xampp\\htdocs\\PBL S3\\public\\index.php')
CRITICAL - 2023-11-16 13:27:17 --> Undefined variable: DataAlamat
in APPPATH\Views\layout\footer.php on line 10.
 1 APPPATH\Views\layout\footer.php(10): CodeIgniter\Debug\Exceptions->errorHandler(8, 'Undefined variable: DataAlamat', 'C:\\xampp\\htdocs\\PBL S3\\app\\Views\\layout\\footer.php', 10, [...])
 2 APPPATH\Views\pages\User\beranda.php(128): include('C:\\xampp\\htdocs\\PBL S3\\app\\Views\\layout\\footer.php')
 3 SYSTEMPATH\View\View.php(226): include('C:\\xampp\\htdocs\\PBL S3\\app\\Views\\pages\\User\\beranda.php')
 4 SYSTEMPATH\View\View.php(229): CodeIgniter\View\View->CodeIgniter\View\{closure}()
 5 SYSTEMPATH\Common.php(1188): CodeIgniter\View\View->render('pages/user/beranda', [], true)
 6 APPPATH\Controllers\Pages.php(44): view('pages/user/beranda')
 7 APPPATH\Controllers\Pages.php(53): App\Controllers\Pages->tampilkanHalaman('Website PPKS Politala', 'beranda', 'Satuan Satgas Pencegahan dan Penanganan Kekerasan Seksual Universitas Lambung Mangkurat', 'user')
 8 SYSTEMPATH\CodeIgniter.php(919): App\Controllers\Pages->index()
 9 SYSTEMPATH\CodeIgniter.php(494): CodeIgniter\CodeIgniter->runController(Object(App\Controllers\Pages))
10 SYSTEMPATH\CodeIgniter.php(353): CodeIgniter\CodeIgniter->handleRequest(null, Object(Config\Cache), false)
11 FCPATH\index.php(79): CodeIgniter\CodeIgniter->run()
12 SYSTEMPATH\Commands\Server\rewrite.php(47): require_once('C:\\xampp\\htdocs\\PBL S3\\public\\index.php')
CRITICAL - 2023-11-16 13:29:01 --> Undefined variable: alamat
in APPPATH\Views\layout\footer.php on line 10.
 1 APPPATH\Views\layout\footer.php(10): CodeIgniter\Debug\Exceptions->errorHandler(8, 'Undefined variable: alamat', 'C:\\xampp\\htdocs\\PBL S3\\app\\Views\\layout\\footer.php', 10, [...])
 2 APPPATH\Views\pages\User\beranda.php(128): include('C:\\xampp\\htdocs\\PBL S3\\app\\Views\\layout\\footer.php')
 3 SYSTEMPATH\View\View.php(226): include('C:\\xampp\\htdocs\\PBL S3\\app\\Views\\pages\\User\\beranda.php')
 4 SYSTEMPATH\View\View.php(229): CodeIgniter\View\View->CodeIgniter\View\{closure}()
 5 SYSTEMPATH\Common.php(1188): CodeIgniter\View\View->render('pages/user/beranda', [], true)
 6 APPPATH\Controllers\Pages.php(44): view('pages/user/beranda')
 7 APPPATH\Controllers\Pages.php(53): App\Controllers\Pages->tampilkanHalaman('Website PPKS Politala', 'beranda', 'Satuan Satgas Pencegahan dan Penanganan Kekerasan Seksual Universitas Lambung Mangkurat', 'user')
 8 SYSTEMPATH\CodeIgniter.php(919): App\Controllers\Pages->index()
 9 SYSTEMPATH\CodeIgniter.php(494): CodeIgniter\CodeIgniter->runController(Object(App\Controllers\Pages))
10 SYSTEMPATH\CodeIgniter.php(353): CodeIgniter\CodeIgniter->handleRequest(null, Object(Config\Cache), false)
11 FCPATH\index.php(79): CodeIgniter\CodeIgniter->run()
12 SYSTEMPATH\Commands\Server\rewrite.php(47): require_once('C:\\xampp\\htdocs\\PBL S3\\public\\index.php')
CRITICAL - 2023-11-16 13:29:04 --> Undefined variable: alamat
in APPPATH\Views\layout\footer.php on line 10.
 1 APPPATH\Views\layout\footer.php(10): CodeIgniter\Debug\Exceptions->errorHandler(8, 'Undefined variable: alamat', 'C:\\xampp\\htdocs\\PBL S3\\app\\Views\\layout\\footer.php', 10, [...])
 2 APPPATH\Views\pages\User\beranda.php(128): include('C:\\xampp\\htdocs\\PBL S3\\app\\Views\\layout\\footer.php')
 3 SYSTEMPATH\View\View.php(226): include('C:\\xampp\\htdocs\\PBL S3\\app\\Views\\pages\\User\\beranda.php')
 4 SYSTEMPATH\View\View.php(229): CodeIgniter\View\View->CodeIgniter\View\{closure}()
 5 SYSTEMPATH\Common.php(1188): CodeIgniter\View\View->render('pages/user/beranda', [], true)
 6 APPPATH\Controllers\Pages.php(44): view('pages/user/beranda')
 7 APPPATH\Controllers\Pages.php(53): App\Controllers\Pages->tampilkanHalaman('Website PPKS Politala', 'beranda', 'Satuan Satgas Pencegahan dan Penanganan Kekerasan Seksual Universitas Lambung Mangkurat', 'user')
 8 SYSTEMPATH\CodeIgniter.php(919): App\Controllers\Pages->index()
 9 SYSTEMPATH\CodeIgniter.php(494): CodeIgniter\CodeIgniter->runController(Object(App\Controllers\Pages))
10 SYSTEMPATH\CodeIgniter.php(353): CodeIgniter\CodeIgniter->handleRequest(null, Object(Config\Cache), false)
11 FCPATH\index.php(79): CodeIgniter\CodeIgniter->run()
12 SYSTEMPATH\Commands\Server\rewrite.php(47): require_once('C:\\xampp\\htdocs\\PBL S3\\public\\index.php')
CRITICAL - 2023-11-16 13:29:30 --> Undefined variable: alamat
in APPPATH\Views\layout\footer.php on line 10.
 1 APPPATH\Views\layout\footer.php(10): CodeIgniter\Debug\Exceptions->errorHandler(8, 'Undefined variable: alamat', 'C:\\xampp\\htdocs\\PBL S3\\app\\Views\\layout\\footer.php', 10, [...])
 2 APPPATH\Views\pages\User\beranda.php(128): include('C:\\xampp\\htdocs\\PBL S3\\app\\Views\\layout\\footer.php')
 3 SYSTEMPATH\View\View.php(226): include('C:\\xampp\\htdocs\\PBL S3\\app\\Views\\pages\\User\\beranda.php')
 4 SYSTEMPATH\View\View.php(229): CodeIgniter\View\View->CodeIgniter\View\{closure}()
 5 SYSTEMPATH\Common.php(1188): CodeIgniter\View\View->render('pages/user/beranda', [], true)
 6 APPPATH\Controllers\Pages.php(44): view('pages/user/beranda')
 7 APPPATH\Controllers\Pages.php(53): App\Controllers\Pages->tampilkanHalaman('Website PPKS Politala', 'beranda', 'Satuan Satgas Pencegahan dan Penanganan Kekerasan Seksual Universitas Lambung Mangkurat', 'user')
 8 SYSTEMPATH\CodeIgniter.php(919): App\Controllers\Pages->index()
 9 SYSTEMPATH\CodeIgniter.php(494): CodeIgniter\CodeIgniter->runController(Object(App\Controllers\Pages))
10 SYSTEMPATH\CodeIgniter.php(353): CodeIgniter\CodeIgniter->handleRequest(null, Object(Config\Cache), false)
11 FCPATH\index.php(79): CodeIgniter\CodeIgniter->run()
12 SYSTEMPATH\Commands\Server\rewrite.php(47): require_once('C:\\xampp\\htdocs\\PBL S3\\public\\index.php')
CRITICAL - 2023-11-16 13:30:04 --> Undefined index: alamat
in APPPATH\Views\layout\footer.php on line 10.
 1 APPPATH\Views\layout\footer.php(10): CodeIgniter\Debug\Exceptions->errorHandler(8, 'Undefined index: alamat', 'C:\\xampp\\htdocs\\PBL S3\\app\\Views\\layout\\footer.php', 10, [...])
 2 SYSTEMPATH\View\View.php(226): include('C:\\xampp\\htdocs\\PBL S3\\app\\Views\\layout\\footer.php')
 3 SYSTEMPATH\View\View.php(229): CodeIgniter\View\View->CodeIgniter\View\{closure}()
 4 SYSTEMPATH\Common.php(1188): CodeIgniter\View\View->render('layout/footer', [], true)
 5 APPPATH\Controllers\Galeri.php(31): view('layout/footer', [...])
 6 SYSTEMPATH\CodeIgniter.php(919): App\Controllers\Galeri->galeri()
 7 SYSTEMPATH\CodeIgniter.php(494): CodeIgniter\CodeIgniter->runController(Object(App\Controllers\Galeri))
 8 SYSTEMPATH\CodeIgniter.php(353): CodeIgniter\CodeIgniter->handleRequest(null, Object(Config\Cache), false)
 9 FCPATH\index.php(79): CodeIgniter\CodeIgniter->run()
10 SYSTEMPATH\Commands\Server\rewrite.php(47): require_once('C:\\xampp\\htdocs\\PBL S3\\public\\index.php')
CRITICAL - 2023-11-16 13:31:05 --> Undefined index: alamat
in APPPATH\Views\layout\footer.php on line 10.
 1 APPPATH\Views\layout\footer.php(10): CodeIgniter\Debug\Exceptions->errorHandler(8, 'Undefined index: alamat', 'C:\\xampp\\htdocs\\PBL S3\\app\\Views\\layout\\footer.php', 10, [...])
 2 APPPATH\Views\pages\User\galeri-photo.php(20): include('C:\\xampp\\htdocs\\PBL S3\\app\\Views\\layout\\footer.php')
 3 SYSTEMPATH\View\View.php(226): include('C:\\xampp\\htdocs\\PBL S3\\app\\Views\\pages\\User\\galeri-photo.php')
 4 SYSTEMPATH\View\View.php(229): CodeIgniter\View\View->CodeIgniter\View\{closure}()
 5 SYSTEMPATH\Common.php(1188): CodeIgniter\View\View->render('pages/User/galeri-photo', [], true)
 6 APPPATH\Controllers\Galeri.php(30): view('pages/User/galeri-photo', [...])
 7 SYSTEMPATH\CodeIgniter.php(919): App\Controllers\Galeri->galeri()
 8 SYSTEMPATH\CodeIgniter.php(494): CodeIgniter\CodeIgniter->runController(Object(App\Controllers\Galeri))
 9 SYSTEMPATH\CodeIgniter.php(353): CodeIgniter\CodeIgniter->handleRequest(null, Object(Config\Cache), false)
10 FCPATH\index.php(79): CodeIgniter\CodeIgniter->run()
11 SYSTEMPATH\Commands\Server\rewrite.php(47): require_once('C:\\xampp\\htdocs\\PBL S3\\public\\index.php')
CRITICAL - 2023-11-16 13:33:12 --> Undefined index: alamat
in APPPATH\Views\layout\footer.php on line 10.
 1 APPPATH\Views\layout\footer.php(10): CodeIgniter\Debug\Exceptions->errorHandler(8, 'Undefined index: alamat', 'C:\\xampp\\htdocs\\PBL S3\\app\\Views\\layout\\footer.php', 10, [...])
 2 APPPATH\Views\pages\User\galeri-photo.php(20): include('C:\\xampp\\htdocs\\PBL S3\\app\\Views\\layout\\footer.php')
 3 SYSTEMPATH\View\View.php(226): include('C:\\xampp\\htdocs\\PBL S3\\app\\Views\\pages\\User\\galeri-photo.php')
 4 SYSTEMPATH\View\View.php(229): CodeIgniter\View\View->CodeIgniter\View\{closure}()
 5 SYSTEMPATH\Common.php(1188): CodeIgniter\View\View->render('pages/User/galeri-photo', [], true)
 6 APPPATH\Controllers\Galeri.php(30): view('pages/User/galeri-photo', [...])
 7 SYSTEMPATH\CodeIgniter.php(919): App\Controllers\Galeri->galeri()
 8 SYSTEMPATH\CodeIgniter.php(494): CodeIgniter\CodeIgniter->runController(Object(App\Controllers\Galeri))
 9 SYSTEMPATH\CodeIgniter.php(353): CodeIgniter\CodeIgniter->handleRequest(null, Object(Config\Cache), false)
10 FCPATH\index.php(79): CodeIgniter\CodeIgniter->run()
11 SYSTEMPATH\Commands\Server\rewrite.php(47): require_once('C:\\xampp\\htdocs\\PBL S3\\public\\index.php')
CRITICAL - 2023-11-16 13:33:14 --> Undefined index: alamat
in APPPATH\Views\layout\footer.php on line 10.
 1 APPPATH\Views\layout\footer.php(10): CodeIgniter\Debug\Exceptions->errorHandler(8, 'Undefined index: alamat', 'C:\\xampp\\htdocs\\PBL S3\\app\\Views\\layout\\footer.php', 10, [...])
 2 APPPATH\Views\pages\User\galeri-photo.php(20): include('C:\\xampp\\htdocs\\PBL S3\\app\\Views\\layout\\footer.php')
 3 SYSTEMPATH\View\View.php(226): include('C:\\xampp\\htdocs\\PBL S3\\app\\Views\\pages\\User\\galeri-photo.php')
 4 SYSTEMPATH\View\View.php(229): CodeIgniter\View\View->CodeIgniter\View\{closure}()
 5 SYSTEMPATH\Common.php(1188): CodeIgniter\View\View->render('pages/User/galeri-photo', [], true)
 6 APPPATH\Controllers\Galeri.php(30): view('pages/User/galeri-photo', [...])
 7 SYSTEMPATH\CodeIgniter.php(919): App\Controllers\Galeri->galeri()
 8 SYSTEMPATH\CodeIgniter.php(494): CodeIgniter\CodeIgniter->runController(Object(App\Controllers\Galeri))
 9 SYSTEMPATH\CodeIgniter.php(353): CodeIgniter\CodeIgniter->handleRequest(null, Object(Config\Cache), false)
10 FCPATH\index.php(79): CodeIgniter\CodeIgniter->run()
11 SYSTEMPATH\Commands\Server\rewrite.php(47): require_once('C:\\xampp\\htdocs\\PBL S3\\public\\index.php')
CRITICAL - 2023-11-16 13:33:14 --> Undefined index: alamat
in APPPATH\Views\layout\footer.php on line 10.
 1 APPPATH\Views\layout\footer.php(10): CodeIgniter\Debug\Exceptions->errorHandler(8, 'Undefined index: alamat', 'C:\\xampp\\htdocs\\PBL S3\\app\\Views\\layout\\footer.php', 10, [...])
 2 APPPATH\Views\pages\User\galeri-photo.php(20): include('C:\\xampp\\htdocs\\PBL S3\\app\\Views\\layout\\footer.php')
 3 SYSTEMPATH\View\View.php(226): include('C:\\xampp\\htdocs\\PBL S3\\app\\Views\\pages\\User\\galeri-photo.php')
 4 SYSTEMPATH\View\View.php(229): CodeIgniter\View\View->CodeIgniter\View\{closure}()
 5 SYSTEMPATH\Common.php(1188): CodeIgniter\View\View->render('pages/User/galeri-photo', [], true)
 6 APPPATH\Controllers\Galeri.php(30): view('pages/User/galeri-photo', [...])
 7 SYSTEMPATH\CodeIgniter.php(919): App\Controllers\Galeri->galeri()
 8 SYSTEMPATH\CodeIgniter.php(494): CodeIgniter\CodeIgniter->runController(Object(App\Controllers\Galeri))
 9 SYSTEMPATH\CodeIgniter.php(353): CodeIgniter\CodeIgniter->handleRequest(null, Object(Config\Cache), false)
10 FCPATH\index.php(79): CodeIgniter\CodeIgniter->run()
11 SYSTEMPATH\Commands\Server\rewrite.php(47): require_once('C:\\xampp\\htdocs\\PBL S3\\public\\index.php')
CRITICAL - 2023-11-16 13:34:21 --> Undefined index: alamat
in APPPATH\Views\layout\footer.php on line 10.
 1 APPPATH\Views\layout\footer.php(10): CodeIgniter\Debug\Exceptions->errorHandler(8, 'Undefined index: alamat', 'C:\\xampp\\htdocs\\PBL S3\\app\\Views\\layout\\footer.php', 10, [...])
 2 APPPATH\Views\pages\User\galeri-photo.php(20): include('C:\\xampp\\htdocs\\PBL S3\\app\\Views\\layout\\footer.php')
 3 SYSTEMPATH\View\View.php(226): include('C:\\xampp\\htdocs\\PBL S3\\app\\Views\\pages\\User\\galeri-photo.php')
 4 SYSTEMPATH\View\View.php(229): CodeIgniter\View\View->CodeIgniter\View\{closure}()
 5 SYSTEMPATH\Common.php(1188): CodeIgniter\View\View->render('pages/User/galeri-photo', [], true)
 6 APPPATH\Controllers\Galeri.php(30): view('pages/User/galeri-photo', [...])
 7 SYSTEMPATH\CodeIgniter.php(919): App\Controllers\Galeri->galeri()
 8 SYSTEMPATH\CodeIgniter.php(494): CodeIgniter\CodeIgniter->runController(Object(App\Controllers\Galeri))
 9 SYSTEMPATH\CodeIgniter.php(353): CodeIgniter\CodeIgniter->handleRequest(null, Object(Config\Cache), false)
10 FCPATH\index.php(79): CodeIgniter\CodeIgniter->run()
11 SYSTEMPATH\Commands\Server\rewrite.php(47): require_once('C:\\xampp\\htdocs\\PBL S3\\public\\index.php')
CRITICAL - 2023-11-16 13:37:32 --> Undefined index: alamat
in APPPATH\Views\layout\footer.php on line 10.
 1 APPPATH\Views\layout\footer.php(10): CodeIgniter\Debug\Exceptions->errorHandler(8, 'Undefined index: alamat', 'C:\\xampp\\htdocs\\PBL S3\\app\\Views\\layout\\footer.php', 10, [...])
 2 APPPATH\Views\pages\User\galeri-photo.php(20): include('C:\\xampp\\htdocs\\PBL S3\\app\\Views\\layout\\footer.php')
 3 SYSTEMPATH\View\View.php(226): include('C:\\xampp\\htdocs\\PBL S3\\app\\Views\\pages\\User\\galeri-photo.php')
 4 SYSTEMPATH\View\View.php(229): CodeIgniter\View\View->CodeIgniter\View\{closure}()
 5 SYSTEMPATH\Common.php(1188): CodeIgniter\View\View->render('pages/User/galeri-photo', [], true)
 6 APPPATH\Controllers\Galeri.php(30): view('pages/User/galeri-photo', [...])
 7 SYSTEMPATH\CodeIgniter.php(919): App\Controllers\Galeri->galeri()
 8 SYSTEMPATH\CodeIgniter.php(494): CodeIgniter\CodeIgniter->runController(Object(App\Controllers\Galeri))
 9 SYSTEMPATH\CodeIgniter.php(353): CodeIgniter\CodeIgniter->handleRequest(null, Object(Config\Cache), false)
10 FCPATH\index.php(79): CodeIgniter\CodeIgniter->run()
11 SYSTEMPATH\Commands\Server\rewrite.php(47): require_once('C:\\xampp\\htdocs\\PBL S3\\public\\index.php')
CRITICAL - 2023-11-16 13:37:34 --> Undefined index: alamat
in APPPATH\Views\layout\footer.php on line 10.
 1 APPPATH\Views\layout\footer.php(10): CodeIgniter\Debug\Exceptions->errorHandler(8, 'Undefined index: alamat', 'C:\\xampp\\htdocs\\PBL S3\\app\\Views\\layout\\footer.php', 10, [...])
 2 APPPATH\Views\pages\User\galeri-photo.php(20): include('C:\\xampp\\htdocs\\PBL S3\\app\\Views\\layout\\footer.php')
 3 SYSTEMPATH\View\View.php(226): include('C:\\xampp\\htdocs\\PBL S3\\app\\Views\\pages\\User\\galeri-photo.php')
 4 SYSTEMPATH\View\View.php(229): CodeIgniter\View\View->CodeIgniter\View\{closure}()
 5 SYSTEMPATH\Common.php(1188): CodeIgniter\View\View->render('pages/User/galeri-photo', [], true)
 6 APPPATH\Controllers\Galeri.php(30): view('pages/User/galeri-photo', [...])
 7 SYSTEMPATH\CodeIgniter.php(919): App\Controllers\Galeri->galeri()
 8 SYSTEMPATH\CodeIgniter.php(494): CodeIgniter\CodeIgniter->runController(Object(App\Controllers\Galeri))
 9 SYSTEMPATH\CodeIgniter.php(353): CodeIgniter\CodeIgniter->handleRequest(null, Object(Config\Cache), false)
10 FCPATH\index.php(79): CodeIgniter\CodeIgniter->run()
11 SYSTEMPATH\Commands\Server\rewrite.php(47): require_once('C:\\xampp\\htdocs\\PBL S3\\public\\index.php')
CRITICAL - 2023-11-16 13:37:46 --> Undefined index: alamat
in APPPATH\Views\layout\footer.php on line 10.
 1 APPPATH\Views\layout\footer.php(10): CodeIgniter\Debug\Exceptions->errorHandler(8, 'Undefined index: alamat', 'C:\\xampp\\htdocs\\PBL S3\\app\\Views\\layout\\footer.php', 10, [...])
 2 SYSTEMPATH\View\View.php(226): include('C:\\xampp\\htdocs\\PBL S3\\app\\Views\\layout\\footer.php')
 3 SYSTEMPATH\View\View.php(229): CodeIgniter\View\View->CodeIgniter\View\{closure}()
 4 SYSTEMPATH\Common.php(1188): CodeIgniter\View\View->render('layout/footer', [], true)
 5 APPPATH\Controllers\Galeri.php(31): view('layout/footer', [...])
 6 SYSTEMPATH\CodeIgniter.php(919): App\Controllers\Galeri->galeri()
 7 SYSTEMPATH\CodeIgniter.php(494): CodeIgniter\CodeIgniter->runController(Object(App\Controllers\Galeri))
 8 SYSTEMPATH\CodeIgniter.php(353): CodeIgniter\CodeIgniter->handleRequest(null, Object(Config\Cache), false)
 9 FCPATH\index.php(79): CodeIgniter\CodeIgniter->run()
10 SYSTEMPATH\Commands\Server\rewrite.php(47): require_once('C:\\xampp\\htdocs\\PBL S3\\public\\index.php')
CRITICAL - 2023-11-16 13:41:18 --> Constant expression contains invalid operations
in APPPATH\Controllers\BaseController.php on line 61.
 1 [internal function]: CodeIgniter\Debug\Exceptions->shutdownHandler()
CRITICAL - 2023-11-16 13:42:21 --> Call to a member function findAll() on null
in APPPATH\Controllers\Galeri.php on line 18.
 1 SYSTEMPATH\CodeIgniter.php(919): App\Controllers\Galeri->galeri()
 2 SYSTEMPATH\CodeIgniter.php(494): CodeIgniter\CodeIgniter->runController(Object(App\Controllers\Galeri))
 3 SYSTEMPATH\CodeIgniter.php(353): CodeIgniter\CodeIgniter->handleRequest(null, Object(Config\Cache), false)
 4 FCPATH\index.php(79): CodeIgniter\CodeIgniter->run()
 5 SYSTEMPATH\Commands\Server\rewrite.php(47): require_once('C:\\xampp\\htdocs\\PBL S3\\public\\index.php')
CRITICAL - 2023-11-16 13:43:10 --> Call to a member function findAll() on null
in APPPATH\Controllers\Galeri.php on line 18.
 1 SYSTEMPATH\CodeIgniter.php(919): App\Controllers\Galeri->galeri()
 2 SYSTEMPATH\CodeIgniter.php(494): CodeIgniter\CodeIgniter->runController(Object(App\Controllers\Galeri))
 3 SYSTEMPATH\CodeIgniter.php(353): CodeIgniter\CodeIgniter->handleRequest(null, Object(Config\Cache), false)
 4 FCPATH\index.php(79): CodeIgniter\CodeIgniter->run()
 5 SYSTEMPATH\Commands\Server\rewrite.php(47): require_once('C:\\xampp\\htdocs\\PBL S3\\public\\index.php')
CRITICAL - 2023-11-16 13:43:50 --> Call to a member function findAll() on null
in APPPATH\Controllers\Galeri.php on line 18.
 1 SYSTEMPATH\CodeIgniter.php(919): App\Controllers\Galeri->galeri()
 2 SYSTEMPATH\CodeIgniter.php(494): CodeIgniter\CodeIgniter->runController(Object(App\Controllers\Galeri))
 3 SYSTEMPATH\CodeIgniter.php(353): CodeIgniter\CodeIgniter->handleRequest(null, Object(Config\Cache), false)
 4 FCPATH\index.php(79): CodeIgniter\CodeIgniter->run()
 5 SYSTEMPATH\Commands\Server\rewrite.php(47): require_once('C:\\xampp\\htdocs\\PBL S3\\public\\index.php')
CRITICAL - 2023-11-16 13:44:05 --> Undefined variable: alamat
in APPPATH\Views\layout\footer.php on line 10.
 1 APPPATH\Views\layout\footer.php(10): CodeIgniter\Debug\Exceptions->errorHandler(8, 'Undefined variable: alamat', 'C:\\xampp\\htdocs\\PBL S3\\app\\Views\\layout\\footer.php', 10, [...])
 2 APPPATH\Views\pages\User\beranda.php(128): include('C:\\xampp\\htdocs\\PBL S3\\app\\Views\\layout\\footer.php')
 3 SYSTEMPATH\View\View.php(226): include('C:\\xampp\\htdocs\\PBL S3\\app\\Views\\pages\\User\\beranda.php')
 4 SYSTEMPATH\View\View.php(229): CodeIgniter\View\View->CodeIgniter\View\{closure}()
 5 SYSTEMPATH\Common.php(1188): CodeIgniter\View\View->render('pages/user/beranda', [], true)
 6 APPPATH\Controllers\Pages.php(44): view('pages/user/beranda')
 7 APPPATH\Controllers\Pages.php(53): App\Controllers\Pages->tampilkanHalaman('Website PPKS Politala', 'beranda', 'Satuan Satgas Pencegahan dan Penanganan Kekerasan Seksual Universitas Lambung Mangkurat', 'user')
 8 SYSTEMPATH\CodeIgniter.php(919): App\Controllers\Pages->index()
 9 SYSTEMPATH\CodeIgniter.php(494): CodeIgniter\CodeIgniter->runController(Object(App\Controllers\Pages))
10 SYSTEMPATH\CodeIgniter.php(353): CodeIgniter\CodeIgniter->handleRequest(null, Object(Config\Cache), false)
11 FCPATH\index.php(79): CodeIgniter\CodeIgniter->run()
12 SYSTEMPATH\Commands\Server\rewrite.php(47): require_once('C:\\xampp\\htdocs\\PBL S3\\public\\index.php')
CRITICAL - 2023-11-16 13:44:59 --> Call to a member function findAll() on null
in APPPATH\Controllers\Galeri.php on line 18.
 1 SYSTEMPATH\CodeIgniter.php(919): App\Controllers\Galeri->galeri()
 2 SYSTEMPATH\CodeIgniter.php(494): CodeIgniter\CodeIgniter->runController(Object(App\Controllers\Galeri))
 3 SYSTEMPATH\CodeIgniter.php(353): CodeIgniter\CodeIgniter->handleRequest(null, Object(Config\Cache), false)
 4 FCPATH\index.php(79): CodeIgniter\CodeIgniter->run()
 5 SYSTEMPATH\Commands\Server\rewrite.php(47): require_once('C:\\xampp\\htdocs\\PBL S3\\public\\index.php')
