ERROR - 2023-12-06 07:07:40 --> mysqli_sql_exception: Unknown column 'siapakah_anda' in 'field list' in C:\xampp\htdocs\TugasPBL\PBLS3\system\Database\MySQLi\Connection.php:306
Stack trace:
#0 C:\xampp\htdocs\TugasPBL\PBLS3\system\Database\MySQLi\Connection.php(306): mysqli->query('INSERT INTO `pe...', 0)
#1 C:\xampp\htdocs\TugasPBL\PBLS3\system\Database\BaseConnection.php(692): CodeIgniter\Database\MySQLi\Connection->execute('INSERT INTO `pe...')
#2 C:\xampp\htdocs\TugasPBL\PBLS3\system\Database\BaseConnection.php(606): CodeIgniter\Database\BaseConnection->simpleQuery('INSERT INTO `pe...')
#3 C:\xampp\htdocs\TugasPBL\PBLS3\system\Database\BaseBuilder.php(2308): CodeIgniter\Database\BaseConnection->query('INSERT INTO `pe...', Array, false)
#4 C:\xampp\htdocs\TugasPBL\PBLS3\system\Model.php(319): CodeIgniter\Database\BaseBuilder->insert()
#5 C:\xampp\htdocs\TugasPBL\PBLS3\system\BaseModel.php(788): CodeIgniter\Model->doInsert(Array)
#6 C:\xampp\htdocs\TugasPBL\PBLS3\system\Model.php(715): CodeIgniter\BaseModel->insert(Array, true)
#7 C:\xampp\htdocs\TugasPBL\PBLS3\app\Controllers\LaporanController.php(29): CodeIgniter\Model->insert(Array)
#8 C:\xampp\htdocs\TugasPBL\PBLS3\system\CodeIgniter.php(919): App\Controllers\LaporanController->submit_laporan()
#9 C:\xampp\htdocs\TugasPBL\PBLS3\system\CodeIgniter.php(494): CodeIgniter\CodeIgniter->runController(Object(App\Controllers\LaporanController))
#10 C:\xampp\htdocs\TugasPBL\PBLS3\system\CodeIgniter.php(353): CodeIgniter\CodeIgniter->handleRequest(NULL, Object(Config\Cache), false)
#11 C:\xampp\htdocs\TugasPBL\PBLS3\public\index.php(79): CodeIgniter\CodeIgniter->run()
#12 C:\xampp\htdocs\TugasPBL\PBLS3\system\Commands\Server\rewrite.php(47): require_once('C:\\xampp\\htdocs...')
#13 {main}
CRITICAL - 2023-12-06 07:07:40 --> Unknown column 'siapakah_anda' in 'field list'
in SYSTEMPATH\Database\BaseConnection.php on line 646.
 1 SYSTEMPATH\Database\BaseBuilder.php(2308): CodeIgniter\Database\BaseConnection->query('INSERT INTO `pengaduan` (`siapakah_anda`, `korban`) VALUES (:siapakah_anda:, :korban:)', [...], false)
 2 SYSTEMPATH\Model.php(319): CodeIgniter\Database\BaseBuilder->insert()
 3 SYSTEMPATH\BaseModel.php(788): CodeIgniter\Model->doInsert([...])
 4 SYSTEMPATH\Model.php(715): CodeIgniter\BaseModel->insert([...], true)
 5 APPPATH\Controllers\LaporanController.php(29): CodeIgniter\Model->insert([...])
 6 SYSTEMPATH\CodeIgniter.php(919): App\Controllers\LaporanController->submit_laporan()
 7 SYSTEMPATH\CodeIgniter.php(494): CodeIgniter\CodeIgniter->runController(Object(App\Controllers\LaporanController))
 8 SYSTEMPATH\CodeIgniter.php(353): CodeIgniter\CodeIgniter->handleRequest(null, Object(Config\Cache), false)
 9 FCPATH\index.php(79): CodeIgniter\CodeIgniter->run()
10 SYSTEMPATH\Commands\Server\rewrite.php(47): require_once('C:\\xampp\\htdocs\\TugasPBL\\PBLS3\\public\\index.php')
ERROR - 2023-12-06 07:13:08 --> mysqli_sql_exception: Unknown column 'siapakah_anda' in 'field list' in C:\xampp\htdocs\TugasPBL\PBLS3\system\Database\MySQLi\Connection.php:306
Stack trace:
#0 C:\xampp\htdocs\TugasPBL\PBLS3\system\Database\MySQLi\Connection.php(306): mysqli->query('INSERT INTO `pe...', 0)
#1 C:\xampp\htdocs\TugasPBL\PBLS3\system\Database\BaseConnection.php(692): CodeIgniter\Database\MySQLi\Connection->execute('INSERT INTO `pe...')
#2 C:\xampp\htdocs\TugasPBL\PBLS3\system\Database\BaseConnection.php(606): CodeIgniter\Database\BaseConnection->simpleQuery('INSERT INTO `pe...')
#3 C:\xampp\htdocs\TugasPBL\PBLS3\system\Database\BaseBuilder.php(2308): CodeIgniter\Database\BaseConnection->query('INSERT INTO `pe...', Array, false)
#4 C:\xampp\htdocs\TugasPBL\PBLS3\system\Model.php(319): CodeIgniter\Database\BaseBuilder->insert()
#5 C:\xampp\htdocs\TugasPBL\PBLS3\system\BaseModel.php(788): CodeIgniter\Model->doInsert(Array)
#6 C:\xampp\htdocs\TugasPBL\PBLS3\system\Model.php(715): CodeIgniter\BaseModel->insert(Array, true)
#7 C:\xampp\htdocs\TugasPBL\PBLS3\app\Controllers\LaporanController.php(29): CodeIgniter\Model->insert(Array)
#8 C:\xampp\htdocs\TugasPBL\PBLS3\system\CodeIgniter.php(919): App\Controllers\LaporanController->submit_laporan()
#9 C:\xampp\htdocs\TugasPBL\PBLS3\system\CodeIgniter.php(494): CodeIgniter\CodeIgniter->runController(Object(App\Controllers\LaporanController))
#10 C:\xampp\htdocs\TugasPBL\PBLS3\system\CodeIgniter.php(353): CodeIgniter\CodeIgniter->handleRequest(NULL, Object(Config\Cache), false)
#11 C:\xampp\htdocs\TugasPBL\PBLS3\public\index.php(79): CodeIgniter\CodeIgniter->run()
#12 C:\xampp\htdocs\TugasPBL\PBLS3\system\Commands\Server\rewrite.php(47): require_once('C:\\xampp\\htdocs...')
#13 {main}
CRITICAL - 2023-12-06 07:13:08 --> Unknown column 'siapakah_anda' in 'field list'
in SYSTEMPATH\Database\BaseConnection.php on line 646.
 1 SYSTEMPATH\Database\BaseBuilder.php(2308): CodeIgniter\Database\BaseConnection->query('INSERT INTO `pengaduan` (`siapakah_anda`, `korban`) VALUES (:siapakah_anda:, :korban:)', [...], false)
 2 SYSTEMPATH\Model.php(319): CodeIgniter\Database\BaseBuilder->insert()
 3 SYSTEMPATH\BaseModel.php(788): CodeIgniter\Model->doInsert([...])
 4 SYSTEMPATH\Model.php(715): CodeIgniter\BaseModel->insert([...], true)
 5 APPPATH\Controllers\LaporanController.php(29): CodeIgniter\Model->insert([...])
 6 SYSTEMPATH\CodeIgniter.php(919): App\Controllers\LaporanController->submit_laporan()
 7 SYSTEMPATH\CodeIgniter.php(494): CodeIgniter\CodeIgniter->runController(Object(App\Controllers\LaporanController))
 8 SYSTEMPATH\CodeIgniter.php(353): CodeIgniter\CodeIgniter->handleRequest(null, Object(Config\Cache), false)
 9 FCPATH\index.php(79): CodeIgniter\CodeIgniter->run()
10 SYSTEMPATH\Commands\Server\rewrite.php(47): require_once('C:\\xampp\\htdocs\\TugasPBL\\PBLS3\\public\\index.php')
