CRITICAL - 2023-10-16 23:31:54 --> Invalid file: "pages/beranda.php"
in SYSTEMPATH\Exceptions\FrameworkException.php on line 39.
 1 SYSTEMPATH\View\View.php(214): CodeIgniter\Exceptions\FrameworkException::forInvalidFile('pages/beranda.php')
 2 SYSTEMPATH\Common.php(1188): CodeIgniter\View\View->render('pages/beranda', [], true)
 3 APPPATH\Controllers\Pages.php(23): view('pages/beranda')
 4 APPPATH\Controllers\Pages.php(33): App\Controllers\Pages->tampilkanHalaman('Website PPKS Politala', 'beranda', 'Satuan Satgas Pencegahan dan Penanganan Kekerasan Seksual Universitas Lambung Mangkurat')
 5 SYSTEMPATH\CodeIgniter.php(919): App\Controllers\Pages->index()
 6 SYSTEMPATH\CodeIgniter.php(494): CodeIgniter\CodeIgniter->runController(Object(App\Controllers\Pages))
 7 SYSTEMPATH\CodeIgniter.php(353): CodeIgniter\CodeIgniter->handleRequest(null, Object(Config\Cache), false)
 8 FCPATH\index.php(79): CodeIgniter\CodeIgniter->run()
 9 SYSTEMPATH\Commands\Server\rewrite.php(47): require_once('C:\\xampp\\htdocs\\PBL S3\\public\\index.php')
CRITICAL - 2023-10-16 23:53:26 --> Invalid file: "layout/header.php"
in SYSTEMPATH\Exceptions\FrameworkException.php on line 39.
 1 SYSTEMPATH\View\View.php(214): CodeIgniter\Exceptions\FrameworkException::forInvalidFile('layout/header.php')
 2 SYSTEMPATH\Common.php(1188): CodeIgniter\View\View->render('layout/header', [], true)
 3 APPPATH\Controllers\Pages.php(24): view('layout/header', [...])
 4 APPPATH\Controllers\Pages.php(92): App\Controllers\Pages->tampilkanHalaman('PPKS POLITALA', 'dashboard', 'Dashboard', 'admin')
 5 SYSTEMPATH\CodeIgniter.php(919): App\Controllers\Pages->dashboard()
 6 SYSTEMPATH\CodeIgniter.php(494): CodeIgniter\CodeIgniter->runController(Object(App\Controllers\Pages))
 7 SYSTEMPATH\CodeIgniter.php(353): CodeIgniter\CodeIgniter->handleRequest(null, Object(Config\Cache), false)
 8 FCPATH\index.php(79): CodeIgniter\CodeIgniter->run()
 9 SYSTEMPATH\Commands\Server\rewrite.php(47): require_once('C:\\xampp\\htdocs\\PBL S3\\public\\index.php')
