CRITICAL - 2023-11-30 01:54:47 --> Invalid file: "pages/user/laporkan.php"
in SYSTEMPATH\Exceptions\FrameworkException.php on line 39.
 1 SYSTEMPATH\View\View.php(214): CodeIgniter\Exceptions\FrameworkException::forInvalidFile('pages/user/laporkan.php')
 2 SYSTEMPATH\Common.php(1188): CodeIgniter\View\View->render('pages/user/laporkan', [], true)
 3 APPPATH\Controllers\Pages.php(44): view('pages/user/laporkan')
 4 APPPATH\Controllers\Pages.php(78): App\Controllers\Pages->tampilkanHalaman('Laporkan', 'laporkan', 'Laporkan', 'user')
 5 SYSTEMPATH\CodeIgniter.php(919): App\Controllers\Pages->laporkan()
 6 SYSTEMPATH\CodeIgniter.php(494): CodeIgniter\CodeIgniter->runController(Object(App\Controllers\Pages))
 7 SYSTEMPATH\CodeIgniter.php(353): CodeIgniter\CodeIgniter->handleRequest(null, Object(Config\Cache), false)
 8 FCPATH\index.php(79): CodeIgniter\CodeIgniter->run()
 9 SYSTEMPATH\Commands\Server\rewrite.php(47): require_once('C:\\xampp\\htdocs\\TugasPBL\\PBLS3\\public\\index.php')
CRITICAL - 2023-11-30 01:58:37 --> Invalid file: "pages/user/laporkan.php"
in SYSTEMPATH\Exceptions\FrameworkException.php on line 39.
 1 SYSTEMPATH\View\View.php(214): CodeIgniter\Exceptions\FrameworkException::forInvalidFile('pages/user/laporkan.php')
 2 SYSTEMPATH\Common.php(1188): CodeIgniter\View\View->render('pages/user/laporkan', [], true)
 3 APPPATH\Controllers\Pages.php(44): view('pages/user/laporkan')
 4 APPPATH\Controllers\Pages.php(78): App\Controllers\Pages->tampilkanHalaman('Laporkan', 'laporkan', 'Laporkan', 'user')
 5 SYSTEMPATH\CodeIgniter.php(919): App\Controllers\Pages->laporkan()
 6 SYSTEMPATH\CodeIgniter.php(494): CodeIgniter\CodeIgniter->runController(Object(App\Controllers\Pages))
 7 SYSTEMPATH\CodeIgniter.php(353): CodeIgniter\CodeIgniter->handleRequest(null, Object(Config\Cache), false)
 8 FCPATH\index.php(79): CodeIgniter\CodeIgniter->run()
 9 SYSTEMPATH\Commands\Server\rewrite.php(47): require_once('C:\\xampp\\htdocs\\TugasPBL\\PBLS3\\public\\index.php')
CRITICAL - 2023-11-30 01:59:29 --> Invalid file: "pages/user/laporkan.php"
in SYSTEMPATH\Exceptions\FrameworkException.php on line 39.
 1 SYSTEMPATH\View\View.php(214): CodeIgniter\Exceptions\FrameworkException::forInvalidFile('pages/user/laporkan.php')
 2 SYSTEMPATH\Common.php(1188): CodeIgniter\View\View->render('pages/user/laporkan', [], true)
 3 APPPATH\Controllers\Pages.php(44): view('pages/user/laporkan')
 4 APPPATH\Controllers\Pages.php(78): App\Controllers\Pages->tampilkanHalaman('Laporkan', 'laporkan', 'Laporkan', 'user')
 5 SYSTEMPATH\CodeIgniter.php(919): App\Controllers\Pages->laporkan()
 6 SYSTEMPATH\CodeIgniter.php(494): CodeIgniter\CodeIgniter->runController(Object(App\Controllers\Pages))
 7 SYSTEMPATH\CodeIgniter.php(353): CodeIgniter\CodeIgniter->handleRequest(null, Object(Config\Cache), false)
 8 FCPATH\index.php(79): CodeIgniter\CodeIgniter->run()
 9 SYSTEMPATH\Commands\Server\rewrite.php(47): require_once('C:\\xampp\\htdocs\\TugasPBL\\PBLS3\\public\\index.php')
CRITICAL - 2023-11-30 02:01:58 --> Invalid file: "pages/user/laporkan.php"
in SYSTEMPATH\Exceptions\FrameworkException.php on line 39.
 1 SYSTEMPATH\View\View.php(214): CodeIgniter\Exceptions\FrameworkException::forInvalidFile('pages/user/laporkan.php')
 2 SYSTEMPATH\Common.php(1188): CodeIgniter\View\View->render('pages/user/laporkan', [], true)
 3 APPPATH\Controllers\Pages.php(44): view('pages/user/laporkan')
 4 APPPATH\Controllers\Pages.php(78): App\Controllers\Pages->tampilkanHalaman('Laporkan', 'laporkan', 'Laporkan', 'user')
 5 SYSTEMPATH\CodeIgniter.php(919): App\Controllers\Pages->laporkan()
 6 SYSTEMPATH\CodeIgniter.php(494): CodeIgniter\CodeIgniter->runController(Object(App\Controllers\Pages))
 7 SYSTEMPATH\CodeIgniter.php(353): CodeIgniter\CodeIgniter->handleRequest(null, Object(Config\Cache), false)
 8 FCPATH\index.php(79): CodeIgniter\CodeIgniter->run()
 9 SYSTEMPATH\Commands\Server\rewrite.php(47): require_once('C:\\xampp\\htdocs\\TugasPBL\\PBLS3\\public\\index.php')
CRITICAL - 2023-11-30 02:03:44 --> Undefined property: App\Controllers\Profil::$alamat
in APPPATH\Controllers\Profil.php on line 28.
 1 APPPATH\Controllers\Profil.php(28): CodeIgniter\Debug\Exceptions->errorHandler(2, 'Undefined property: App\\Controllers\\Profil::$alamat', 'C:\\xampp\\htdocs\\TugasPBL\\PBLS3\\app\\Controllers\\Profil.php', 28)
 2 SYSTEMPATH\CodeIgniter.php(919): App\Controllers\Profil->pengantar()
 3 SYSTEMPATH\CodeIgniter.php(494): CodeIgniter\CodeIgniter->runController(Object(App\Controllers\Profil))
 4 SYSTEMPATH\CodeIgniter.php(353): CodeIgniter\CodeIgniter->handleRequest(null, Object(Config\Cache), false)
 5 FCPATH\index.php(79): CodeIgniter\CodeIgniter->run()
 6 SYSTEMPATH\Commands\Server\rewrite.php(47): require_once('C:\\xampp\\htdocs\\TugasPBL\\PBLS3\\public\\index.php')
CRITICAL - 2023-11-30 02:04:13 --> Invalid file: "pages/user/laporkan.php"
in SYSTEMPATH\Exceptions\FrameworkException.php on line 39.
 1 SYSTEMPATH\View\View.php(214): CodeIgniter\Exceptions\FrameworkException::forInvalidFile('pages/user/laporkan.php')
 2 SYSTEMPATH\Common.php(1188): CodeIgniter\View\View->render('pages/user/laporkan', [], true)
 3 APPPATH\Controllers\Pages.php(44): view('pages/user/laporkan')
 4 APPPATH\Controllers\Pages.php(78): App\Controllers\Pages->tampilkanHalaman('Laporkan', 'laporkan', 'Laporkan', 'user')
 5 SYSTEMPATH\CodeIgniter.php(919): App\Controllers\Pages->laporkan()
 6 SYSTEMPATH\CodeIgniter.php(494): CodeIgniter\CodeIgniter->runController(Object(App\Controllers\Pages))
 7 SYSTEMPATH\CodeIgniter.php(353): CodeIgniter\CodeIgniter->handleRequest(null, Object(Config\Cache), false)
 8 FCPATH\index.php(79): CodeIgniter\CodeIgniter->run()
 9 SYSTEMPATH\Commands\Server\rewrite.php(47): require_once('C:\\xampp\\htdocs\\TugasPBL\\PBLS3\\public\\index.php')
CRITICAL - 2023-11-30 02:05:58 --> Invalid file: "pages/user/laporkan.php"
in SYSTEMPATH\Exceptions\FrameworkException.php on line 39.
 1 SYSTEMPATH\View\View.php(214): CodeIgniter\Exceptions\FrameworkException::forInvalidFile('pages/user/laporkan.php')
 2 SYSTEMPATH\Common.php(1188): CodeIgniter\View\View->render('pages/user/laporkan', [], true)
 3 APPPATH\Controllers\Pages.php(44): view('pages/user/laporkan')
 4 APPPATH\Controllers\Pages.php(78): App\Controllers\Pages->tampilkanHalaman('Laporkan', 'laporkan', 'Laporkan', 'user')
 5 SYSTEMPATH\CodeIgniter.php(919): App\Controllers\Pages->laporkan()
 6 SYSTEMPATH\CodeIgniter.php(494): CodeIgniter\CodeIgniter->runController(Object(App\Controllers\Pages))
 7 SYSTEMPATH\CodeIgniter.php(353): CodeIgniter\CodeIgniter->handleRequest(null, Object(Config\Cache), false)
 8 FCPATH\index.php(79): CodeIgniter\CodeIgniter->run()
 9 SYSTEMPATH\Commands\Server\rewrite.php(47): require_once('C:\\xampp\\htdocs\\TugasPBL\\PBLS3\\public\\index.php')
CRITICAL - 2023-11-30 02:08:56 --> Undefined property: App\Controllers\Profil::$alamat
in APPPATH\Controllers\Profil.php on line 28.
 1 APPPATH\Controllers\Profil.php(28): CodeIgniter\Debug\Exceptions->errorHandler(2, 'Undefined property: App\\Controllers\\Profil::$alamat', 'C:\\xampp\\htdocs\\TugasPBL\\PBLS3\\app\\Controllers\\Profil.php', 28)
 2 SYSTEMPATH\CodeIgniter.php(919): App\Controllers\Profil->pengantar()
 3 SYSTEMPATH\CodeIgniter.php(494): CodeIgniter\CodeIgniter->runController(Object(App\Controllers\Profil))
 4 SYSTEMPATH\CodeIgniter.php(353): CodeIgniter\CodeIgniter->handleRequest(null, Object(Config\Cache), false)
 5 FCPATH\index.php(79): CodeIgniter\CodeIgniter->run()
 6 SYSTEMPATH\Commands\Server\rewrite.php(47): require_once('C:\\xampp\\htdocs\\TugasPBL\\PBLS3\\public\\index.php')
CRITICAL - 2023-11-30 02:09:16 --> Invalid file: "pages/user/laporkan.php"
in SYSTEMPATH\Exceptions\FrameworkException.php on line 39.
 1 SYSTEMPATH\View\View.php(214): CodeIgniter\Exceptions\FrameworkException::forInvalidFile('pages/user/laporkan.php')
 2 SYSTEMPATH\Common.php(1188): CodeIgniter\View\View->render('pages/user/laporkan', [], true)
 3 APPPATH\Controllers\Pages.php(44): view('pages/user/laporkan')
 4 APPPATH\Controllers\Pages.php(78): App\Controllers\Pages->tampilkanHalaman('Laporkan', 'laporkan', 'Laporkan', 'user')
 5 SYSTEMPATH\CodeIgniter.php(919): App\Controllers\Pages->laporkan()
 6 SYSTEMPATH\CodeIgniter.php(494): CodeIgniter\CodeIgniter->runController(Object(App\Controllers\Pages))
 7 SYSTEMPATH\CodeIgniter.php(353): CodeIgniter\CodeIgniter->handleRequest(null, Object(Config\Cache), false)
 8 FCPATH\index.php(79): CodeIgniter\CodeIgniter->run()
 9 SYSTEMPATH\Commands\Server\rewrite.php(47): require_once('C:\\xampp\\htdocs\\TugasPBL\\PBLS3\\public\\index.php')
CRITICAL - 2023-11-30 02:10:42 --> Invalid file: "pages/user/laporkan.php"
in SYSTEMPATH\Exceptions\FrameworkException.php on line 39.
 1 SYSTEMPATH\View\View.php(214): CodeIgniter\Exceptions\FrameworkException::forInvalidFile('pages/user/laporkan.php')
 2 SYSTEMPATH\Common.php(1188): CodeIgniter\View\View->render('pages/user/laporkan', [], true)
 3 APPPATH\Controllers\Pages.php(44): view('pages/user/laporkan')
 4 APPPATH\Controllers\Pages.php(78): App\Controllers\Pages->tampilkanHalaman('Laporkan', 'laporkan', 'Laporkan', 'user')
 5 SYSTEMPATH\CodeIgniter.php(919): App\Controllers\Pages->laporkan()
 6 SYSTEMPATH\CodeIgniter.php(494): CodeIgniter\CodeIgniter->runController(Object(App\Controllers\Pages))
 7 SYSTEMPATH\CodeIgniter.php(353): CodeIgniter\CodeIgniter->handleRequest(null, Object(Config\Cache), false)
 8 FCPATH\index.php(79): CodeIgniter\CodeIgniter->run()
 9 SYSTEMPATH\Commands\Server\rewrite.php(47): require_once('C:\\xampp\\htdocs\\TugasPBL\\PBLS3\\public\\index.php')
CRITICAL - 2023-11-30 02:11:49 --> Invalid file: "pages/user/laporkan.php"
in SYSTEMPATH\Exceptions\FrameworkException.php on line 39.
 1 SYSTEMPATH\View\View.php(214): CodeIgniter\Exceptions\FrameworkException::forInvalidFile('pages/user/laporkan.php')
 2 SYSTEMPATH\Common.php(1188): CodeIgniter\View\View->render('pages/user/laporkan', [], true)
 3 APPPATH\Controllers\Pages.php(44): view('pages/user/laporkan')
 4 APPPATH\Controllers\Pages.php(78): App\Controllers\Pages->tampilkanHalaman('Laporkan', 'laporkan', 'Laporkan', 'user')
 5 SYSTEMPATH\CodeIgniter.php(919): App\Controllers\Pages->laporkan()
 6 SYSTEMPATH\CodeIgniter.php(494): CodeIgniter\CodeIgniter->runController(Object(App\Controllers\Pages))
 7 SYSTEMPATH\CodeIgniter.php(353): CodeIgniter\CodeIgniter->handleRequest(null, Object(Config\Cache), false)
 8 FCPATH\index.php(79): CodeIgniter\CodeIgniter->run()
 9 SYSTEMPATH\Commands\Server\rewrite.php(47): require_once('C:\\xampp\\htdocs\\TugasPBL\\PBLS3\\public\\index.php')
CRITICAL - 2023-11-30 02:19:10 --> Invalid file: "pages/user/laporkan.php"
in SYSTEMPATH\Exceptions\FrameworkException.php on line 39.
 1 SYSTEMPATH\View\View.php(214): CodeIgniter\Exceptions\FrameworkException::forInvalidFile('pages/user/laporkan.php')
 2 SYSTEMPATH\Common.php(1188): CodeIgniter\View\View->render('pages/user/laporkan', [], true)
 3 APPPATH\Controllers\Pages.php(44): view('pages/user/laporkan')
 4 APPPATH\Controllers\Pages.php(78): App\Controllers\Pages->tampilkanHalaman('Laporkan', 'laporkan', 'Laporkan', 'user')
 5 SYSTEMPATH\CodeIgniter.php(919): App\Controllers\Pages->laporkan()
 6 SYSTEMPATH\CodeIgniter.php(494): CodeIgniter\CodeIgniter->runController(Object(App\Controllers\Pages))
 7 SYSTEMPATH\CodeIgniter.php(353): CodeIgniter\CodeIgniter->handleRequest(null, Object(Config\Cache), false)
 8 FCPATH\index.php(79): CodeIgniter\CodeIgniter->run()
 9 SYSTEMPATH\Commands\Server\rewrite.php(47): require_once('C:\\xampp\\htdocs\\TugasPBL\\PBLS3\\public\\index.php')
CRITICAL - 2023-11-30 02:21:24 --> Invalid file: "pages/user/laporkan.php"
in SYSTEMPATH\Exceptions\FrameworkException.php on line 39.
 1 SYSTEMPATH\View\View.php(214): CodeIgniter\Exceptions\FrameworkException::forInvalidFile('pages/user/laporkan.php')
 2 SYSTEMPATH\Common.php(1188): CodeIgniter\View\View->render('pages/user/laporkan', [], true)
 3 APPPATH\Controllers\Pages.php(44): view('pages/user/laporkan')
 4 APPPATH\Controllers\Pages.php(78): App\Controllers\Pages->tampilkanHalaman('Laporkan', 'laporkan', 'Laporkan', 'user')
 5 SYSTEMPATH\CodeIgniter.php(919): App\Controllers\Pages->laporkan()
 6 SYSTEMPATH\CodeIgniter.php(494): CodeIgniter\CodeIgniter->runController(Object(App\Controllers\Pages))
 7 SYSTEMPATH\CodeIgniter.php(353): CodeIgniter\CodeIgniter->handleRequest(null, Object(Config\Cache), false)
 8 FCPATH\index.php(79): CodeIgniter\CodeIgniter->run()
 9 SYSTEMPATH\Commands\Server\rewrite.php(47): require_once('C:\\xampp\\htdocs\\TugasPBL\\PBLS3\\public\\index.php')
CRITICAL - 2023-11-30 02:29:36 --> Invalid file: "pages/user/laporkan.php"
in SYSTEMPATH\Exceptions\FrameworkException.php on line 39.
 1 SYSTEMPATH\View\View.php(214): CodeIgniter\Exceptions\FrameworkException::forInvalidFile('pages/user/laporkan.php')
 2 SYSTEMPATH\Common.php(1188): CodeIgniter\View\View->render('pages/user/laporkan', [], true)
 3 APPPATH\Controllers\Pages.php(44): view('pages/user/laporkan')
 4 APPPATH\Controllers\Pages.php(78): App\Controllers\Pages->tampilkanHalaman('Laporkan', 'laporkan', 'Laporkan', 'user')
 5 SYSTEMPATH\CodeIgniter.php(919): App\Controllers\Pages->laporkan()
 6 SYSTEMPATH\CodeIgniter.php(494): CodeIgniter\CodeIgniter->runController(Object(App\Controllers\Pages))
 7 SYSTEMPATH\CodeIgniter.php(353): CodeIgniter\CodeIgniter->handleRequest(null, Object(Config\Cache), false)
 8 FCPATH\index.php(79): CodeIgniter\CodeIgniter->run()
 9 SYSTEMPATH\Commands\Server\rewrite.php(47): require_once('C:\\xampp\\htdocs\\TugasPBL\\PBLS3\\public\\index.php')
CRITICAL - 2023-11-30 03:07:19 --> Invalid file: "pages/user/laporkan.php"
in SYSTEMPATH\Exceptions\FrameworkException.php on line 39.
 1 SYSTEMPATH\View\View.php(214): CodeIgniter\Exceptions\FrameworkException::forInvalidFile('pages/user/laporkan.php')
 2 SYSTEMPATH\Common.php(1188): CodeIgniter\View\View->render('pages/user/laporkan', [], true)
 3 APPPATH\Controllers\Pages.php(44): view('pages/user/laporkan')
 4 APPPATH\Controllers\Pages.php(78): App\Controllers\Pages->tampilkanHalaman('Laporkan', 'laporkan', 'Laporkan', 'user')
 5 SYSTEMPATH\CodeIgniter.php(919): App\Controllers\Pages->laporkan()
 6 SYSTEMPATH\CodeIgniter.php(494): CodeIgniter\CodeIgniter->runController(Object(App\Controllers\Pages))
 7 SYSTEMPATH\CodeIgniter.php(353): CodeIgniter\CodeIgniter->handleRequest(null, Object(Config\Cache), false)
 8 FCPATH\index.php(79): CodeIgniter\CodeIgniter->run()
 9 SYSTEMPATH\Commands\Server\rewrite.php(47): require_once('C:\\xampp\\htdocs\\TugasPBL\\PBLS3\\public\\index.php')
CRITICAL - 2023-11-30 03:07:45 --> Invalid file: "pages/user/laporkan.php"
in SYSTEMPATH\Exceptions\FrameworkException.php on line 39.
 1 SYSTEMPATH\View\View.php(214): CodeIgniter\Exceptions\FrameworkException::forInvalidFile('pages/user/laporkan.php')
 2 SYSTEMPATH\Common.php(1188): CodeIgniter\View\View->render('pages/user/laporkan', [], true)
 3 APPPATH\Controllers\Pages.php(44): view('pages/user/laporkan')
 4 APPPATH\Controllers\Pages.php(78): App\Controllers\Pages->tampilkanHalaman('Laporkan', 'laporkan', 'Laporkan', 'user')
 5 SYSTEMPATH\CodeIgniter.php(919): App\Controllers\Pages->laporkan()
 6 SYSTEMPATH\CodeIgniter.php(494): CodeIgniter\CodeIgniter->runController(Object(App\Controllers\Pages))
 7 SYSTEMPATH\CodeIgniter.php(353): CodeIgniter\CodeIgniter->handleRequest(null, Object(Config\Cache), false)
 8 FCPATH\index.php(79): CodeIgniter\CodeIgniter->run()
 9 SYSTEMPATH\Commands\Server\rewrite.php(47): require_once('C:\\xampp\\htdocs\\TugasPBL\\PBLS3\\public\\index.php')
CRITICAL - 2023-11-30 03:14:16 --> Invalid file: "pages/user/laporkan.php"
in SYSTEMPATH\Exceptions\FrameworkException.php on line 39.
 1 SYSTEMPATH\View\View.php(214): CodeIgniter\Exceptions\FrameworkException::forInvalidFile('pages/user/laporkan.php')
 2 SYSTEMPATH\Common.php(1188): CodeIgniter\View\View->render('pages/user/laporkan', [], true)
 3 APPPATH\Controllers\Pages.php(44): view('pages/user/laporkan')
 4 APPPATH\Controllers\Pages.php(78): App\Controllers\Pages->tampilkanHalaman('Laporkan', 'laporkan', 'Laporkan', 'user')
 5 SYSTEMPATH\CodeIgniter.php(919): App\Controllers\Pages->laporkan()
 6 SYSTEMPATH\CodeIgniter.php(494): CodeIgniter\CodeIgniter->runController(Object(App\Controllers\Pages))
 7 SYSTEMPATH\CodeIgniter.php(353): CodeIgniter\CodeIgniter->handleRequest(null, Object(Config\Cache), false)
 8 FCPATH\index.php(79): CodeIgniter\CodeIgniter->run()
 9 SYSTEMPATH\Commands\Server\rewrite.php(47): require_once('C:\\xampp\\htdocs\\TugasPBL\\PBLS3\\public\\index.php')
CRITICAL - 2023-11-30 03:31:25 --> Invalid file: "pages/user/laporkan.php"
in SYSTEMPATH\Exceptions\FrameworkException.php on line 39.
 1 SYSTEMPATH\View\View.php(214): CodeIgniter\Exceptions\FrameworkException::forInvalidFile('pages/user/laporkan.php')
 2 SYSTEMPATH\Common.php(1188): CodeIgniter\View\View->render('pages/user/laporkan', [], true)
 3 APPPATH\Controllers\Pages.php(44): view('pages/user/laporkan')
 4 APPPATH\Controllers\Pages.php(78): App\Controllers\Pages->tampilkanHalaman('Laporkan', 'laporkan', 'Laporkan', 'user')
 5 SYSTEMPATH\CodeIgniter.php(919): App\Controllers\Pages->laporkan()
 6 SYSTEMPATH\CodeIgniter.php(494): CodeIgniter\CodeIgniter->runController(Object(App\Controllers\Pages))
 7 SYSTEMPATH\CodeIgniter.php(353): CodeIgniter\CodeIgniter->handleRequest(null, Object(Config\Cache), false)
 8 FCPATH\index.php(79): CodeIgniter\CodeIgniter->run()
 9 SYSTEMPATH\Commands\Server\rewrite.php(47): require_once('C:\\xampp\\htdocs\\TugasPBL\\PBLS3\\public\\index.php')
