CRITICAL - 2023-11-12 14:04:28 --> Invalid file: "pages/admin/ManejementAkun.php"
in SYSTEMPATH\Exceptions\FrameworkException.php on line 39.
 1 SYSTEMPATH\View\View.php(214): CodeIgniter\Exceptions\FrameworkException::forInvalidFile('pages/admin/ManejementAkun.php')
 2 SYSTEMPATH\Common.php(1188): CodeIgniter\View\View->render('pages/admin/ManejementAkun', [], true)
 3 APPPATH\Controllers\Pages.php(136): view('pages/admin/ManejementAkun')
 4 SYSTEMPATH\CodeIgniter.php(919): App\Controllers\Pages->mAkun()
 5 SYSTEMPATH\CodeIgniter.php(494): CodeIgniter\CodeIgniter->runController(Object(App\Controllers\Pages))
 6 SYSTEMPATH\CodeIgniter.php(353): CodeIgniter\CodeIgniter->handleRequest(null, Object(Config\Cache), false)
 7 FCPATH\index.php(79): CodeIgniter\CodeIgniter->run()
 8 SYSTEMPATH\Commands\Server\rewrite.php(47): require_once('C:\\xampp\\htdocs\\PBL S3\\public\\index.php')
CRITICAL - 2023-11-12 14:04:52 --> Invalid file: "pages/admin/ManejementAkun.php"
in SYSTEMPATH\Exceptions\FrameworkException.php on line 39.
 1 SYSTEMPATH\View\View.php(214): CodeIgniter\Exceptions\FrameworkException::forInvalidFile('pages/admin/ManejementAkun.php')
 2 SYSTEMPATH\Common.php(1188): CodeIgniter\View\View->render('pages/admin/ManejementAkun', [], true)
 3 APPPATH\Controllers\Pages.php(136): view('pages/admin/ManejementAkun')
 4 SYSTEMPATH\CodeIgniter.php(919): App\Controllers\Pages->mAkun()
 5 SYSTEMPATH\CodeIgniter.php(494): CodeIgniter\CodeIgniter->runController(Object(App\Controllers\Pages))
 6 SYSTEMPATH\CodeIgniter.php(353): CodeIgniter\CodeIgniter->handleRequest(null, Object(Config\Cache), false)
 7 FCPATH\index.php(79): CodeIgniter\CodeIgniter->run()
 8 SYSTEMPATH\Commands\Server\rewrite.php(47): require_once('C:\\xampp\\htdocs\\PBL S3\\public\\index.php')
CRITICAL - 2023-11-12 14:05:27 --> Invalid file: "pages/admin/ManejementAkun.php"
in SYSTEMPATH\Exceptions\FrameworkException.php on line 39.
 1 SYSTEMPATH\View\View.php(214): CodeIgniter\Exceptions\FrameworkException::forInvalidFile('pages/admin/ManejementAkun.php')
 2 SYSTEMPATH\Common.php(1188): CodeIgniter\View\View->render('pages/admin/ManejementAkun', [], true)
 3 APPPATH\Controllers\Pages.php(136): view('pages/admin/ManejementAkun')
 4 SYSTEMPATH\CodeIgniter.php(919): App\Controllers\Pages->mAkun()
 5 SYSTEMPATH\CodeIgniter.php(494): CodeIgniter\CodeIgniter->runController(Object(App\Controllers\Pages))
 6 SYSTEMPATH\CodeIgniter.php(353): CodeIgniter\CodeIgniter->handleRequest(null, Object(Config\Cache), false)
 7 FCPATH\index.php(79): CodeIgniter\CodeIgniter->run()
 8 SYSTEMPATH\Commands\Server\rewrite.php(47): require_once('C:\\xampp\\htdocs\\PBL S3\\public\\index.php')
CRITICAL - 2023-11-12 14:06:33 --> Invalid file: "pages/Admin/ManejementAkun.php"
in SYSTEMPATH\Exceptions\FrameworkException.php on line 39.
 1 SYSTEMPATH\View\View.php(214): CodeIgniter\Exceptions\FrameworkException::forInvalidFile('pages/Admin/ManejementAkun.php')
 2 SYSTEMPATH\Common.php(1188): CodeIgniter\View\View->render('pages/Admin/ManejementAkun', [], true)
 3 APPPATH\Controllers\Pages.php(136): view('pages/Admin/ManejementAkun')
 4 SYSTEMPATH\CodeIgniter.php(919): App\Controllers\Pages->mAkun()
 5 SYSTEMPATH\CodeIgniter.php(494): CodeIgniter\CodeIgniter->runController(Object(App\Controllers\Pages))
 6 SYSTEMPATH\CodeIgniter.php(353): CodeIgniter\CodeIgniter->handleRequest(null, Object(Config\Cache), false)
 7 FCPATH\index.php(79): CodeIgniter\CodeIgniter->run()
 8 SYSTEMPATH\Commands\Server\rewrite.php(47): require_once('C:\\xampp\\htdocs\\PBL S3\\public\\index.php')
CRITICAL - 2023-11-12 14:06:36 --> Invalid file: "pages/Admin/ManejementAkun.php"
in SYSTEMPATH\Exceptions\FrameworkException.php on line 39.
 1 SYSTEMPATH\View\View.php(214): CodeIgniter\Exceptions\FrameworkException::forInvalidFile('pages/Admin/ManejementAkun.php')
 2 SYSTEMPATH\Common.php(1188): CodeIgniter\View\View->render('pages/Admin/ManejementAkun', [], true)
 3 APPPATH\Controllers\Pages.php(136): view('pages/Admin/ManejementAkun')
 4 SYSTEMPATH\CodeIgniter.php(919): App\Controllers\Pages->mAkun()
 5 SYSTEMPATH\CodeIgniter.php(494): CodeIgniter\CodeIgniter->runController(Object(App\Controllers\Pages))
 6 SYSTEMPATH\CodeIgniter.php(353): CodeIgniter\CodeIgniter->handleRequest(null, Object(Config\Cache), false)
 7 FCPATH\index.php(79): CodeIgniter\CodeIgniter->run()
 8 SYSTEMPATH\Commands\Server\rewrite.php(47): require_once('C:\\xampp\\htdocs\\PBL S3\\public\\index.php')
CRITICAL - 2023-11-12 14:19:04 --> Class 'app\Models\UserModel' not found
in APPPATH\Controllers\Pages.php on line 19.
 1 SYSTEMPATH\CodeIgniter.php(891): App\Controllers\Pages->__construct()
 2 SYSTEMPATH\CodeIgniter.php(485): CodeIgniter\CodeIgniter->createController()
 3 SYSTEMPATH\CodeIgniter.php(353): CodeIgniter\CodeIgniter->handleRequest(null, Object(Config\Cache), false)
 4 FCPATH\index.php(79): CodeIgniter\CodeIgniter->run()
 5 SYSTEMPATH\Commands\Server\rewrite.php(47): require_once('C:\\xampp\\htdocs\\PBL S3\\public\\index.php')
CRITICAL - 2023-11-12 14:20:43 --> Class 'app\Models\UserModel' not found
in APPPATH\Controllers\Pages.php on line 19.
 1 SYSTEMPATH\CodeIgniter.php(891): App\Controllers\Pages->__construct()
 2 SYSTEMPATH\CodeIgniter.php(485): CodeIgniter\CodeIgniter->createController()
 3 SYSTEMPATH\CodeIgniter.php(353): CodeIgniter\CodeIgniter->handleRequest(null, Object(Config\Cache), false)
 4 FCPATH\index.php(79): CodeIgniter\CodeIgniter->run()
 5 SYSTEMPATH\Commands\Server\rewrite.php(47): require_once('C:\\xampp\\htdocs\\PBL S3\\public\\index.php')
CRITICAL - 2023-11-12 14:20:45 --> Class 'app\Models\UserModel' not found
in APPPATH\Controllers\Pages.php on line 19.
 1 SYSTEMPATH\CodeIgniter.php(891): App\Controllers\Pages->__construct()
 2 SYSTEMPATH\CodeIgniter.php(485): CodeIgniter\CodeIgniter->createController()
 3 SYSTEMPATH\CodeIgniter.php(353): CodeIgniter\CodeIgniter->handleRequest(null, Object(Config\Cache), false)
 4 FCPATH\index.php(79): CodeIgniter\CodeIgniter->run()
 5 SYSTEMPATH\Commands\Server\rewrite.php(47): require_once('C:\\xampp\\htdocs\\PBL S3\\public\\index.php')
CRITICAL - 2023-11-12 14:23:25 --> Class 'app\Models\UserModel' not found
in APPPATH\Controllers\Pages.php on line 19.
 1 SYSTEMPATH\CodeIgniter.php(891): App\Controllers\Pages->__construct()
 2 SYSTEMPATH\CodeIgniter.php(485): CodeIgniter\CodeIgniter->createController()
 3 SYSTEMPATH\CodeIgniter.php(353): CodeIgniter\CodeIgniter->handleRequest(null, Object(Config\Cache), false)
 4 FCPATH\index.php(79): CodeIgniter\CodeIgniter->run()
 5 SYSTEMPATH\Commands\Server\rewrite.php(47): require_once('C:\\xampp\\htdocs\\PBL S3\\public\\index.php')
CRITICAL - 2023-11-12 14:23:35 --> Class 'app\Models\UserModel' not found
in APPPATH\Controllers\Pages.php on line 19.
 1 SYSTEMPATH\CodeIgniter.php(891): App\Controllers\Pages->__construct()
 2 SYSTEMPATH\CodeIgniter.php(485): CodeIgniter\CodeIgniter->createController()
 3 SYSTEMPATH\CodeIgniter.php(353): CodeIgniter\CodeIgniter->handleRequest(null, Object(Config\Cache), false)
 4 FCPATH\index.php(79): CodeIgniter\CodeIgniter->run()
 5 SYSTEMPATH\Commands\Server\rewrite.php(47): require_once('C:\\xampp\\htdocs\\PBL S3\\public\\index.php')
CRITICAL - 2023-11-12 14:26:00 --> Class 'app\Models\UserModel' not found
in APPPATH\Controllers\Pages.php on line 19.
 1 SYSTEMPATH\CodeIgniter.php(891): App\Controllers\Pages->__construct()
 2 SYSTEMPATH\CodeIgniter.php(485): CodeIgniter\CodeIgniter->createController()
 3 SYSTEMPATH\CodeIgniter.php(353): CodeIgniter\CodeIgniter->handleRequest(null, Object(Config\Cache), false)
 4 FCPATH\index.php(79): CodeIgniter\CodeIgniter->run()
 5 SYSTEMPATH\Commands\Server\rewrite.php(47): require_once('C:\\xampp\\htdocs\\PBL S3\\public\\index.php')
CRITICAL - 2023-11-12 14:26:12 --> Class 'app\Models\UserModel' not found
in APPPATH\Controllers\Pages.php on line 133.
 1 SYSTEMPATH\CodeIgniter.php(919): App\Controllers\Pages->mAkun()
 2 SYSTEMPATH\CodeIgniter.php(494): CodeIgniter\CodeIgniter->runController(Object(App\Controllers\Pages))
 3 SYSTEMPATH\CodeIgniter.php(353): CodeIgniter\CodeIgniter->handleRequest(null, Object(Config\Cache), false)
 4 FCPATH\index.php(79): CodeIgniter\CodeIgniter->run()
 5 SYSTEMPATH\Commands\Server\rewrite.php(47): require_once('C:\\xampp\\htdocs\\PBL S3\\public\\index.php')
